#
# There is insufficient memory for the Java Runtime Environment to continue.
# Native memory allocation (malloc) failed to allocate 140464 bytes for Chunk::new
# Possible reasons:
#   The system is out of physical RAM or swap space
#   In 32 bit mode, the process size limit was hit
# Possible solutions:
#   Reduce memory load on the system
#   Increase physical memory or swap space
#   Check if swap backing store is full
#   Use 64 bit Java on a 64 bit OS
#   Decrease Java heap size (-Xmx/-Xms)
#   Decrease number of Java threads
#   Decrease Java thread stack sizes (-Xss)
#   Set larger code cache with -XX:ReservedCodeCacheSize=
# This output file may be truncated or incomplete.
#
#  Out of Memory Error (allocation.cpp:390), pid=14616, tid=13668
#
# JRE version: Java(TM) SE Runtime Environment (8.0_45-b15) (build 1.8.0_45-b15)
# Java VM: Java HotSpot(TM) 64-Bit Server VM (25.45-b02 mixed mode windows-amd64 compressed oops)
# Failed to write core dump. Minidumps are not enabled by default on client versions of Windows
#

---------------  T H R E A D  ---------------

Current thread (0x0000000019501000):  JavaThread "C2 CompilerThread1" daemon [_thread_in_native, id=13668, stack(0x0000000019900000,0x0000000019a00000)]

Stack: [0x0000000019900000,0x0000000019a00000]
Native frames: (J=compiled Java code, j=interpreted, Vv=VM code, C=native code)
V  [jvm.dll+0x32b57a]
V  [jvm.dll+0x279873]
V  [jvm.dll+0x27a509]
V  [jvm.dll+0x271825]
V  [jvm.dll+0xcb9e2]
V  [jvm.dll+0xcbeac]
V  [jvm.dll+0x4929e7]
V  [jvm.dll+0x45f5b9]
V  [jvm.dll+0x46a73b]
V  [jvm.dll+0x46cd52]
V  [jvm.dll+0x4500f2]
V  [jvm.dll+0xa4352]
V  [jvm.dll+0xa4c8f]
V  [jvm.dll+0x241984]
V  [jvm.dll+0x29853a]
C  [msvcr100.dll+0x21d9f]
C  [msvcr100.dll+0x21e3b]
C  [KERNEL32.DLL+0x18102]
C  [ntdll.dll+0x5c5b4]


Current CompileTask:
C2:  10901 4099       4       java.util.TimSort::mergeHi (732 bytes)


---------------  P R O C E S S  ---------------

Java Threads: ( => current thread )
  0x000000001a075800 JavaThread "Prism Font Disposer" daemon [_thread_blocked, id=16560, stack(0x0000000022da0000,0x0000000022ea0000)]
  0x0000000019d7e000 JavaThread "JavaFX-Launcher" [_thread_blocked, id=8260, stack(0x000000001ef60000,0x000000001f060000)]
  0x0000000019d7b800 JavaThread "Thread-2" daemon [_thread_in_native, id=14416, stack(0x000000001ee60000,0x000000001ef60000)]
  0x00000000198fa800 JavaThread "JavaFX Application Thread" [_thread_in_vm, id=1160, stack(0x000000001a7d0000,0x000000001a8d0000)]
  0x00000000198f8000 JavaThread "Thread-1" daemon [_thread_blocked, id=8220, stack(0x000000001a6d0000,0x000000001a7d0000)]
  0x00000000198db800 JavaThread "QuantumRenderer-0" daemon [_thread_blocked, id=15908, stack(0x000000001a500000,0x000000001a600000)]
  0x000000001958d800 JavaThread "Service Thread" daemon [_thread_blocked, id=15892, stack(0x0000000019b00000,0x0000000019c00000)]
  0x0000000019510000 JavaThread "C1 CompilerThread2" daemon [_thread_blocked, id=4728, stack(0x0000000019a00000,0x0000000019b00000)]
=>0x0000000019501000 JavaThread "C2 CompilerThread1" daemon [_thread_in_native, id=13668, stack(0x0000000019900000,0x0000000019a00000)]
  0x0000000017efc800 JavaThread "C2 CompilerThread0" daemon [_thread_in_native, id=12596, stack(0x0000000019400000,0x0000000019500000)]
  0x0000000017eb0800 JavaThread "Attach Listener" daemon [_thread_blocked, id=3212, stack(0x0000000019300000,0x0000000019400000)]
  0x0000000017eaf800 JavaThread "Signal Dispatcher" daemon [_thread_blocked, id=10400, stack(0x0000000019200000,0x0000000019300000)]
  0x0000000003337800 JavaThread "Finalizer" daemon [_thread_blocked, id=15040, stack(0x0000000019100000,0x0000000019200000)]
  0x000000000332e800 JavaThread "Reference Handler" daemon [_thread_blocked, id=14260, stack(0x0000000019000000,0x0000000019100000)]
  0x0000000002c6e000 JavaThread "main" [_thread_blocked, id=15192, stack(0x0000000003140000,0x0000000003240000)]

Other Threads:
  0x0000000017e67000 VMThread [stack: 0x0000000018f00000,0x0000000019000000] [id=17344]
  0x00000000195a0800 WatcherThread [stack: 0x0000000019c00000,0x0000000019d00000] [id=15404]

VM state:not at safepoint (normal execution)

VM Mutex/Monitor currently owned by a thread: None

Heap:
 PSYoungGen      total 109568K, used 17442K [0x00000000d5d00000, 0x00000000e0d80000, 0x0000000100000000)
  eden space 100352K, 11% used [0x00000000d5d00000,0x00000000d689f418,0x00000000dbf00000)
  from space 9216K, 60% used [0x00000000dbf00000,0x00000000dc469570,0x00000000dc800000)
  to   space 9216K, 0% used [0x00000000e0480000,0x00000000e0480000,0x00000000e0d80000)
 ParOldGen       total 56320K, used 11350K [0x0000000081600000, 0x0000000084d00000, 0x00000000d5d00000)
  object space 56320K, 20% used [0x0000000081600000,0x0000000082115870,0x0000000084d00000)
 Metaspace       used 21905K, capacity 23426K, committed 23680K, reserved 1069056K
  class space    used 3078K, capacity 3386K, committed 3456K, reserved 1048576K

Card table byte_map: [0x0000000012700000,0x0000000012b00000] byte_map_base: 0x00000000122f5000

Marking Bits: (ParMarkBitMap*) 0x000000005aee4040
 Begin Bits: [0x00000000131b0000, 0x0000000015158000)
 End Bits:   [0x0000000015158000, 0x0000000017100000)

Polling page: 0x0000000002b90000

CodeCache: size=245760Kb used=12118Kb max_used=12118Kb free=233641Kb
 bounds [0x0000000003340000, 0x0000000003f20000, 0x0000000012340000]
 total_blobs=4729 nmethods=4033 adapters=607
 compilation: enabled

Compilation events (10 events):
Event: 10.845 Thread 0x0000000019501000 nmethod 4085 0x0000000003f11910 code [0x0000000003f11a80, 0x0000000003f11df8]
Event: 10.845 Thread 0x0000000019501000 4084       4       com.sun.javafx.geom.RectBounds::makeEmpty (5 bytes)
Event: 10.845 Thread 0x0000000019501000 nmethod 4084 0x0000000003ef9550 code [0x0000000003ef9680, 0x0000000003ef96f8]
Event: 10.845 Thread 0x0000000019501000 4086       4       com.sun.prism.impl.ps.BaseShaderContext::setRenderTarget (278 bytes)
Event: 10.848 Thread 0x0000000019501000 nmethod 4086 0x0000000003f1a010 code [0x0000000003f1a180, 0x0000000003f1a4b8]
Event: 10.848 Thread 0x0000000019501000 4099       4       java.util.TimSort::mergeHi (732 bytes)
Event: 10.866 Thread 0x0000000019510000 4100       1       com.sun.scenario.animation.AbstractMasterTimer::access$600 (5 bytes)
Event: 10.866 Thread 0x0000000019510000 nmethod 4100 0x0000000003ef5910 code [0x0000000003ef5a60, 0x0000000003ef5b50]
Event: 10.866 Thread 0x0000000019510000 4101       1       com.sun.scenario.animation.AbstractMasterTimer::access$700 (5 bytes)
Event: 10.866 Thread 0x0000000019510000 nmethod 4101 0x0000000003f07810 code [0x0000000003f07960, 0x0000000003f07a50]

GC Heap History (10 events):
Event: 4.606 GC heap before
{Heap before GC invocations=4 (full 1):
 PSYoungGen      total 38400K, used 5099K [0x00000000d5d00000, 0x00000000da800000, 0x0000000100000000)
  eden space 33280K, 0% used [0x00000000d5d00000,0x00000000d5d00000,0x00000000d7d80000)
  from space 5120K, 99% used [0x00000000d7d80000,0x00000000d827aea0,0x00000000d8280000)
  to   space 5120K, 0% used [0x00000000da300000,0x00000000da300000,0x00000000da800000)
 ParOldGen       total 87552K, used 4874K [0x0000000081600000, 0x0000000086b80000, 0x00000000d5d00000)
  object space 87552K, 5% used [0x0000000081600000,0x0000000081ac2bc0,0x0000000086b80000)
 Metaspace       used 19770K, capacity 21078K, committed 21248K, reserved 1067008K
  class space    used 2942K, capacity 3205K, committed 3328K, reserved 1048576K
Event: 4.653 GC heap after
Heap after GC invocations=4 (full 1):
 PSYoungGen      total 38400K, used 0K [0x00000000d5d00000, 0x00000000da800000, 0x0000000100000000)
  eden space 33280K, 0% used [0x00000000d5d00000,0x00000000d5d00000,0x00000000d7d80000)
  from space 5120K, 0% used [0x00000000d7d80000,0x00000000d7d80000,0x00000000d8280000)
  to   space 5120K, 0% used [0x00000000da300000,0x00000000da300000,0x00000000da800000)
 ParOldGen       total 56320K, used 9727K [0x0000000081600000, 0x0000000084d00000, 0x00000000d5d00000)
  object space 56320K, 17% used [0x0000000081600000,0x0000000081f7fde0,0x0000000084d00000)
 Metaspace       used 19770K, capacity 21078K, committed 21248K, reserved 1067008K
  class space    used 2942K, capacity 3205K, committed 3328K, reserved 1048576K
}
Event: 5.487 GC heap before
{Heap before GC invocations=5 (full 1):
 PSYoungGen      total 38400K, used 33280K [0x00000000d5d00000, 0x00000000da800000, 0x0000000100000000)
  eden space 33280K, 100% used [0x00000000d5d00000,0x00000000d7d80000,0x00000000d7d80000)
  from space 5120K, 0% used [0x00000000d7d80000,0x00000000d7d80000,0x00000000d8280000)
  to   space 5120K, 0% used [0x00000000da300000,0x00000000da300000,0x00000000da800000)
 ParOldGen       total 56320K, used 9727K [0x0000000081600000, 0x0000000084d00000, 0x00000000d5d00000)
  object space 56320K, 17% used [0x0000000081600000,0x0000000081f7fde0,0x0000000084d00000)
 Metaspace       used 21398K, capacity 22850K, committed 23168K, reserved 1069056K
  class space    used 3049K, capacity 3336K, committed 3456K, reserved 1048576K
Event: 5.502 GC heap after
Heap after GC invocations=5 (full 1):
 PSYoungGen      total 63488K, used 5093K [0x00000000d5d00000, 0x00000000da800000, 0x0000000100000000)
  eden space 58368K, 0% used [0x00000000d5d00000,0x00000000d5d00000,0x00000000d9600000)
  from space 5120K, 99% used [0x00000000da300000,0x00000000da7f9570,0x00000000da800000)
  to   space 5120K, 0% used [0x00000000d9e00000,0x00000000d9e00000,0x00000000da300000)
 ParOldGen       total 56320K, used 11246K [0x0000000081600000, 0x0000000084d00000, 0x00000000d5d00000)
  object space 56320K, 19% used [0x0000000081600000,0x00000000820fb870,0x0000000084d00000)
 Metaspace       used 21398K, capacity 22850K, committed 23168K, reserved 1069056K
  class space    used 3049K, capacity 3336K, committed 3456K, reserved 1048576K
}
Event: 7.941 GC heap before
{Heap before GC invocations=6 (full 1):
 PSYoungGen      total 63488K, used 63461K [0x00000000d5d00000, 0x00000000da800000, 0x0000000100000000)
  eden space 58368K, 100% used [0x00000000d5d00000,0x00000000d9600000,0x00000000d9600000)
  from space 5120K, 99% used [0x00000000da300000,0x00000000da7f9570,0x00000000da800000)
  to   space 5120K, 0% used [0x00000000d9e00000,0x00000000d9e00000,0x00000000da300000)
 ParOldGen       total 56320K, used 11246K [0x0000000081600000, 0x0000000084d00000, 0x00000000d5d00000)
  object space 56320K, 19% used [0x0000000081600000,0x00000000820fb870,0x0000000084d00000)
 Metaspace       used 21615K, capacity 23060K, committed 23424K, reserved 1069056K
  class space    used 3061K, capacity 3341K, committed 3456K, reserved 1048576K
Event: 7.950 GC heap after
Heap after GC invocations=6 (full 1):
 PSYoungGen      total 71680K, used 5093K [0x00000000d5d00000, 0x00000000dd180000, 0x0000000100000000)
  eden space 66560K, 0% used [0x00000000d5d00000,0x00000000d5d00000,0x00000000d9e00000)
  from space 5120K, 99% used [0x00000000d9e00000,0x00000000da2f9570,0x00000000da300000)
  to   space 9728K, 0% used [0x00000000dc800000,0x00000000dc800000,0x00000000dd180000)
 ParOldGen       total 56320K, used 11334K [0x0000000081600000, 0x0000000084d00000, 0x00000000d5d00000)
  object space 56320K, 20% used [0x0000000081600000,0x0000000082111870,0x0000000084d00000)
 Metaspace       used 21615K, capacity 23060K, committed 23424K, reserved 1069056K
  class space    used 3061K, capacity 3341K, committed 3456K, reserved 1048576K
}
Event: 9.490 GC heap before
{Heap before GC invocations=7 (full 1):
 PSYoungGen      total 71680K, used 71653K [0x00000000d5d00000, 0x00000000dd180000, 0x0000000100000000)
  eden space 66560K, 100% used [0x00000000d5d00000,0x00000000d9e00000,0x00000000d9e00000)
  from space 5120K, 99% used [0x00000000d9e00000,0x00000000da2f9570,0x00000000da300000)
  to   space 9728K, 0% used [0x00000000dc800000,0x00000000dc800000,0x00000000dd180000)
 ParOldGen       total 56320K, used 11334K [0x0000000081600000, 0x0000000084d00000, 0x00000000d5d00000)
  object space 56320K, 20% used [0x0000000081600000,0x0000000082111870,0x0000000084d00000)
 Metaspace       used 21834K, capacity 23362K, committed 23680K, reserved 1069056K
  class space    used 3078K, capacity 3386K, committed 3456K, reserved 1048576K
Event: 9.499 GC heap after
Heap after GC invocations=7 (full 1):
 PSYoungGen      total 110080K, used 5509K [0x00000000d5d00000, 0x00000000ddb00000, 0x0000000100000000)
  eden space 100352K, 0% used [0x00000000d5d00000,0x00000000d5d00000,0x00000000dbf00000)
  from space 9728K, 56% used [0x00000000dc800000,0x00000000dcd61570,0x00000000dd180000)
  to   space 9216K, 0% used [0x00000000dbf00000,0x00000000dbf00000,0x00000000dc800000)
 ParOldGen       total 56320K, used 11342K [0x0000000081600000, 0x0000000084d00000, 0x00000000d5d00000)
  object space 56320K, 20% used [0x0000000081600000,0x0000000082113870,0x0000000084d00000)
 Metaspace       used 21834K, capacity 23362K, committed 23680K, reserved 1069056K
  class space    used 3078K, capacity 3386K, committed 3456K, reserved 1048576K
}
Event: 10.850 GC heap before
{Heap before GC invocations=8 (full 1):
 PSYoungGen      total 110080K, used 105861K [0x00000000d5d00000, 0x00000000ddb00000, 0x0000000100000000)
  eden space 100352K, 100% used [0x00000000d5d00000,0x00000000dbf00000,0x00000000dbf00000)
  from space 9728K, 56% used [0x00000000dc800000,0x00000000dcd61570,0x00000000dd180000)
  to   space 9216K, 0% used [0x00000000dbf00000,0x00000000dbf00000,0x00000000dc800000)
 ParOldGen       total 56320K, used 11342K [0x0000000081600000, 0x0000000084d00000, 0x00000000d5d00000)
  object space 56320K, 20% used [0x0000000081600000,0x0000000082113870,0x0000000084d00000)
 Metaspace       used 21905K, capacity 23426K, committed 23680K, reserved 1069056K
  class space    used 3078K, capacity 3386K, committed 3456K, reserved 1048576K
Event: 10.860 GC heap after
Heap after GC invocations=8 (full 1):
 PSYoungGen      total 109568K, used 5541K [0x00000000d5d00000, 0x00000000e0d80000, 0x0000000100000000)
  eden space 100352K, 0% used [0x00000000d5d00000,0x00000000d5d00000,0x00000000dbf00000)
  from space 9216K, 60% used [0x00000000dbf00000,0x00000000dc469570,0x00000000dc800000)
  to   space 9216K, 0% used [0x00000000e0480000,0x00000000e0480000,0x00000000e0d80000)
 ParOldGen       total 56320K, used 11350K [0x0000000081600000, 0x0000000084d00000, 0x00000000d5d00000)
  object space 56320K, 20% used [0x0000000081600000,0x0000000082115870,0x0000000084d00000)
 Metaspace       used 21905K, capacity 23426K, committed 23680K, reserved 1069056K
  class space    used 3078K, capacity 3386K, committed 3456K, reserved 1048576K
}

Deoptimization events (10 events):
Event: 9.758 Thread 0x00000000198db800 Uncommon trap: reason=array_check action=maybe_recompile pc=0x0000000003e304f8 method=java.util.TimSort.reverseRange([Ljava/lang/Object;II)V @ 20
Event: 9.779 Thread 0x00000000198db800 Uncommon trap: reason=array_check action=maybe_recompile pc=0x0000000003e36a68 method=java.util.TimSort.reverseRange([Ljava/lang/Object;II)V @ 27
Event: 9.779 Thread 0x00000000198db800 Uncommon trap: reason=array_check action=maybe_recompile pc=0x0000000003e36a68 method=java.util.TimSort.reverseRange([Ljava/lang/Object;II)V @ 27
Event: 9.951 Thread 0x00000000198fa800 Uncommon trap: reason=predicate action=maybe_recompile pc=0x0000000003e464e4 method=javafx.scene.CssStyleHelper.transitionToState(Ljavafx/scene/Node;)V @ 296
Event: 9.951 Thread 0x00000000198fa800 Uncommon trap: reason=unstable_if action=reinterpret pc=0x00000000039c31c4 method=javafx.scene.CssStyleHelper.getStyle(Ljavafx/css/Styleable;Ljava/lang/String;Lcom/sun/javafx/css/StyleMap;Ljava/util/Set;)Lcom/sun/javafx/css/CascadingStyle; @ 8
Event: 10.746 Thread 0x00000000198db800 Uncommon trap: reason=array_check action=maybe_recompile pc=0x0000000003f0c3c0 method=java.util.TimSort.mergeHi(IIII)V @ 101
Event: 10.746 Thread 0x00000000198db800 Uncommon trap: reason=array_check action=maybe_recompile pc=0x0000000003f0c3c0 method=java.util.TimSort.mergeHi(IIII)V @ 101
Event: 10.746 Thread 0x00000000198db800 Uncommon trap: reason=array_check action=maybe_recompile pc=0x0000000003f0c3c0 method=java.util.TimSort.mergeHi(IIII)V @ 101
Event: 10.746 Thread 0x00000000198db800 Uncommon trap: reason=array_check action=maybe_recompile pc=0x0000000003f0c3c0 method=java.util.TimSort.mergeHi(IIII)V @ 101
Event: 10.840 Thread 0x00000000198db800 Uncommon trap: reason=predicate action=maybe_recompile pc=0x0000000003f1c1a8 method=java.util.TimSort.mergeHi(IIII)V @ 191

Internal exceptions (10 events):
Event: 0.237 Thread 0x0000000002c6e000 Exception <a 'java/security/PrivilegedActionException'> (0x00000000d60daae0) thrown at [C:\re\workspace\8-2-build-windows-amd64-cygwin\jdk8u45\3627\hotspot\src\share\vm\prims\jvm.cpp, line 1382]
Event: 0.237 Thread 0x0000000002c6e000 Exception <a 'java/security/PrivilegedActionException'> (0x00000000d60dac98) thrown at [C:\re\workspace\8-2-build-windows-amd64-cygwin\jdk8u45\3627\hotspot\src\share\vm\prims\jvm.cpp, line 1382]
Event: 0.238 Thread 0x0000000002c6e000 Exception <a 'java/lang/NullPointerException'> (0x00000000d60db218) thrown at [C:\re\workspace\8-2-build-windows-amd64-cygwin\jdk8u45\3627\hotspot\src\share\vm\interpreter\linkResolver.cpp, line 1178]
Event: 0.484 Thread 0x00000000198fa800 Exception <a 'java/lang/NullPointerException'> (0x00000000d6a78768) thrown at [C:\re\workspace\8-2-build-windows-amd64-cygwin\jdk8u45\3627\hotspot\src\share\vm\interpreter\linkResolver.cpp, line 1178]
Event: 0.484 Thread 0x00000000198fa800 Exception <a 'java/lang/NullPointerException'> (0x00000000d6a78768) thrown at [C:\re\workspace\8-2-build-windows-amd64-cygwin\jdk8u45\3627\hotspot\src\share\vm\prims\jvm.cpp, line 1386]
Event: 0.625 Thread 0x00000000198fa800 Implicit null exception at 0x00000000035c73f5 to 0x00000000035c75c5
Event: 0.665 Thread 0x00000000198fa800 Implicit null exception at 0x0000000003579156 to 0x0000000003579485
Event: 1.154 Thread 0x00000000198fa800 Exception <a 'java/io/FileNotFoundException'> (0x00000000d7a7eb58) thrown at [C:\re\workspace\8-2-build-windows-amd64-cygwin\jdk8u45\3627\hotspot\src\share\vm\prims\jni.cpp, line 709]
Event: 8.184 Thread 0x00000000198fa800 Implicit null exception at 0x0000000003c7f629 to 0x0000000003c7fb11
Event: 9.317 Thread 0x00000000198fa800 Implicit null exception at 0x0000000003db2010 to 0x0000000003db2091

Events (10 events):
Event: 10.746 Thread 0x00000000198db800 Uncommon trap: trap_request=0xffffffd6 fr.pc=0x0000000003f0c3c0
Event: 10.746 Thread 0x00000000198db800 DEOPT PACKING pc=0x0000000003f0c3c0 sp=0x000000001a5fa480
Event: 10.746 Thread 0x00000000198db800 DEOPT UNPACKING pc=0x000000000338582a sp=0x000000001a5fa470 mode 2
Event: 10.840 Thread 0x00000000198db800 Uncommon trap: trap_request=0xffffff86 fr.pc=0x0000000003f1c1a8
Event: 10.840 Thread 0x00000000198db800 DEOPT PACKING pc=0x0000000003f1c1a8 sp=0x000000001a5fa5b0
Event: 10.840 Thread 0x00000000198db800 DEOPT UNPACKING pc=0x000000000338582a sp=0x000000001a5fa5c8 mode 2
Event: 10.850 Executing VM operation: ParallelGCFailedAllocation
Event: 10.860 Executing VM operation: ParallelGCFailedAllocation done
Event: 10.860 Executing VM operation: RevokeBias
Event: 10.860 Executing VM operation: RevokeBias done


Dynamic libraries:
0x00007ff618920000 - 0x00007ff618957000 	C:\Program Files\Java\jdk1.8.0_45\bin\java.exe
0x00007ffbf0720000 - 0x00007ffbf08e1000 	C:\WINDOWS\SYSTEM32\ntdll.dll
0x00007ffbf0000000 - 0x00007ffbf00ad000 	C:\WINDOWS\system32\KERNEL32.DLL
0x00007ffbed610000 - 0x00007ffbed7f8000 	C:\WINDOWS\system32\KERNELBASE.dll
0x00007ffbf0240000 - 0x00007ffbf02e7000 	C:\WINDOWS\system32\ADVAPI32.dll
0x00007ffbef990000 - 0x00007ffbefa2d000 	C:\WINDOWS\system32\msvcrt.dll
0x00007ffbeff40000 - 0x00007ffbeff9b000 	C:\WINDOWS\system32\sechost.dll
0x00007ffbef5f0000 - 0x00007ffbef70c000 	C:\WINDOWS\system32\RPCRT4.dll
0x00007ffbefde0000 - 0x00007ffbeff36000 	C:\WINDOWS\system32\USER32.dll
0x00007ffbf00b0000 - 0x00007ffbf0236000 	C:\WINDOWS\system32\GDI32.dll
0x00007ffbda200000 - 0x00007ffbda474000 	C:\WINDOWS\WinSxS\amd64_microsoft.windows.common-controls_6595b64144ccf1df_6.0.10586.672_none_a2d6b3cea53ff843\COMCTL32.dll
0x00007ffbefb60000 - 0x00007ffbefddd000 	C:\WINDOWS\system32\combase.dll
0x00007ffbed800000 - 0x00007ffbed86a000 	C:\WINDOWS\system32\bcryptPrimitives.dll
0x00007ffbef710000 - 0x00007ffbef74b000 	C:\WINDOWS\system32\IMM32.DLL
0x000000005a600000 - 0x000000005a6d2000 	C:\Program Files\Java\jdk1.8.0_45\jre\bin\msvcr100.dll
0x000000005a6e0000 - 0x000000005af63000 	C:\Program Files\Java\jdk1.8.0_45\jre\bin\server\jvm.dll
0x00007ffbedb00000 - 0x00007ffbedb08000 	C:\WINDOWS\system32\PSAPI.DLL
0x00007ffbdee00000 - 0x00007ffbdee09000 	C:\WINDOWS\SYSTEM32\WSOCK32.dll
0x00007ffbeb1f0000 - 0x00007ffbeb213000 	C:\WINDOWS\SYSTEM32\WINMM.dll
0x00007ffbedb10000 - 0x00007ffbedb7b000 	C:\WINDOWS\system32\WS2_32.dll
0x00007ffbde630000 - 0x00007ffbde63a000 	C:\WINDOWS\SYSTEM32\VERSION.dll
0x00007ffbeb1c0000 - 0x00007ffbeb1ec000 	C:\WINDOWS\SYSTEM32\WINMMBASE.dll
0x00007ffbecee0000 - 0x00007ffbecf23000 	C:\WINDOWS\system32\cfgmgr32.dll
0x000000005a5b0000 - 0x000000005a5bf000 	C:\Program Files\Java\jdk1.8.0_45\jre\bin\verify.dll
0x000000005a580000 - 0x000000005a5a9000 	C:\Program Files\Java\jdk1.8.0_45\jre\bin\java.dll
0x000000005a560000 - 0x000000005a576000 	C:\Program Files\Java\jdk1.8.0_45\jre\bin\zip.dll
0x00007ffbedc90000 - 0x00007ffbef1ec000 	C:\WINDOWS\system32\SHELL32.dll
0x00007ffbecf30000 - 0x00007ffbed575000 	C:\WINDOWS\system32\windows.storage.dll
0x00007ffbeffa0000 - 0x00007ffbefff2000 	C:\WINDOWS\system32\shlwapi.dll
0x00007ffbecd40000 - 0x00007ffbecd4f000 	C:\WINDOWS\system32\kernel.appcore.dll
0x00007ffbeda40000 - 0x00007ffbedaf5000 	C:\WINDOWS\system32\shcore.dll
0x00007ffbecd50000 - 0x00007ffbecd9b000 	C:\WINDOWS\system32\powrprof.dll
0x00007ffbecd20000 - 0x00007ffbecd34000 	C:\WINDOWS\system32\profapi.dll
0x000000005a130000 - 0x000000005a15c000 	C:\Program Files\Java\jdk1.8.0_45\jre\bin\prism_d3d.dll
0x00007ffbbae80000 - 0x00007ffbbb090000 	C:\WINDOWS\system32\d3d9.dll
0x00007ffbea810000 - 0x00007ffbea832000 	C:\WINDOWS\SYSTEM32\dwmapi.dll
0x00007ffbeb470000 - 0x00007ffbeb506000 	C:\WINDOWS\system32\uxtheme.dll
0x00007ffbabf50000 - 0x00007ffbae48d000 	C:\WINDOWS\SYSTEM32\igdumdim64.dll
0x00007ffbef8c0000 - 0x00007ffbef986000 	C:\WINDOWS\system32\OLEAUT32.dll
0x00007ffbef4a0000 - 0x00007ffbef5e3000 	C:\WINDOWS\system32\ole32.dll
0x00007ffbf02f0000 - 0x00007ffbf0719000 	C:\WINDOWS\system32\SETUPAPI.dll
0x000000005a210000 - 0x000000005a251000 	C:\Program Files\Java\jdk1.8.0_45\jre\bin\glass.dll
0x00007ffbefa30000 - 0x00007ffbefb3b000 	C:\WINDOWS\system32\COMDLG32.dll
0x00007ffbed580000 - 0x00007ffbed606000 	C:\WINDOWS\system32\FirewallAPI.dll
0x00007ffbece60000 - 0x00007ffbece77000 	C:\WINDOWS\system32\NETAPI32.dll
0x00007ffbe4760000 - 0x00007ffbe476c000 	C:\WINDOWS\SYSTEM32\DAVHLPR.DLL
0x00007ffbeb870000 - 0x00007ffbeb8a2000 	C:\WINDOWS\SYSTEM32\fwbase.dll
0x00007ffbef760000 - 0x00007ffbef8ba000 	C:\WINDOWS\system32\MSCTF.dll
0x00007ffbe7dd0000 - 0x00007ffbe8810000 	C:\WINDOWS\SYSTEM32\igdusc64.dll
0x000000005a110000 - 0x000000005a125000 	C:\Program Files\Java\jdk1.8.0_45\jre\bin\javafx_font.dll
0x00007ffbe0a00000 - 0x00007ffbe0c5f000 	C:\WINDOWS\SYSTEM32\dwrite.dll
0x00007ffbedbe0000 - 0x00007ffbedc87000 	C:\WINDOWS\system32\clbcatq.dll
0x00007ffbea020000 - 0x00007ffbea1d1000 	C:\WINDOWS\SYSTEM32\WindowsCodecs.dll
0x00007ffbd02d0000 - 0x00007ffbd031a000 	C:\WINDOWS\system32\dataexchange.dll
0x00007ffbeaf30000 - 0x00007ffbeb013000 	C:\WINDOWS\system32\dcomp.dll
0x00007ffbea560000 - 0x00007ffbea808000 	C:\WINDOWS\system32\d3d11.dll
0x00007ffbea4b0000 - 0x00007ffbea552000 	C:\WINDOWS\system32\dxgi.dll
0x00007ffbeb610000 - 0x00007ffbeb710000 	C:\WINDOWS\system32\twinapi.appcore.dll
0x00007ffbec920000 - 0x00007ffbec949000 	C:\WINDOWS\system32\bcrypt.dll
0x00007ffbe4630000 - 0x00007ffbe4664000 	C:\Program Files\Common Files\Microsoft Shared\Ink\rtscom.dll
0x000000005a0f0000 - 0x000000005a101000 	C:\Program Files\Java\jdk1.8.0_45\jre\bin\prism_common.dll
0x00007ffbeabb0000 - 0x00007ffbead36000 	C:\WINDOWS\system32\propsys.dll
0x00007ffbd0a50000 - 0x00007ffbd0af3000 	C:\Program Files\Common Files\microsoft shared\ink\tiptsf.dll
0x00007ffbebe40000 - 0x00007ffbebe90000 	C:\WINDOWS\SYSTEM32\edputil.dll
0x00007ffbe0e50000 - 0x00007ffbe0ea5000 	C:\WINDOWS\SYSTEM32\policymanager.dll
0x00007ffbe34c0000 - 0x00007ffbe3552000 	C:\WINDOWS\SYSTEM32\msvcp110_win.dll
0x00007ffbcedb0000 - 0x00007ffbcf250000 	C:\WINDOWS\system32\explorerframe.dll
0x00007ffbc54a0000 - 0x00007ffbc5653000 	C:\WINDOWS\system32\DUI70.dll
0x00007ffbdfab0000 - 0x00007ffbdfb48000 	C:\WINDOWS\system32\DUser.dll
0x00007ffbcdd40000 - 0x00007ffbcdd8d000 	C:\Windows\System32\thumbcache.dll
0x00007ffbe0810000 - 0x00007ffbe0995000 	C:\Windows\System32\Windows.Globalization.dll
0x00007ffbe2dc0000 - 0x00007ffbe2e27000 	C:\Windows\System32\Bcp47Langs.dll
0x00007ffbd7740000 - 0x00007ffbd7770000 	C:\WINDOWS\SYSTEM32\globinputhost.dll
0x00007ffbc5730000 - 0x00007ffbc57dc000 	C:\WINDOWS\System32\StructuredQuery.dll
0x00007ffbdbb60000 - 0x00007ffbdbff3000 	C:\Windows\System32\ActXPrxy.dll
0x00007ffbc7640000 - 0x00007ffbc7650000 	C:\WINDOWS\SYSTEM32\atlthunk.dll
0x00007ffbc5660000 - 0x00007ffbc572c000 	C:\WINDOWS\system32\Windows.Storage.Search.dll
0x00007ffbcd630000 - 0x00007ffbcd639000 	C:\WINDOWS\system32\IconCodecService.dll
0x00007ffbd7cb0000 - 0x00007ffbd7ccb000 	C:\WINDOWS\SYSTEM32\MPR.dll
0x00007ffbeb2c0000 - 0x00007ffbeb2cb000 	C:\WINDOWS\System32\drprov.dll
0x00007ffbebd90000 - 0x00007ffbebde6000 	C:\WINDOWS\System32\WINSTA.dll
0x00007ffbeb2a0000 - 0x00007ffbeb2b6000 	C:\WINDOWS\System32\ntlanman.dll
0x00007ffbdf890000 - 0x00007ffbdf8b0000 	C:\WINDOWS\System32\davclnt.dll
0x00007ffbe89f0000 - 0x00007ffbe8a06000 	C:\WINDOWS\System32\wkscli.dll
0x00007ffbde420000 - 0x00007ffbde432000 	C:\WINDOWS\SYSTEM32\cscapi.dll
0x00007ffbec190000 - 0x00007ffbec19c000 	C:\WINDOWS\System32\netutils.dll
0x00007ffbd2a00000 - 0x00007ffbd2ab1000 	C:\Windows\System32\twinapi.dll
0x00007ffbeb2e0000 - 0x00007ffbeb359000 	C:\WINDOWS\SYSTEM32\apphelp.dll
0x00007ffbc4f60000 - 0x00007ffbc4fdf000 	C:\Windows\System32\dlnashext.dll
0x00007ffbc9910000 - 0x00007ffbc9984000 	C:\Windows\System32\PlayToDevice.dll
0x00007ffbdd750000 - 0x00007ffbdd76f000 	C:\Windows\System32\DevDispItemProvider.dll
0x00007ffbef3a0000 - 0x00007ffbef40f000 	C:\WINDOWS\system32\coml2.dll
0x00007ffbce220000 - 0x00007ffbce22d000 	C:\WINDOWS\SYSTEM32\LINKINFO.dll
0x00007ffbe9920000 - 0x00007ffbe9990000 	C:\WINDOWS\System32\MMDevApi.dll
0x00007ffbeb510000 - 0x00007ffbeb537000 	C:\WINDOWS\System32\DEVOBJ.dll
0x00007ffbe9cb0000 - 0x00007ffbe9d51000 	C:\Windows\System32\PortableDeviceApi.dll
0x00007ffbece80000 - 0x00007ffbeced5000 	C:\WINDOWS\system32\WINTRUST.dll
0x00007ffbecda0000 - 0x00007ffbecdb0000 	C:\WINDOWS\system32\MSASN1.dll
0x00007ffbed870000 - 0x00007ffbeda38000 	C:\WINDOWS\system32\CRYPT32.dll
0x00007ffbcc440000 - 0x00007ffbcc477000 	C:\Windows\System32\EhStorShell.dll
0x00007ffbdd0e0000 - 0x00007ffbdd106000 	C:\Windows\System32\EhStorAPI.dll
0x00007ffbeaad0000 - 0x00007ffbeaae3000 	C:\Windows\System32\WTSAPI32.dll
0x00007ffbcc8d0000 - 0x00007ffbcca62000 	C:\Users\zhaotingyi\AppData\Local\Microsoft\OneDrive\17.3.6301.0127\amd64\FileSyncShell64.dll
0x00007ffbcc730000 - 0x00007ffbcc7d6000 	C:\Users\zhaotingyi\AppData\Local\Microsoft\OneDrive\17.3.6301.0127\amd64\MSVCP120.dll
0x00007ffbcc7e0000 - 0x00007ffbcc8cf000 	C:\Users\zhaotingyi\AppData\Local\Microsoft\OneDrive\17.3.6301.0127\amd64\MSVCR120.dll
0x00007ffbdf040000 - 0x00007ffbdf337000 	C:\WINDOWS\SYSTEM32\WININET.dll
0x00007ffbcda30000 - 0x00007ffbcda59000 	C:\Program Files (x86)\Baofeng\StormPlayer\BFDesktopShell64.dll
0x00007ffbcc370000 - 0x00007ffbcc436000 	C:\WINDOWS\System32\cscui.dll
0x00007ffbcacc0000 - 0x00007ffbcace3000 	C:\WINDOWS\system32\mssprxy.dll
0x00007ffbc0190000 - 0x00007ffbc02b7000 	C:\WINDOWS\system32\NetworkExplorer.dll
0x00007ffbcdeb0000 - 0x00007ffbcdf8b000 	C:\WINDOWS\SYSTEM32\ntshrui.dll
0x00007ffbeca30000 - 0x00007ffbeca5d000 	C:\WINDOWS\SYSTEM32\SspiCli.dll
0x00007ffbde380000 - 0x00007ffbde3a6000 	C:\WINDOWS\SYSTEM32\srvcli.dll
0x00007ffbc19a0000 - 0x00007ffbc1b2c000 	C:\WINDOWS\SYSTEM32\dbghelp.dll

VM Arguments:
jvm_args: -Dfile.encoding=UTF-8 
java_command: tam.TAManagerApp
java_class_path (initial): C:\Users\zhaotingyi\Desktop\HW1_Solution\PropertiesManager\build\classes;C:\Users\zhaotingyi\Desktop\HW1_Solution\DesktopJavaFramework\build\classes;C:\Users\zhaotingyi\Desktop\HW1_Solution\javax.json-1.0.4.jar;C:\Users\zhaotingyi\Desktop\HW1_Solution\TAManager_Solution\build\classes
Launcher Type: SUN_STANDARD

Environment Variables:
JAVA_HOME=C:\Program Files (x86)\Java\jdk1.8.0_40
CLASSPATH=.;C:\Program Files (x86)\Java\jdk1.8.0_40\lib
PATH=C:\Program Files\Common Files\Siemens\Automation\Simatic OAM\bin;\C:\Program Files (x86)\Java\jdk1.8.0_40\bin;C:\ProgramData\Oracle\Java\javapath;C:\Program Files (x86)\NVIDIA Corporation\PhysX\Common;C:\Windows\system32;C:\Windows;C:\Windows\System32\Wbem;C:\Windows\System32\WindowsPowerShell\v1.0\;C:\Program Files (x86)\Java\jdk1.8.0_05\bin;C:\Program Files (x86)\Java\jdk1.8.0_05\jre\bin;C:\Program Files (x86)\PharosSystems\Core;C:\WINDOWS\system32;C:\WINDOWS;C:\WINDOWS\System32\Wbem;C:\WINDOWS\System32\WindowsPowerShell\v1.0\;C:\Program Files (x86)\Skype\Phone\;C:\Program Files\nodejs\;C:\CTEX\UserData\miktex\bin;C:\CTEX\MiKTeX\miktex\bin;C:\CTEX\CTeX\ctex\bin;C:\CTEX\CTeX\cct\bin;C:\CTEX\CTeX\ty\bin;C:\CTEX\Ghostscript\gs9.05\bin;C:\CTEX\GSview\gsview;C:\CTEX\WinEdt;\C:\Program Files (x86)\Java\jdk1.8.0_40\bin;C:\ProgramData\Oracle\Java\javapath;C:\Program Files (x86)\NVIDIA Corporation\PhysX\Common;C:\Windows\system32;C:\Windows;C:\Windows\System32\Wbem;C:\Windows\System32\WindowsPowerShell\v1.0\;C:\Program Files (x86)\Java\jdk1.8.0_05\bin;C:\Program Files (x86)\Java\jdk1.8.0_05\jre\bin;C:\Program Files (x86)\PharosSystems\Core;C:\WINDOWS\system32;C:\WINDOWS;C:\WINDOWS\System32\Wbem;C:\WINDOWS\System32\WindowsPowerShell\v1.0\;C:\Program Files (x86)\IDM Computer Solutions\UltraEdit\;C:\Users\zhaotingyi\AppData\Roaming\npm
USERNAME=zhaotingyi
OS=Windows_NT
PROCESSOR_IDENTIFIER=Intel64 Family 6 Model 69 Stepping 1, GenuineIntel



---------------  S Y S T E M  ---------------

OS: Windows 10.0 , 64 bit Build 10586 (10.0.10586.589)

CPU:total 4 (2 cores per cpu, 2 threads per core) family 6 model 69 stepping 1, cmov, cx8, fxsr, mmx, sse, sse2, sse3, ssse3, sse4.1, sse4.2, popcnt, avx, avx2, aes, clmul, erms, lzcnt, ht, tsc, tscinvbit, bmi1, bmi2

Memory: 4k page, physical 8295104k(3274576k free), swap 16683712k(4084k free)

vm_info: Java HotSpot(TM) 64-Bit Server VM (25.45-b02) for windows-amd64 JRE (1.8.0_45-b15), built on Apr 30 2015 12:40:44 by "java_re" with MS VC++ 10.0 (VS2010)

time: Sun Mar 12 07:27:35 2017
elapsed time: 10 seconds (0d 0h 0m 10s)

