#
# There is insufficient memory for the Java Runtime Environment to continue.
# Native memory allocation (malloc) failed to allocate 762736 bytes for Chunk::new
# Possible reasons:
#   The system is out of physical RAM or swap space
#   In 32 bit mode, the process size limit was hit
# Possible solutions:
#   Reduce memory load on the system
#   Increase physical memory or swap space
#   Check if swap backing store is full
#   Use 64 bit Java on a 64 bit OS
#   Decrease Java heap size (-Xmx/-Xms)
#   Decrease number of Java threads
#   Decrease Java thread stack sizes (-Xss)
#   Set larger code cache with -XX:ReservedCodeCacheSize=
# This output file may be truncated or incomplete.
#
#  Out of Memory Error (allocation.cpp:390), pid=5252, tid=9616
#
# JRE version: Java(TM) SE Runtime Environment (8.0_45-b15) (build 1.8.0_45-b15)
# Java VM: Java HotSpot(TM) 64-Bit Server VM (25.45-b02 mixed mode windows-amd64 compressed oops)
# Failed to write core dump. Minidumps are not enabled by default on client versions of Windows
#

---------------  T H R E A D  ---------------

Current thread (0x000000001725d000):  JavaThread "C2 CompilerThread1" daemon [_thread_in_native, id=9616, stack(0x0000000018c90000,0x0000000018d90000)]

Stack: [0x0000000018c90000,0x0000000018d90000]
Native frames: (J=compiled Java code, j=interpreted, Vv=VM code, C=native code)
V  [jvm.dll+0x32b57a]
V  [jvm.dll+0x279873]
V  [jvm.dll+0x27a509]
V  [jvm.dll+0x271825]
V  [jvm.dll+0xcb9e2]
V  [jvm.dll+0xcbeac]
V  [jvm.dll+0x49298c]
V  [jvm.dll+0x45f6ff]
V  [jvm.dll+0x46a73b]
V  [jvm.dll+0x46cd52]
V  [jvm.dll+0x4500f2]
V  [jvm.dll+0xa4352]
V  [jvm.dll+0xa4c8f]
V  [jvm.dll+0x241984]
V  [jvm.dll+0x29853a]
C  [msvcr100.dll+0x21d9f]
C  [msvcr100.dll+0x21e3b]
C  [KERNEL32.DLL+0x18102]
C  [ntdll.dll+0x5c5b4]


Current CompileTask:
C2:  24857 5222       4       com.sun.javafx.text.GlyphLayout::breakRuns (955 bytes)


---------------  P R O C E S S  ---------------

Java Threads: ( => current thread )
  0x0000000019690800 JavaThread "Prism Font Disposer" daemon [_thread_blocked, id=11400, stack(0x00000000221f0000,0x00000000222f0000)]
  0x000000001897d800 JavaThread "Thread-3" daemon [_thread_in_native, id=4384, stack(0x000000001e2c0000,0x000000001e3c0000)]
  0x000000001897c800 JavaThread "JavaFX-Launcher" [_thread_blocked, id=10404, stack(0x000000001e3c0000,0x000000001e4c0000)]
  0x0000000019373000 JavaThread "JavaFX Application Thread" [_thread_in_native, id=8904, stack(0x0000000019c30000,0x0000000019d30000)]
  0x0000000019372800 JavaThread "Thread-1" daemon [_thread_blocked, id=15832, stack(0x0000000019b30000,0x0000000019c30000)]
  0x000000001890b000 JavaThread "QuantumRenderer-0" daemon [_thread_blocked, id=4656, stack(0x0000000019090000,0x0000000019190000)]
  0x000000001729e000 JavaThread "Service Thread" daemon [_thread_blocked, id=2824, stack(0x0000000018e90000,0x0000000018f90000)]
  0x0000000017264800 JavaThread "C1 CompilerThread2" daemon [_thread_blocked, id=9256, stack(0x0000000018d90000,0x0000000018e90000)]
=>0x000000001725d000 JavaThread "C2 CompilerThread1" daemon [_thread_in_native, id=9616, stack(0x0000000018c90000,0x0000000018d90000)]
  0x000000001724f800 JavaThread "C2 CompilerThread0" daemon [_thread_blocked, id=9296, stack(0x0000000018b90000,0x0000000018c90000)]
  0x00000000185d3000 JavaThread "Attach Listener" daemon [_thread_blocked, id=9976, stack(0x0000000018a90000,0x0000000018b90000)]
  0x00000000185d2800 JavaThread "Signal Dispatcher" daemon [_thread_blocked, id=16752, stack(0x0000000018990000,0x0000000018a90000)]
  0x00000000026a8000 JavaThread "Finalizer" daemon [_thread_blocked, id=11828, stack(0x0000000018490000,0x0000000018590000)]
  0x000000000269f800 JavaThread "Reference Handler" daemon [_thread_blocked, id=15420, stack(0x0000000018390000,0x0000000018490000)]
  0x00000000025ae000 JavaThread "main" [_thread_blocked, id=6612, stack(0x00000000024a0000,0x00000000025a0000)]

Other Threads:
  0x0000000017207000 VMThread [stack: 0x0000000018290000,0x0000000018390000] [id=9692]
  0x000000001862d000 WatcherThread [stack: 0x0000000018f90000,0x0000000019090000] [id=2636]

VM state:not at safepoint (normal execution)

VM Mutex/Monitor currently owned by a thread: None

Heap:
 PSYoungGen      total 171520K, used 126011K [0x00000000d5d00000, 0x00000000e1400000, 0x0000000100000000)
  eden space 162816K, 76% used [0x00000000d5d00000,0x00000000dd6a6f50,0x00000000dfc00000)
  from space 8704K, 16% used [0x00000000dfc00000,0x00000000dfd68000,0x00000000e0480000)
  to   space 8192K, 0% used [0x00000000e0c00000,0x00000000e0c00000,0x00000000e1400000)
 ParOldGen       total 59392K, used 16378K [0x0000000081600000, 0x0000000085000000, 0x00000000d5d00000)
  object space 59392K, 27% used [0x0000000081600000,0x00000000825fea28,0x0000000085000000)
 Metaspace       used 22285K, capacity 23834K, committed 23936K, reserved 1069056K
  class space    used 3085K, capacity 3392K, committed 3456K, reserved 1048576K

Card table byte_map: [0x0000000011a70000,0x0000000011e70000] byte_map_base: 0x0000000011665000

Marking Bits: (ParMarkBitMap*) 0x000000005aee4040
 Begin Bits: [0x0000000012520000, 0x00000000144c8000)
 End Bits:   [0x00000000144c8000, 0x0000000016470000)

Polling page: 0x0000000000560000

CodeCache: size=245760Kb used=15686Kb max_used=17276Kb free=230073Kb
 bounds [0x00000000026b0000, 0x00000000037a0000, 0x00000000116b0000]
 total_blobs=5122 nmethods=4420 adapters=613
 compilation: enabled

Compilation events (10 events):
Event: 24.746 Thread 0x000000001724f800 5223       4       java.util.Collections$EmptyList::iterator (4 bytes)
Event: 24.746 Thread 0x000000001724f800 nmethod 5223 0x0000000003235650 code [0x0000000003235780, 0x00000000032357f8]
Event: 24.747 Thread 0x0000000017264800 5224       3       javafx.scene.control.SkinBase::snappedTopInset (8 bytes)
Event: 24.747 Thread 0x0000000017264800 nmethod 5224 0x00000000037984d0 code [0x0000000003798640, 0x0000000003798870]
Event: 24.748 Thread 0x000000001724f800 5225       4       com.sun.javafx.text.PrismTextLayout::setWrapWidth (106 bytes)
Event: 24.748 Thread 0x0000000017264800 5226       3       javafx.scene.layout.GridPane::computeMinWidths (315 bytes)
Event: 24.750 Thread 0x000000001724f800 nmethod 5225 0x0000000002ca5810 code [0x0000000002ca59a0, 0x0000000002ca5bd8]
Event: 24.756 Thread 0x0000000017264800 nmethod 5226 0x0000000003091310 code [0x0000000003091a80, 0x00000000030968a8]
Event: 24.756 Thread 0x0000000017264800 5227       3       javafx.scene.layout.GridPane::computeMinHeights (301 bytes)
Event: 24.760 Thread 0x0000000017264800 nmethod 5227 0x00000000030e7350 code [0x00000000030e7940, 0x00000000030eb538]

GC Heap History (10 events):
Event: 17.576 GC heap before
{Heap before GC invocations=16 (full 1):
 PSYoungGen      total 158720K, used 152800K [0x00000000d5d00000, 0x00000000e0400000, 0x0000000100000000)
  eden space 151552K, 100% used [0x00000000d5d00000,0x00000000df100000,0x00000000df100000)
  from space 7168K, 17% used [0x00000000dfd00000,0x00000000dfe38000,0x00000000e0400000)
  to   space 9728K, 0% used [0x00000000df100000,0x00000000df100000,0x00000000dfa80000)
 ParOldGen       total 59392K, used 16357K [0x0000000081600000, 0x0000000085000000, 0x00000000d5d00000)
  object space 59392K, 27% used [0x0000000081600000,0x00000000825f9568,0x0000000085000000)
 Metaspace       used 22161K, capacity 23686K, committed 23936K, reserved 1069056K
  class space    used 3079K, capacity 3386K, committed 3456K, reserved 1048576K
Event: 17.579 GC heap after
Heap after GC invocations=16 (full 1):
 PSYoungGen      total 161280K, used 1312K [0x00000000d5d00000, 0x00000000e0400000, 0x0000000100000000)
  eden space 151552K, 0% used [0x00000000d5d00000,0x00000000d5d00000,0x00000000df100000)
  from space 9728K, 13% used [0x00000000df100000,0x00000000df248000,0x00000000dfa80000)
  to   space 7168K, 0% used [0x00000000dfd00000,0x00000000dfd00000,0x00000000e0400000)
 ParOldGen       total 59392K, used 16357K [0x0000000081600000, 0x0000000085000000, 0x00000000d5d00000)
  object space 59392K, 27% used [0x0000000081600000,0x00000000825f9568,0x0000000085000000)
 Metaspace       used 22161K, capacity 23686K, committed 23936K, reserved 1069056K
  class space    used 3079K, capacity 3386K, committed 3456K, reserved 1048576K
}
Event: 20.042 GC heap before
{Heap before GC invocations=17 (full 1):
 PSYoungGen      total 161280K, used 152864K [0x00000000d5d00000, 0x00000000e0400000, 0x0000000100000000)
  eden space 151552K, 100% used [0x00000000d5d00000,0x00000000df100000,0x00000000df100000)
  from space 9728K, 13% used [0x00000000df100000,0x00000000df248000,0x00000000dfa80000)
  to   space 7168K, 0% used [0x00000000dfd00000,0x00000000dfd00000,0x00000000e0400000)
 ParOldGen       total 59392K, used 16357K [0x0000000081600000, 0x0000000085000000, 0x00000000d5d00000)
  object space 59392K, 27% used [0x0000000081600000,0x00000000825f9568,0x0000000085000000)
 Metaspace       used 22169K, capacity 23686K, committed 23936K, reserved 1069056K
  class space    used 3079K, capacity 3386K, committed 3456K, reserved 1048576K
Event: 20.044 GC heap after
Heap after GC invocations=17 (full 1):
 PSYoungGen      total 161792K, used 1312K [0x00000000d5d00000, 0x00000000e1100000, 0x0000000100000000)
  eden space 154624K, 0% used [0x00000000d5d00000,0x00000000d5d00000,0x00000000df400000)
  from space 7168K, 18% used [0x00000000dfd00000,0x00000000dfe48000,0x00000000e0400000)
  to   space 9216K, 0% used [0x00000000df400000,0x00000000df400000,0x00000000dfd00000)
 ParOldGen       total 59392K, used 16357K [0x0000000081600000, 0x0000000085000000, 0x00000000d5d00000)
  object space 59392K, 27% used [0x0000000081600000,0x00000000825f9568,0x0000000085000000)
 Metaspace       used 22169K, capacity 23686K, committed 23936K, reserved 1069056K
  class space    used 3079K, capacity 3386K, committed 3456K, reserved 1048576K
}
Event: 22.095 GC heap before
{Heap before GC invocations=18 (full 1):
 PSYoungGen      total 161792K, used 155936K [0x00000000d5d00000, 0x00000000e1100000, 0x0000000100000000)
  eden space 154624K, 100% used [0x00000000d5d00000,0x00000000df400000,0x00000000df400000)
  from space 7168K, 18% used [0x00000000dfd00000,0x00000000dfe48000,0x00000000e0400000)
  to   space 9216K, 0% used [0x00000000df400000,0x00000000df400000,0x00000000dfd00000)
 ParOldGen       total 59392K, used 16357K [0x0000000081600000, 0x0000000085000000, 0x00000000d5d00000)
  object space 59392K, 27% used [0x0000000081600000,0x00000000825f95a8,0x0000000085000000)
 Metaspace       used 22178K, capacity 23686K, committed 23936K, reserved 1069056K
  class space    used 3079K, capacity 3386K, committed 3456K, reserved 1048576K
Event: 22.098 GC heap after
Heap after GC invocations=18 (full 1):
 PSYoungGen      total 163840K, used 1280K [0x00000000d5d00000, 0x00000000e0d80000, 0x0000000100000000)
  eden space 154624K, 0% used [0x00000000d5d00000,0x00000000d5d00000,0x00000000df400000)
  from space 9216K, 13% used [0x00000000df400000,0x00000000df540000,0x00000000dfd00000)
  to   space 8704K, 0% used [0x00000000e0500000,0x00000000e0500000,0x00000000e0d80000)
 ParOldGen       total 59392K, used 16357K [0x0000000081600000, 0x0000000085000000, 0x00000000d5d00000)
  object space 59392K, 27% used [0x0000000081600000,0x00000000825f95a8,0x0000000085000000)
 Metaspace       used 22178K, capacity 23686K, committed 23936K, reserved 1069056K
  class space    used 3079K, capacity 3386K, committed 3456K, reserved 1048576K
}
Event: 23.238 GC heap before
{Heap before GC invocations=19 (full 1):
 PSYoungGen      total 163840K, used 155904K [0x00000000d5d00000, 0x00000000e0d80000, 0x0000000100000000)
  eden space 154624K, 100% used [0x00000000d5d00000,0x00000000df400000,0x00000000df400000)
  from space 9216K, 13% used [0x00000000df400000,0x00000000df540000,0x00000000dfd00000)
  to   space 8704K, 0% used [0x00000000e0500000,0x00000000e0500000,0x00000000e0d80000)
 ParOldGen       total 59392K, used 16370K [0x0000000081600000, 0x0000000085000000, 0x00000000d5d00000)
  object space 59392K, 27% used [0x0000000081600000,0x00000000825fca28,0x0000000085000000)
 Metaspace       used 22258K, capacity 23770K, committed 23936K, reserved 1069056K
  class space    used 3085K, capacity 3392K, committed 3456K, reserved 1048576K
Event: 23.241 GC heap after
Heap after GC invocations=19 (full 1):
 PSYoungGen      total 171008K, used 1312K [0x00000000d5d00000, 0x00000000e0d00000, 0x0000000100000000)
  eden space 162816K, 0% used [0x00000000d5d00000,0x00000000d5d00000,0x00000000dfc00000)
  from space 8192K, 16% used [0x00000000e0500000,0x00000000e0648000,0x00000000e0d00000)
  to   space 8704K, 0% used [0x00000000dfc00000,0x00000000dfc00000,0x00000000e0480000)
 ParOldGen       total 59392K, used 16370K [0x0000000081600000, 0x0000000085000000, 0x00000000d5d00000)
  object space 59392K, 27% used [0x0000000081600000,0x00000000825fca28,0x0000000085000000)
 Metaspace       used 22258K, capacity 23770K, committed 23936K, reserved 1069056K
  class space    used 3085K, capacity 3392K, committed 3456K, reserved 1048576K
}
Event: 24.169 GC heap before
{Heap before GC invocations=20 (full 1):
 PSYoungGen      total 171008K, used 164128K [0x00000000d5d00000, 0x00000000e0d00000, 0x0000000100000000)
  eden space 162816K, 100% used [0x00000000d5d00000,0x00000000dfc00000,0x00000000dfc00000)
  from space 8192K, 16% used [0x00000000e0500000,0x00000000e0648000,0x00000000e0d00000)
  to   space 8704K, 0% used [0x00000000dfc00000,0x00000000dfc00000,0x00000000e0480000)
 ParOldGen       total 59392K, used 16370K [0x0000000081600000, 0x0000000085000000, 0x00000000d5d00000)
  object space 59392K, 27% used [0x0000000081600000,0x00000000825fca28,0x0000000085000000)
 Metaspace       used 22276K, capacity 23770K, committed 23936K, reserved 1069056K
  class space    used 3085K, capacity 3392K, committed 3456K, reserved 1048576K
Event: 24.172 GC heap after
Heap after GC invocations=20 (full 1):
 PSYoungGen      total 171520K, used 1440K [0x00000000d5d00000, 0x00000000e1400000, 0x0000000100000000)
  eden space 162816K, 0% used [0x00000000d5d00000,0x00000000d5d00000,0x00000000dfc00000)
  from space 8704K, 16% used [0x00000000dfc00000,0x00000000dfd68000,0x00000000e0480000)
  to   space 8192K, 0% used [0x00000000e0c00000,0x00000000e0c00000,0x00000000e1400000)
 ParOldGen       total 59392K, used 16378K [0x0000000081600000, 0x0000000085000000, 0x00000000d5d00000)
  object space 59392K, 27% used [0x0000000081600000,0x00000000825fea28,0x0000000085000000)
 Metaspace       used 22276K, capacity 23770K, committed 23936K, reserved 1069056K
  class space    used 3085K, capacity 3392K, committed 3456K, reserved 1048576K
}

Deoptimization events (10 events):
Event: 22.373 Thread 0x0000000019373000 Uncommon trap: reason=class_check action=maybe_recompile pc=0x0000000002899aa4 method=com.sun.javafx.event.EventHandlerManager.dispatchBubblingEvent(Ljavafx/event/Event;)Ljavafx/event/Event; @ 1
Event: 22.373 Thread 0x0000000019373000 Uncommon trap: reason=class_check action=maybe_recompile pc=0x0000000002899aa4 method=com.sun.javafx.event.EventHandlerManager.dispatchBubblingEvent(Ljavafx/event/Event;)Ljavafx/event/Event; @ 1
Event: 22.380 Thread 0x0000000019373000 Uncommon trap: reason=speculate_class_check action=maybe_recompile pc=0x00000000029b9578 method=com.sun.javafx.scene.EnteredExitedHandler.dispatchCapturingEvent(Ljavafx/event/Event;)Ljavafx/event/Event; @ 12
Event: 22.380 Thread 0x0000000019373000 Uncommon trap: reason=class_check action=maybe_recompile pc=0x0000000002899aa4 method=com.sun.javafx.event.EventHandlerManager.dispatchBubblingEvent(Ljavafx/event/Event;)Ljavafx/event/Event; @ 1
Event: 22.380 Thread 0x0000000019373000 Uncommon trap: reason=class_check action=maybe_recompile pc=0x0000000002899aa4 method=com.sun.javafx.event.EventHandlerManager.dispatchBubblingEvent(Ljavafx/event/Event;)Ljavafx/event/Event; @ 1
Event: 22.422 Thread 0x0000000019373000 Uncommon trap: reason=speculate_class_check action=maybe_recompile pc=0x00000000029b9578 method=com.sun.javafx.scene.EnteredExitedHandler.dispatchCapturingEvent(Ljavafx/event/Event;)Ljavafx/event/Event; @ 12
Event: 22.425 Thread 0x000000001890b000 Uncommon trap: reason=unstable_if action=reinterpret pc=0x000000000348289c method=com.sun.prism.impl.GlyphCache.render(Lcom/sun/prism/impl/BaseContext;Lcom/sun/javafx/scene/text/GlyphList;FFIILcom/sun/prism/paint/Color;Lcom/sun/prism/paint/Color;Lcom/sun/ju5È'Áo6@
Event: 22.437 Thread 0x0000000019373000 Uncommon trap: reason=speculate_class_check action=maybe_recompile pc=0x00000000029b9578 method=com.sun.javafx.scene.EnteredExitedHandler.dispatchCapturingEvent(Ljavafx/event/Event;)Ljavafx/event/Event; @ 12
Event: 22.578 Thread 0x000000001890b000 Uncommon trap: reason=class_check action=maybe_recompile pc=0x0000000002a84ff4 method=com.sun.prism.d3d.D3DTexture.update(Ljava/nio/Buffer;Lcom/sun/prism/PixelFormat;IIIIIII)V @ 145
Event: 22.580 Thread 0x000000001890b000 Uncommon trap: reason=class_check action=maybe_recompile pc=0x0000000002a84ff4 method=com.sun.prism.d3d.D3DTexture.update(Ljava/nio/Buffer;Lcom/sun/prism/PixelFormat;IIIIIII)V @ 145

Internal exceptions (10 events):
Event: 0.173 Thread 0x00000000025ae000 Exception <a 'java/security/PrivilegedActionException'> (0x00000000d60daee8) thrown at [C:\re\workspace\8-2-build-windows-amd64-cygwin\jdk8u45\3627\hotspot\src\share\vm\prims\jvm.cpp, line 1382]
Event: 0.173 Thread 0x00000000025ae000 Exception <a 'java/security/PrivilegedActionException'> (0x00000000d60db0a0) thrown at [C:\re\workspace\8-2-build-windows-amd64-cygwin\jdk8u45\3627\hotspot\src\share\vm\prims\jvm.cpp, line 1382]
Event: 0.173 Thread 0x00000000025ae000 Exception <a 'java/lang/NullPointerException'> (0x00000000d60db620) thrown at [C:\re\workspace\8-2-build-windows-amd64-cygwin\jdk8u45\3627\hotspot\src\share\vm\interpreter\linkResolver.cpp, line 1178]
Event: 0.376 Thread 0x0000000019373000 Exception <a 'java/lang/NullPointerException'> (0x00000000d6a78610) thrown at [C:\re\workspace\8-2-build-windows-amd64-cygwin\jdk8u45\3627\hotspot\src\share\vm\interpreter\linkResolver.cpp, line 1178]
Event: 0.376 Thread 0x0000000019373000 Exception <a 'java/lang/NullPointerException'> (0x00000000d6a78610) thrown at [C:\re\workspace\8-2-build-windows-amd64-cygwin\jdk8u45\3627\hotspot\src\share\vm\prims\jvm.cpp, line 1386]
Event: 0.479 Thread 0x0000000019373000 Implicit null exception at 0x0000000002921d75 to 0x0000000002921f45
Event: 0.516 Thread 0x0000000019373000 Implicit null exception at 0x00000000028e4099 to 0x00000000028e43f9
Event: 0.996 Thread 0x0000000019373000 Exception <a 'java/io/FileNotFoundException'> (0x00000000d7a7afd8) thrown at [C:\re\workspace\8-2-build-windows-amd64-cygwin\jdk8u45\3627\hotspot\src\share\vm\prims\jni.cpp, line 709]
Event: 7.917 Thread 0x0000000019373000 Implicit null exception at 0x000000000332b9e4 to 0x000000000333272d
Event: 7.933 Thread 0x0000000019373000 Implicit null exception at 0x0000000003032945 to 0x0000000003032ee1

Events (10 events):
Event: 23.192 Thread 0x000000001725d000 flushing nmethod 0x0000000002f866d0
Event: 23.192 Thread 0x000000001725d000 flushing nmethod 0x0000000002f87a10
Event: 23.192 Thread 0x000000001725d000 flushing nmethod 0x0000000002f8e210
Event: 23.203 Thread 0x0000000017264800 flushing nmethod 0x0000000003187e50
Event: 23.238 Executing VM operation: ParallelGCFailedAllocation
Event: 23.241 Executing VM operation: ParallelGCFailedAllocation done
Event: 23.467 loading class java/util/ArrayList$1
Event: 23.467 loading class java/util/ArrayList$1 done
Event: 24.169 Executing VM operation: ParallelGCFailedAllocation
Event: 24.172 Executing VM operation: ParallelGCFailedAllocation done


Dynamic libraries:
0x00007ff618920000 - 0x00007ff618957000 	C:\Program Files\Java\jdk1.8.0_45\bin\java.exe
0x00007ffbf0720000 - 0x00007ffbf08e1000 	C:\WINDOWS\SYSTEM32\ntdll.dll
0x00007ffbf0000000 - 0x00007ffbf00ad000 	C:\WINDOWS\system32\KERNEL32.DLL
0x00007ffbed610000 - 0x00007ffbed7f8000 	C:\WINDOWS\system32\KERNELBASE.dll
0x00007ffbf0240000 - 0x00007ffbf02e7000 	C:\WINDOWS\system32\ADVAPI32.dll
0x00007ffbef990000 - 0x00007ffbefa2d000 	C:\WINDOWS\system32\msvcrt.dll
0x00007ffbeff40000 - 0x00007ffbeff9b000 	C:\WINDOWS\system32\sechost.dll
0x00007ffbef5f0000 - 0x00007ffbef70c000 	C:\WINDOWS\system32\RPCRT4.dll
0x00007ffbefde0000 - 0x00007ffbeff36000 	C:\WINDOWS\system32\USER32.dll
0x00007ffbf00b0000 - 0x00007ffbf0236000 	C:\WINDOWS\system32\GDI32.dll
0x00007ffbda200000 - 0x00007ffbda474000 	C:\WINDOWS\WinSxS\amd64_microsoft.windows.common-controls_6595b64144ccf1df_6.0.10586.672_none_a2d6b3cea53ff843\COMCTL32.dll
0x00007ffbefb60000 - 0x00007ffbefddd000 	C:\WINDOWS\system32\combase.dll
0x00007ffbed800000 - 0x00007ffbed86a000 	C:\WINDOWS\system32\bcryptPrimitives.dll
0x00007ffbef710000 - 0x00007ffbef74b000 	C:\WINDOWS\system32\IMM32.DLL
0x000000005a600000 - 0x000000005a6d2000 	C:\Program Files\Java\jdk1.8.0_45\jre\bin\msvcr100.dll
0x000000005a6e0000 - 0x000000005af63000 	C:\Program Files\Java\jdk1.8.0_45\jre\bin\server\jvm.dll
0x00007ffbedb00000 - 0x00007ffbedb08000 	C:\WINDOWS\system32\PSAPI.DLL
0x00007ffbdee00000 - 0x00007ffbdee09000 	C:\WINDOWS\SYSTEM32\WSOCK32.dll
0x00007ffbeb1f0000 - 0x00007ffbeb213000 	C:\WINDOWS\SYSTEM32\WINMM.dll
0x00007ffbde630000 - 0x00007ffbde63a000 	C:\WINDOWS\SYSTEM32\VERSION.dll
0x00007ffbedb10000 - 0x00007ffbedb7b000 	C:\WINDOWS\system32\WS2_32.dll
0x0000000002470000 - 0x000000000249c000 	C:\WINDOWS\SYSTEM32\WINMMBASE.dll
0x00007ffbecee0000 - 0x00007ffbecf23000 	C:\WINDOWS\system32\cfgmgr32.dll
0x000000005a5b0000 - 0x000000005a5bf000 	C:\Program Files\Java\jdk1.8.0_45\jre\bin\verify.dll
0x000000005a580000 - 0x000000005a5a9000 	C:\Program Files\Java\jdk1.8.0_45\jre\bin\java.dll
0x000000005a560000 - 0x000000005a576000 	C:\Program Files\Java\jdk1.8.0_45\jre\bin\zip.dll
0x00007ffbedc90000 - 0x00007ffbef1ec000 	C:\WINDOWS\system32\SHELL32.dll
0x00007ffbecf30000 - 0x00007ffbed575000 	C:\WINDOWS\system32\windows.storage.dll
0x00007ffbeffa0000 - 0x00007ffbefff2000 	C:\WINDOWS\system32\shlwapi.dll
0x00007ffbecd40000 - 0x00007ffbecd4f000 	C:\WINDOWS\system32\kernel.appcore.dll
0x00007ffbeda40000 - 0x00007ffbedaf5000 	C:\WINDOWS\system32\shcore.dll
0x00007ffbecd50000 - 0x00007ffbecd9b000 	C:\WINDOWS\system32\powrprof.dll
0x00007ffbecd20000 - 0x00007ffbecd34000 	C:\WINDOWS\system32\profapi.dll
0x000000005a130000 - 0x000000005a15c000 	C:\Program Files\Java\jdk1.8.0_45\jre\bin\prism_d3d.dll
0x00007ffbbae80000 - 0x00007ffbbb090000 	C:\WINDOWS\system32\d3d9.dll
0x00007ffbea810000 - 0x00007ffbea832000 	C:\WINDOWS\SYSTEM32\dwmapi.dll
0x00007ffbeb470000 - 0x00007ffbeb506000 	C:\WINDOWS\system32\uxtheme.dll
0x00007ffbabf50000 - 0x00007ffbae48d000 	C:\WINDOWS\SYSTEM32\igdumdim64.dll
0x00007ffbef8c0000 - 0x00007ffbef986000 	C:\WINDOWS\system32\OLEAUT32.dll
0x00007ffbef4a0000 - 0x00007ffbef5e3000 	C:\WINDOWS\system32\ole32.dll
0x00007ffbf02f0000 - 0x00007ffbf0719000 	C:\WINDOWS\system32\SETUPAPI.dll
0x000000005a210000 - 0x000000005a251000 	C:\Program Files\Java\jdk1.8.0_45\jre\bin\glass.dll
0x00007ffbefa30000 - 0x00007ffbefb3b000 	C:\WINDOWS\system32\COMDLG32.dll
0x00007ffbed580000 - 0x00007ffbed606000 	C:\WINDOWS\system32\FirewallAPI.dll
0x00007ffbece60000 - 0x00007ffbece77000 	C:\WINDOWS\system32\NETAPI32.dll
0x00007ffbe4760000 - 0x00007ffbe476c000 	C:\WINDOWS\SYSTEM32\DAVHLPR.DLL
0x00007ffbeb870000 - 0x00007ffbeb8a2000 	C:\WINDOWS\SYSTEM32\fwbase.dll
0x00007ffbef760000 - 0x00007ffbef8ba000 	C:\WINDOWS\system32\MSCTF.dll
0x00007ffbe7dd0000 - 0x00007ffbe8810000 	C:\WINDOWS\SYSTEM32\igdusc64.dll
0x000000005a110000 - 0x000000005a125000 	C:\Program Files\Java\jdk1.8.0_45\jre\bin\javafx_font.dll
0x00007ffbe0a00000 - 0x00007ffbe0c5f000 	C:\WINDOWS\SYSTEM32\dwrite.dll
0x00007ffbedbe0000 - 0x00007ffbedc87000 	C:\WINDOWS\system32\clbcatq.dll
0x00007ffbea020000 - 0x00007ffbea1d1000 	C:\WINDOWS\SYSTEM32\WindowsCodecs.dll
0x00007ffbd02d0000 - 0x00007ffbd031a000 	C:\WINDOWS\system32\dataexchange.dll
0x00007ffbeaf30000 - 0x00007ffbeb013000 	C:\WINDOWS\system32\dcomp.dll
0x00007ffbea560000 - 0x00007ffbea808000 	C:\WINDOWS\system32\d3d11.dll
0x00007ffbea4b0000 - 0x00007ffbea552000 	C:\WINDOWS\system32\dxgi.dll
0x00007ffbeb610000 - 0x00007ffbeb710000 	C:\WINDOWS\system32\twinapi.appcore.dll
0x00007ffbec920000 - 0x00007ffbec949000 	C:\WINDOWS\system32\bcrypt.dll
0x00007ffbe4630000 - 0x00007ffbe4664000 	C:\Program Files\Common Files\Microsoft Shared\Ink\rtscom.dll
0x000000005a0f0000 - 0x000000005a101000 	C:\Program Files\Java\jdk1.8.0_45\jre\bin\prism_common.dll
0x00007ffbeabb0000 - 0x00007ffbead36000 	C:\WINDOWS\system32\propsys.dll
0x00007ffbd0a50000 - 0x00007ffbd0af3000 	C:\Program Files\Common Files\microsoft shared\ink\tiptsf.dll
0x00007ffbebe40000 - 0x00007ffbebe90000 	C:\WINDOWS\SYSTEM32\edputil.dll
0x00007ffbe0e50000 - 0x00007ffbe0ea5000 	C:\WINDOWS\SYSTEM32\policymanager.dll
0x00007ffbe34c0000 - 0x00007ffbe3552000 	C:\WINDOWS\SYSTEM32\msvcp110_win.dll
0x00007ffbcedb0000 - 0x00007ffbcf250000 	C:\WINDOWS\system32\explorerframe.dll
0x00007ffbc54a0000 - 0x00007ffbc5653000 	C:\WINDOWS\system32\DUI70.dll
0x00007ffbdfab0000 - 0x00007ffbdfb48000 	C:\WINDOWS\system32\DUser.dll
0x00007ffbcdd40000 - 0x00007ffbcdd8d000 	C:\Windows\System32\thumbcache.dll
0x00007ffbe0810000 - 0x00007ffbe0995000 	C:\Windows\System32\Windows.Globalization.dll
0x00007ffbe2dc0000 - 0x00007ffbe2e27000 	C:\Windows\System32\Bcp47Langs.dll
0x00007ffbd7740000 - 0x00007ffbd7770000 	C:\WINDOWS\SYSTEM32\globinputhost.dll
0x00007ffbc5730000 - 0x00007ffbc57dc000 	C:\WINDOWS\System32\StructuredQuery.dll
0x00007ffbdbb60000 - 0x00007ffbdbff3000 	C:\Windows\System32\ActXPrxy.dll
0x00007ffbc7640000 - 0x00007ffbc7650000 	C:\WINDOWS\SYSTEM32\atlthunk.dll
0x00007ffbc5660000 - 0x00007ffbc572c000 	C:\WINDOWS\system32\Windows.Storage.Search.dll
0x00007ffbcd630000 - 0x00007ffbcd639000 	C:\WINDOWS\system32\IconCodecService.dll
0x00007ffbd7cb0000 - 0x00007ffbd7ccb000 	C:\WINDOWS\SYSTEM32\MPR.dll
0x00007ffbeb2c0000 - 0x00007ffbeb2cb000 	C:\WINDOWS\System32\drprov.dll
0x00007ffbebd90000 - 0x00007ffbebde6000 	C:\WINDOWS\System32\WINSTA.dll
0x00007ffbeb2a0000 - 0x00007ffbeb2b6000 	C:\WINDOWS\System32\ntlanman.dll
0x00007ffbdf890000 - 0x00007ffbdf8b0000 	C:\WINDOWS\System32\davclnt.dll
0x00007ffbe89f0000 - 0x00007ffbe8a06000 	C:\WINDOWS\System32\wkscli.dll
0x00007ffbde420000 - 0x00007ffbde432000 	C:\WINDOWS\SYSTEM32\cscapi.dll
0x00007ffbec190000 - 0x00007ffbec19c000 	C:\WINDOWS\System32\netutils.dll
0x00007ffbd2a00000 - 0x00007ffbd2ab1000 	C:\Windows\System32\twinapi.dll
0x00007ffbeb2e0000 - 0x00007ffbeb359000 	C:\WINDOWS\SYSTEM32\apphelp.dll
0x00007ffbc4f60000 - 0x00007ffbc4fdf000 	C:\Windows\System32\dlnashext.dll
0x00007ffbc9910000 - 0x00007ffbc9984000 	C:\Windows\System32\PlayToDevice.dll
0x00007ffbdd750000 - 0x00007ffbdd76f000 	C:\Windows\System32\DevDispItemProvider.dll
0x00007ffbef3a0000 - 0x00007ffbef40f000 	C:\WINDOWS\system32\coml2.dll
0x00007ffbce220000 - 0x00007ffbce22d000 	C:\WINDOWS\SYSTEM32\LINKINFO.dll
0x00007ffbe9920000 - 0x00007ffbe9990000 	C:\WINDOWS\System32\MMDevApi.dll
0x00007ffbeb510000 - 0x00007ffbeb537000 	C:\WINDOWS\System32\DEVOBJ.dll
0x00007ffbe9cb0000 - 0x00007ffbe9d51000 	C:\Windows\System32\PortableDeviceApi.dll
0x00007ffbece80000 - 0x00007ffbeced5000 	C:\WINDOWS\system32\WINTRUST.dll
0x00007ffbecda0000 - 0x00007ffbecdb0000 	C:\WINDOWS\system32\MSASN1.dll
0x00007ffbed870000 - 0x00007ffbeda38000 	C:\WINDOWS\system32\CRYPT32.dll
0x00007ffbcc440000 - 0x00007ffbcc477000 	C:\Windows\System32\EhStorShell.dll
0x00007ffbdd0e0000 - 0x00007ffbdd106000 	C:\Windows\System32\EhStorAPI.dll
0x00007ffbeaad0000 - 0x00007ffbeaae3000 	C:\Windows\System32\WTSAPI32.dll
0x00007ffbcc8d0000 - 0x00007ffbcca62000 	C:\Users\zhaotingyi\AppData\Local\Microsoft\OneDrive\17.3.6301.0127\amd64\FileSyncShell64.dll
0x00007ffbcc730000 - 0x00007ffbcc7d6000 	C:\Users\zhaotingyi\AppData\Local\Microsoft\OneDrive\17.3.6301.0127\amd64\MSVCP120.dll
0x00007ffbcc7e0000 - 0x00007ffbcc8cf000 	C:\Users\zhaotingyi\AppData\Local\Microsoft\OneDrive\17.3.6301.0127\amd64\MSVCR120.dll
0x00007ffbdf040000 - 0x00007ffbdf337000 	C:\WINDOWS\SYSTEM32\WININET.dll
0x00007ffbcda30000 - 0x00007ffbcda59000 	C:\Program Files (x86)\Baofeng\StormPlayer\BFDesktopShell64.dll
0x00007ffbcc370000 - 0x00007ffbcc436000 	C:\WINDOWS\System32\cscui.dll
0x00007ffbcacc0000 - 0x00007ffbcace3000 	C:\WINDOWS\system32\mssprxy.dll
0x00007ffbc0190000 - 0x00007ffbc02b7000 	C:\WINDOWS\system32\NetworkExplorer.dll
0x00007ffbcdeb0000 - 0x00007ffbcdf8b000 	C:\WINDOWS\SYSTEM32\ntshrui.dll
0x00007ffbeca30000 - 0x00007ffbeca5d000 	C:\WINDOWS\SYSTEM32\SspiCli.dll
0x00007ffbde380000 - 0x00007ffbde3a6000 	C:\WINDOWS\SYSTEM32\srvcli.dll
0x00007ffbc19a0000 - 0x00007ffbc1b2c000 	C:\WINDOWS\SYSTEM32\dbghelp.dll

VM Arguments:
jvm_args: -Dfile.encoding=UTF-8 
java_command: tam.TAManagerApp
java_class_path (initial): C:\Users\zhaotingyi\Desktop\HW1_Solution\PropertiesManager\build\classes;C:\Users\zhaotingyi\Desktop\HW1_Solution\DesktopJavaFramework\build\classes;C:\Users\zhaotingyi\Desktop\HW1_Solution\javax.json-1.0.4.jar;C:\Users\zhaotingyi\Desktop\HW1_Solution\TAManager_Solution\build\classes
Launcher Type: SUN_STANDARD

Environment Variables:
JAVA_HOME=C:\Program Files (x86)\Java\jdk1.8.0_40
CLASSPATH=.;C:\Program Files (x86)\Java\jdk1.8.0_40\lib
PATH=C:\Program Files\Common Files\Siemens\Automation\Simatic OAM\bin;\C:\Program Files (x86)\Java\jdk1.8.0_40\bin;C:\ProgramData\Oracle\Java\javapath;C:\Program Files (x86)\NVIDIA Corporation\PhysX\Common;C:\Windows\system32;C:\Windows;C:\Windows\System32\Wbem;C:\Windows\System32\WindowsPowerShell\v1.0\;C:\Program Files (x86)\Java\jdk1.8.0_05\bin;C:\Program Files (x86)\Java\jdk1.8.0_05\jre\bin;C:\Program Files (x86)\PharosSystems\Core;C:\WINDOWS\system32;C:\WINDOWS;C:\WINDOWS\System32\Wbem;C:\WINDOWS\System32\WindowsPowerShell\v1.0\;C:\Program Files (x86)\Skype\Phone\;C:\Program Files\nodejs\;C:\CTEX\UserData\miktex\bin;C:\CTEX\MiKTeX\miktex\bin;C:\CTEX\CTeX\ctex\bin;C:\CTEX\CTeX\cct\bin;C:\CTEX\CTeX\ty\bin;C:\CTEX\Ghostscript\gs9.05\bin;C:\CTEX\GSview\gsview;C:\CTEX\WinEdt;\C:\Program Files (x86)\Java\jdk1.8.0_40\bin;C:\ProgramData\Oracle\Java\javapath;C:\Program Files (x86)\NVIDIA Corporation\PhysX\Common;C:\Windows\system32;C:\Windows;C:\Windows\System32\Wbem;C:\Windows\System32\WindowsPowerShell\v1.0\;C:\Program Files (x86)\Java\jdk1.8.0_05\bin;C:\Program Files (x86)\Java\jdk1.8.0_05\jre\bin;C:\Program Files (x86)\PharosSystems\Core;C:\WINDOWS\system32;C:\WINDOWS;C:\WINDOWS\System32\Wbem;C:\WINDOWS\System32\WindowsPowerShell\v1.0\;C:\Program Files (x86)\IDM Computer Solutions\UltraEdit\;C:\Users\zhaotingyi\AppData\Roaming\npm
USERNAME=zhaotingyi
OS=Windows_NT
PROCESSOR_IDENTIFIER=Intel64 Family 6 Model 69 Stepping 1, GenuineIntel



---------------  S Y S T E M  ---------------

OS: Windows 10.0 , 64 bit Build 10586 (10.0.10586.589)

CPU:total 4 (2 cores per cpu, 2 threads per core) family 6 model 69 stepping 1, cmov, cx8, fxsr, mmx, sse, sse2, sse3, ssse3, sse4.1, sse4.2, popcnt, avx, avx2, aes, clmul, erms, lzcnt, ht, tsc, tscinvbit, bmi1, bmi2

Memory: 4k page, physical 8295104k(3217604k free), swap 16683712k(5128k free)

vm_info: Java HotSpot(TM) 64-Bit Server VM (25.45-b02) for windows-amd64 JRE (1.8.0_45-b15), built on Apr 30 2015 12:40:44 by "java_re" with MS VC++ 10.0 (VS2010)

time: Sun Mar 12 07:29:20 2017
elapsed time: 24 seconds (0d 0h 0m 24s)

