#
# There is insufficient memory for the Java Runtime Environment to continue.
# Native memory allocation (malloc) failed to allocate 416896 bytes for Chunk::new
# Possible reasons:
#   The system is out of physical RAM or swap space
#   In 32 bit mode, the process size limit was hit
# Possible solutions:
#   Reduce memory load on the system
#   Increase physical memory or swap space
#   Check if swap backing store is full
#   Use 64 bit Java on a 64 bit OS
#   Decrease Java heap size (-Xmx/-Xms)
#   Decrease number of Java threads
#   Decrease Java thread stack sizes (-Xss)
#   Set larger code cache with -XX:ReservedCodeCacheSize=
# This output file may be truncated or incomplete.
#
#  Out of Memory Error (allocation.cpp:390), pid=9376, tid=10764
#
# JRE version: Java(TM) SE Runtime Environment (8.0_45-b15) (build 1.8.0_45-b15)
# Java VM: Java HotSpot(TM) 64-Bit Server VM (25.45-b02 mixed mode windows-amd64 compressed oops)
# Failed to write core dump. Minidumps are not enabled by default on client versions of Windows
#

---------------  T H R E A D  ---------------

Current thread (0x0000000018df2000):  JavaThread "C2 CompilerThread1" daemon [_thread_in_native, id=10764, stack(0x00000000192f0000,0x00000000193f0000)]

Stack: [0x00000000192f0000,0x00000000193f0000]
Native frames: (J=compiled Java code, j=interpreted, Vv=VM code, C=native code)
V  [jvm.dll+0x32b57a]


Current CompileTask:
C2:  10464 1761       4       com.sun.javafx.css.StyleMap::getCascadingStyles (404 bytes)


---------------  P R O C E S S  ---------------

Java Threads: ( => current thread )
  0x000000001e3ef800 JavaThread "Prism Font Disposer" daemon [_thread_blocked, id=9268, stack(0x0000000022870000,0x0000000022970000)]
  0x000000001e0d5800 JavaThread "JavaFX-Launcher" [_thread_blocked, id=4000, stack(0x000000001e9c0000,0x000000001eac0000)]
  0x000000001e0d4000 JavaThread "Thread-2" daemon [_thread_in_native, id=8544, stack(0x000000001e8c0000,0x000000001e9c0000)]
  0x00000000191be800 JavaThread "JavaFX Application Thread" [_thread_in_Java, id=5028, stack(0x00000000199f0000,0x0000000019af0000)]
  0x0000000019167800 JavaThread "Thread-1" daemon [_thread_blocked, id=5060, stack(0x00000000198f0000,0x00000000199f0000)]
  0x0000000019150800 JavaThread "QuantumRenderer-0" daemon [_thread_blocked, id=10340, stack(0x00000000196f0000,0x00000000197f0000)]
  0x0000000018e69000 JavaThread "Service Thread" daemon [_thread_blocked, id=2008, stack(0x00000000194f0000,0x00000000195f0000)]
  0x0000000018df7000 JavaThread "C1 CompilerThread2" daemon [_thread_blocked, id=4916, stack(0x00000000193f0000,0x00000000194f0000)]
=>0x0000000018df2000 JavaThread "C2 CompilerThread1" daemon [_thread_in_native, id=10764, stack(0x00000000192f0000,0x00000000193f0000)]
  0x00000000178ee000 JavaThread "C2 CompilerThread0" daemon [_thread_in_vm, id=8972, stack(0x00000000191f0000,0x00000000192f0000)]
  0x00000000178e9000 JavaThread "Attach Listener" daemon [_thread_blocked, id=3304, stack(0x0000000018cf0000,0x0000000018df0000)]
  0x000000001789e800 JavaThread "Signal Dispatcher" daemon [_thread_blocked, id=9432, stack(0x0000000018bf0000,0x0000000018cf0000)]
  0x0000000002d26800 JavaThread "Finalizer" daemon [_thread_blocked, id=10976, stack(0x0000000018af0000,0x0000000018bf0000)]
  0x0000000017859800 JavaThread "Reference Handler" daemon [_thread_blocked, id=9932, stack(0x00000000189f0000,0x0000000018af0000)]
  0x00000000026ae000 JavaThread "main" [_thread_blocked, id=9764, stack(0x0000000002b30000,0x0000000002c30000)]

Other Threads:
  0x0000000017857000 VMThread [stack: 0x00000000188f0000,0x00000000189f0000] [id=4408]
  0x0000000018e9b800 WatcherThread [stack: 0x00000000195f0000,0x00000000196f0000] [id=3580]

VM state:not at safepoint (normal execution)

VM Mutex/Monitor currently owned by a thread: None

Heap:
 PSYoungGen      total 38400K, used 18599K [0x00000000d5d00000, 0x00000000d8780000, 0x0000000100000000)
  eden space 33280K, 42% used [0x00000000d5d00000,0x00000000d6ab5c30,0x00000000d7d80000)
  from space 5120K, 89% used [0x00000000d7d80000,0x00000000d81f4160,0x00000000d8280000)
  to   space 5120K, 0% used [0x00000000d8280000,0x00000000d8280000,0x00000000d8780000)
 ParOldGen       total 87552K, used 80K [0x0000000081600000, 0x0000000086b80000, 0x00000000d5d00000)
  object space 87552K, 0% used [0x0000000081600000,0x0000000081614010,0x0000000086b80000)
 Metaspace       used 19190K, capacity 20322K, committed 20608K, reserved 1067008K
  class space    used 2824K, capacity 3073K, committed 3200K, reserved 1048576K

Card table byte_map: [0x00000000120f0000,0x00000000124f0000] byte_map_base: 0x0000000011ce5000

Marking Bits: (ParMarkBitMap*) 0x0000000073b24040
 Begin Bits: [0x0000000012ba0000, 0x0000000014b48000)
 End Bits:   [0x0000000014b48000, 0x0000000016af0000)

Polling page: 0x0000000002660000

CodeCache: size=245760Kb used=5762Kb max_used=5769Kb free=239997Kb
 bounds [0x0000000002d30000, 0x00000000032e0000, 0x0000000011d30000]
 total_blobs=2447 nmethods=1784 adapters=575
 compilation: enabled

Compilation events (10 events):
Event: 10.433 Thread 0x0000000018df7000 1772       3       com.sun.javafx.Utils::deriveColor (327 bytes)
Event: 10.434 Thread 0x0000000018df7000 nmethod 1772 0x00000000032cb510 code [0x00000000032cb880, 0x00000000032ccae8]
Event: 10.434 Thread 0x0000000018df7000 1773       3       com.sun.javafx.Utils::RGBtoHSB (227 bytes)
Event: 10.435 Thread 0x0000000018df7000 nmethod 1773 0x00000000032cd190 code [0x00000000032cd360, 0x00000000032cd990]
Event: 10.435 Thread 0x0000000018df7000 1774       3       com.sun.javafx.css.CompoundSelector::stateMatches (18 bytes)
Event: 10.435 Thread 0x0000000018df7000 nmethod 1774 0x00000000032cda90 code [0x00000000032cdc00, 0x00000000032cde78]
Event: 10.435 Thread 0x0000000018df7000 1775       1       com.sun.javafx.css.SimpleSelector::getNodeOrientation (5 bytes)
Event: 10.435 Thread 0x0000000018df7000 nmethod 1775 0x00000000032cdf90 code [0x00000000032ce0e0, 0x00000000032ce1f0]
Event: 10.435 Thread 0x0000000018df7000 1776       1       com.sun.javafx.css.Declaration::isImportant (5 bytes)
Event: 10.435 Thread 0x0000000018df7000 nmethod 1776 0x00000000032ce250 code [0x00000000032ce3a0, 0x00000000032ce4b0]

GC Heap History (2 events):
Event: 2.260 GC heap before
{Heap before GC invocations=1 (full 0):
 PSYoungGen      total 38400K, used 32342K [0x00000000d5d00000, 0x00000000d8780000, 0x0000000100000000)
  eden space 33280K, 97% used [0x00000000d5d00000,0x00000000d7c95858,0x00000000d7d80000)
  from space 5120K, 0% used [0x00000000d8280000,0x00000000d8280000,0x00000000d8780000)
  to   space 5120K, 0% used [0x00000000d7d80000,0x00000000d7d80000,0x00000000d8280000)
 ParOldGen       total 87552K, used 0K [0x0000000081600000, 0x0000000086b80000, 0x00000000d5d00000)
  object space 87552K, 0% used [0x0000000081600000,0x0000000081600000,0x0000000086b80000)
 Metaspace       used 17194K, capacity 17980K, committed 18176K, reserved 1064960K
  class space    used 2506K, capacity 2708K, committed 2816K, reserved 1048576K
Event: 2.271 GC heap after
Heap after GC invocations=1 (full 0):
 PSYoungGen      total 38400K, used 4560K [0x00000000d5d00000, 0x00000000d8780000, 0x0000000100000000)
  eden space 33280K, 0% used [0x00000000d5d00000,0x00000000d5d00000,0x00000000d7d80000)
  from space 5120K, 89% used [0x00000000d7d80000,0x00000000d81f4160,0x00000000d8280000)
  to   space 5120K, 0% used [0x00000000d8280000,0x00000000d8280000,0x00000000d8780000)
 ParOldGen       total 87552K, used 80K [0x0000000081600000, 0x0000000086b80000, 0x00000000d5d00000)
  object space 87552K, 0% used [0x0000000081600000,0x0000000081614010,0x0000000086b80000)
 Metaspace       used 17194K, capacity 17980K, committed 18176K, reserved 1064960K
  class space    used 2506K, capacity 2708K, committed 2816K, reserved 1048576K
}

Deoptimization events (10 events):
Event: 1.720 Thread 0x00000000191be800 Uncommon trap: reason=class_check action=maybe_recompile pc=0x0000000002e58370 method=java.lang.String.equals(Ljava/lang/Object;)Z @ 8
Event: 1.720 Thread 0x00000000191be800 Uncommon trap: reason=class_check action=maybe_recompile pc=0x0000000002e58370 method=java.lang.String.equals(Ljava/lang/Object;)Z @ 8
Event: 1.720 Thread 0x00000000191be800 Uncommon trap: reason=class_check action=maybe_recompile pc=0x0000000002e58370 method=java.lang.String.equals(Ljava/lang/Object;)Z @ 8
Event: 1.722 Thread 0x00000000191be800 Uncommon trap: reason=class_check action=maybe_recompile pc=0x0000000002e58370 method=java.lang.String.equals(Ljava/lang/Object;)Z @ 8
Event: 1.770 Thread 0x00000000191be800 Uncommon trap: reason=unstable_if action=reinterpret pc=0x0000000002f46240 method=java.lang.CharacterData.of(I)Ljava/lang/CharacterData; @ 4
Event: 2.162 Thread 0x00000000191be800 Uncommon trap: reason=unstable_if action=reinterpret pc=0x0000000002fe33e0 method=java.lang.String.indexOf([CII[CIII)I @ 3
Event: 2.185 Thread 0x00000000191be800 Uncommon trap: reason=unstable_if action=reinterpret pc=0x00000000030a0d70 method=java.lang.String.regionMatches(ZILjava/lang/String;II)Z @ 123
Event: 7.960 Thread 0x00000000191be800 Uncommon trap: reason=unstable_if action=reinterpret pc=0x00000000030b8a28 method=jdk.internal.org.objectweb.asm.Type.getArgumentsAndReturnSizes(Ljava/lang/String;)I @ 47
Event: 10.074 Thread 0x00000000191be800 Uncommon trap: reason=unstable_if action=reinterpret pc=0x0000000002f88c04 method=java.util.ArrayList.rangeCheck(I)V @ 5
Event: 10.213 Thread 0x00000000191be800 Uncommon trap: reason=unstable_if action=reinterpret pc=0x00000000030f562c method=java.lang.ClassLoader.checkName(Ljava/lang/String;)Z @ 20

Internal exceptions (10 events):
Event: 0.491 Thread 0x00000000026ae000 Exception <a 'java/security/PrivilegedActionException'> (0x00000000d60d8be8) thrown at [C:\re\workspace\8-2-build-windows-amd64-cygwin\jdk8u45\3627\hotspot\src\share\vm\prims\jvm.cpp, line 1382]
Event: 0.491 Thread 0x00000000026ae000 Exception <a 'java/security/PrivilegedActionException'> (0x00000000d60d8da0) thrown at [C:\re\workspace\8-2-build-windows-amd64-cygwin\jdk8u45\3627\hotspot\src\share\vm\prims\jvm.cpp, line 1382]
Event: 0.492 Thread 0x00000000026ae000 Exception <a 'java/security/PrivilegedActionException'> (0x00000000d60dcb38) thrown at [C:\re\workspace\8-2-build-windows-amd64-cygwin\jdk8u45\3627\hotspot\src\share\vm\prims\jvm.cpp, line 1382]
Event: 0.492 Thread 0x00000000026ae000 Exception <a 'java/security/PrivilegedActionException'> (0x00000000d60dccf0) thrown at [C:\re\workspace\8-2-build-windows-amd64-cygwin\jdk8u45\3627\hotspot\src\share\vm\prims\jvm.cpp, line 1382]
Event: 0.492 Thread 0x00000000026ae000 Exception <a 'java/lang/NullPointerException'> (0x00000000d60dd270) thrown at [C:\re\workspace\8-2-build-windows-amd64-cygwin\jdk8u45\3627\hotspot\src\share\vm\interpreter\linkResolver.cpp, line 1178]
Event: 1.002 Thread 0x00000000191be800 Exception <a 'java/lang/NullPointerException'> (0x00000000d6a77988) thrown at [C:\re\workspace\8-2-build-windows-amd64-cygwin\jdk8u45\3627\hotspot\src\share\vm\interpreter\linkResolver.cpp, line 1178]
Event: 1.002 Thread 0x00000000191be800 Exception <a 'java/lang/NullPointerException'> (0x00000000d6a77988) thrown at [C:\re\workspace\8-2-build-windows-amd64-cygwin\jdk8u45\3627\hotspot\src\share\vm\prims\jvm.cpp, line 1386]
Event: 1.173 Thread 0x00000000191be800 Implicit null exception at 0x0000000002fa0235 to 0x0000000002fa0405
Event: 1.342 Thread 0x00000000191be800 Implicit null exception at 0x0000000002f6b4d6 to 0x0000000002f6b805
Event: 2.109 Thread 0x00000000191be800 Exception <a 'java/io/FileNotFoundException'> (0x00000000d7a9d958) thrown at [C:\re\workspace\8-2-build-windows-amd64-cygwin\jdk8u45\3627\hotspot\src\share\vm\prims\jni.cpp, line 709]

Events (10 events):
Event: 10.439 loading class javafx/scene/control/CustomMenuItem
Event: 10.439 loading class javafx/scene/control/CustomMenuItem done
Event: 10.439 loading class javafx/scene/shape/Line
Event: 10.439 loading class javafx/scene/shape/Line done
Event: 10.443 loading class com/sun/javafx/scene/control/behavior/TextFieldBehavior
Event: 10.443 loading class com/sun/javafx/scene/control/behavior/TextFieldBehavior done
Event: 10.443 loading class com/sun/javafx/scene/control/behavior/PasswordFieldBehavior
Event: 10.443 loading class com/sun/javafx/scene/control/behavior/PasswordFieldBehavior done
Event: 10.445 loading class javafx/scene/control/PasswordField
Event: 10.445 loading class javafx/scene/control/PasswordField done


Dynamic libraries:
0x00007ff687590000 - 0x00007ff6875c7000 	C:\Program Files\Java\jdk1.8.0_45\bin\java.exe
0x00007ffbbdd60000 - 0x00007ffbbdf21000 	C:\WINDOWS\SYSTEM32\ntdll.dll
0x00007ffbbd680000 - 0x00007ffbbd72d000 	C:\WINDOWS\system32\KERNEL32.DLL
0x00007ffbba5e0000 - 0x00007ffbba7c8000 	C:\WINDOWS\system32\KERNELBASE.dll
0x00007ffbbb360000 - 0x00007ffbbb407000 	C:\WINDOWS\system32\ADVAPI32.dll
0x00007ffbbdcc0000 - 0x00007ffbbdd5d000 	C:\WINDOWS\system32\msvcrt.dll
0x00007ffbbd830000 - 0x00007ffbbd88b000 	C:\WINDOWS\system32\sechost.dll
0x00007ffbbda30000 - 0x00007ffbbdb4c000 	C:\WINDOWS\system32\RPCRT4.dll
0x00007ffbbd8d0000 - 0x00007ffbbda26000 	C:\WINDOWS\system32\USER32.dll
0x00007ffbbba30000 - 0x00007ffbbbbb6000 	C:\WINDOWS\system32\GDI32.dll
0x00007ffba4890000 - 0x00007ffba4b04000 	C:\WINDOWS\WinSxS\amd64_microsoft.windows.common-controls_6595b64144ccf1df_6.0.10586.672_none_a2d6b3cea53ff843\COMCTL32.dll
0x00007ffbbbc70000 - 0x00007ffbbbeed000 	C:\WINDOWS\system32\combase.dll
0x00007ffbba8b0000 - 0x00007ffbba91a000 	C:\WINDOWS\system32\bcryptPrimitives.dll
0x00007ffbbd890000 - 0x00007ffbbd8cb000 	C:\WINDOWS\system32\IMM32.DLL
0x0000000073240000 - 0x0000000073312000 	C:\Program Files\Java\jdk1.8.0_45\jre\bin\msvcr100.dll
0x0000000073320000 - 0x0000000073ba3000 	C:\Program Files\Java\jdk1.8.0_45\jre\bin\server\jvm.dll
0x00007ffbbb410000 - 0x00007ffbbb418000 	C:\WINDOWS\system32\PSAPI.DLL
0x00007ffbb85b0000 - 0x00007ffbb85d3000 	C:\WINDOWS\SYSTEM32\WINMM.dll
0x00007ffbab450000 - 0x00007ffbab459000 	C:\WINDOWS\SYSTEM32\WSOCK32.dll
0x00007ffbaaba0000 - 0x00007ffbaabaa000 	C:\WINDOWS\SYSTEM32\VERSION.dll
0x00007ffbbd7c0000 - 0x00007ffbbd82b000 	C:\WINDOWS\system32\WS2_32.dll
0x00007ffbb8580000 - 0x00007ffbb85ac000 	C:\WINDOWS\SYSTEM32\WINMMBASE.dll
0x00007ffbba4e0000 - 0x00007ffbba523000 	C:\WINDOWS\system32\cfgmgr32.dll
0x00000000731f0000 - 0x00000000731ff000 	C:\Program Files\Java\jdk1.8.0_45\jre\bin\verify.dll
0x00000000731c0000 - 0x00000000731e9000 	C:\Program Files\Java\jdk1.8.0_45\jre\bin\java.dll
0x00000000731a0000 - 0x00000000731b6000 	C:\Program Files\Java\jdk1.8.0_45\jre\bin\zip.dll
0x00007ffbbbef0000 - 0x00007ffbbd44c000 	C:\WINDOWS\system32\SHELL32.dll
0x00007ffbbaaf0000 - 0x00007ffbbb135000 	C:\WINDOWS\system32\windows.storage.dll
0x00007ffbbdb50000 - 0x00007ffbbdba2000 	C:\WINDOWS\system32\shlwapi.dll
0x00007ffbba3e0000 - 0x00007ffbba3ef000 	C:\WINDOWS\system32\kernel.appcore.dll
0x00007ffbba7f0000 - 0x00007ffbba8a5000 	C:\WINDOWS\system32\shcore.dll
0x00007ffbba390000 - 0x00007ffbba3db000 	C:\WINDOWS\system32\powrprof.dll
0x00007ffbba370000 - 0x00007ffbba384000 	C:\WINDOWS\system32\profapi.dll
0x0000000072e70000 - 0x0000000072e9c000 	C:\Program Files\Java\jdk1.8.0_45\jre\bin\prism_d3d.dll
0x00007ffb8f890000 - 0x00007ffb8faa0000 	C:\WINDOWS\system32\d3d9.dll
0x00007ffbb82f0000 - 0x00007ffbb8312000 	C:\WINDOWS\SYSTEM32\dwmapi.dll
0x00007ffbb8ce0000 - 0x00007ffbb8d76000 	C:\WINDOWS\system32\uxtheme.dll
0x00007ffb813b0000 - 0x00007ffb838ed000 	C:\WINDOWS\SYSTEM32\igdumdim64.dll
0x00007ffbbd450000 - 0x00007ffbbd516000 	C:\WINDOWS\system32\OLEAUT32.dll
0x00007ffbbb4b0000 - 0x00007ffbbb5f3000 	C:\WINDOWS\system32\ole32.dll
0x00007ffbbb600000 - 0x00007ffbbba29000 	C:\WINDOWS\system32\SETUPAPI.dll
0x0000000072d50000 - 0x0000000072d91000 	C:\Program Files\Java\jdk1.8.0_45\jre\bin\glass.dll
0x00007ffbbdbb0000 - 0x00007ffbbdcbb000 	C:\WINDOWS\system32\COMDLG32.dll
0x00007ffbba3f0000 - 0x00007ffbba476000 	C:\WINDOWS\system32\FirewallAPI.dll
0x00007ffbba7d0000 - 0x00007ffbba7e7000 	C:\WINDOWS\system32\NETAPI32.dll
0x00007ffbad3c0000 - 0x00007ffbad3cc000 	C:\WINDOWS\SYSTEM32\DAVHLPR.DLL
0x00007ffbb90e0000 - 0x00007ffbb9112000 	C:\WINDOWS\SYSTEM32\fwbase.dll
0x00007ffbbd520000 - 0x00007ffbbd67a000 	C:\WINDOWS\system32\MSCTF.dll
0x00007ffbb5890000 - 0x00007ffbb62d0000 	C:\WINDOWS\SYSTEM32\igdusc64.dll
0x0000000072e50000 - 0x0000000072e65000 	C:\Program Files\Java\jdk1.8.0_45\jre\bin\javafx_font.dll
0x00007ffbae100000 - 0x00007ffbae35f000 	C:\WINDOWS\SYSTEM32\dwrite.dll
0x00007ffbbbbc0000 - 0x00007ffbbbc67000 	C:\WINDOWS\system32\clbcatq.dll
0x00007ffbb7d80000 - 0x00007ffbb7f31000 	C:\WINDOWS\SYSTEM32\WindowsCodecs.dll
0x00007ffb9c4b0000 - 0x00007ffb9c4fa000 	C:\WINDOWS\system32\dataexchange.dll
0x00007ffbb8950000 - 0x00007ffbb8a33000 	C:\WINDOWS\system32\dcomp.dll
0x00007ffbb8040000 - 0x00007ffbb82e8000 	C:\WINDOWS\system32\d3d11.dll
0x00007ffbb7f90000 - 0x00007ffbb8032000 	C:\WINDOWS\system32\dxgi.dll
0x00007ffbb8e80000 - 0x00007ffbb8f80000 	C:\WINDOWS\system32\twinapi.appcore.dll
0x00007ffbba290000 - 0x00007ffbba2b9000 	C:\WINDOWS\system32\bcrypt.dll
0x00007ffbb16c0000 - 0x00007ffbb16f4000 	C:\Program Files\Common Files\Microsoft Shared\Ink\rtscom.dll
0x0000000072d30000 - 0x0000000072d41000 	C:\Program Files\Java\jdk1.8.0_45\jre\bin\prism_common.dll
0x00007ffbb8340000 - 0x00007ffbb84c6000 	C:\WINDOWS\system32\propsys.dll
0x00007ffbb1a40000 - 0x00007ffbb1ae3000 	C:\Program Files\Common Files\microsoft shared\ink\tiptsf.dll
0x00007ffbaabc0000 - 0x00007ffbaac10000 	C:\WINDOWS\SYSTEM32\edputil.dll
0x00007ffbacb40000 - 0x00007ffbacb95000 	C:\WINDOWS\SYSTEM32\policymanager.dll
0x00007ffbae6e0000 - 0x00007ffbae772000 	C:\WINDOWS\SYSTEM32\msvcp110_win.dll
0x00007ffb9bd70000 - 0x00007ffb9c210000 	C:\WINDOWS\system32\explorerframe.dll
0x00007ffb92680000 - 0x00007ffb92833000 	C:\WINDOWS\system32\DUI70.dll
0x00007ffb96860000 - 0x00007ffb968f8000 	C:\WINDOWS\system32\DUser.dll
0x00007ffb9ac80000 - 0x00007ffb9accd000 	C:\Windows\System32\thumbcache.dll
0x00007ffbadf70000 - 0x00007ffbae0f5000 	C:\Windows\System32\Windows.Globalization.dll
0x00007ffbb0740000 - 0x00007ffbb07a7000 	C:\Windows\System32\Bcp47Langs.dll
0x00007ffba4490000 - 0x00007ffba44c0000 	C:\WINDOWS\SYSTEM32\globinputhost.dll
0x00007ffb96790000 - 0x00007ffb9683c000 	C:\WINDOWS\System32\StructuredQuery.dll
0x00007ffba3db0000 - 0x00007ffba4243000 	C:\Windows\System32\ActXPrxy.dll
0x00007ffb97110000 - 0x00007ffb97120000 	C:\WINDOWS\SYSTEM32\atlthunk.dll
0x00007ffb966c0000 - 0x00007ffb9678c000 	C:\WINDOWS\system32\Windows.Storage.Search.dll
0x00007ffb914f0000 - 0x00007ffb914f9000 	C:\WINDOWS\system32\IconCodecService.dll
0x00007ffba2bb0000 - 0x00007ffba2bcb000 	C:\WINDOWS\SYSTEM32\MPR.dll
0x00007ffbad570000 - 0x00007ffbad57b000 	C:\WINDOWS\System32\drprov.dll
0x00007ffbba230000 - 0x00007ffbba286000 	C:\WINDOWS\System32\WINSTA.dll
0x00007ffbac470000 - 0x00007ffbac486000 	C:\WINDOWS\System32\ntlanman.dll
0x00007ffba6590000 - 0x00007ffba65b0000 	C:\WINDOWS\System32\davclnt.dll
0x00007ffbb2e00000 - 0x00007ffbb2e16000 	C:\WINDOWS\System32\wkscli.dll
0x00007ffbaac90000 - 0x00007ffbaaca2000 	C:\WINDOWS\SYSTEM32\cscapi.dll
0x00007ffbb9770000 - 0x00007ffbb977c000 	C:\WINDOWS\System32\netutils.dll
0x00007ffb9c960000 - 0x00007ffb9ca11000 	C:\Windows\System32\twinapi.dll
0x00007ffbb8b60000 - 0x00007ffbb8bd9000 	C:\WINDOWS\SYSTEM32\apphelp.dll
0x00007ffb921f0000 - 0x00007ffb9226f000 	C:\Windows\System32\dlnashext.dll
0x00007ffbace10000 - 0x00007ffbace84000 	C:\Windows\System32\PlayToDevice.dll
0x00007ffb9ede0000 - 0x00007ffb9edff000 	C:\Windows\System32\DevDispItemProvider.dll
0x00007ffbbb140000 - 0x00007ffbbb1af000 	C:\WINDOWS\system32\coml2.dll
0x00007ffb9ac70000 - 0x00007ffb9ac7d000 	C:\WINDOWS\SYSTEM32\LINKINFO.dll
0x00007ffbb2d60000 - 0x00007ffbb2dd0000 	C:\WINDOWS\System32\MMDevApi.dll
0x00007ffbb8e30000 - 0x00007ffbb8e57000 	C:\WINDOWS\System32\DEVOBJ.dll
0x00007ffbb7a50000 - 0x00007ffbb7af1000 	C:\Windows\System32\PortableDeviceApi.dll
0x00007ffbba480000 - 0x00007ffbba4d5000 	C:\WINDOWS\system32\WINTRUST.dll
0x00007ffbba360000 - 0x00007ffbba370000 	C:\WINDOWS\system32\MSASN1.dll
0x00007ffbba920000 - 0x00007ffbbaae8000 	C:\WINDOWS\system32\CRYPT32.dll
0x00007ffb99ee0000 - 0x00007ffb99f17000 	C:\Windows\System32\EhStorShell.dll
0x00007ffbb1e80000 - 0x00007ffbb1ea6000 	C:\Windows\System32\EhStorAPI.dll
0x00007ffbb84d0000 - 0x00007ffbb84e3000 	C:\Windows\System32\WTSAPI32.dll
0x00007ffb9a0f0000 - 0x00007ffb9a282000 	C:\Users\zhaotingyi\AppData\Local\Microsoft\OneDrive\17.3.6301.0127\amd64\FileSyncShell64.dll
0x00007ffb9a040000 - 0x00007ffb9a0e6000 	C:\Users\zhaotingyi\AppData\Local\Microsoft\OneDrive\17.3.6301.0127\amd64\MSVCP120.dll
0x00007ffb99f50000 - 0x00007ffb9a03f000 	C:\Users\zhaotingyi\AppData\Local\Microsoft\OneDrive\17.3.6301.0127\amd64\MSVCR120.dll
0x00007ffbabb30000 - 0x00007ffbabe27000 	C:\WINDOWS\SYSTEM32\WININET.dll
0x00007ffb99f20000 - 0x00007ffb99f49000 	C:\Program Files (x86)\Baofeng\StormPlayer\BFDesktopShell64.dll
0x00007ffb99e10000 - 0x00007ffb99ed6000 	C:\WINDOWS\System32\cscui.dll
0x00007ffb9a290000 - 0x00007ffb9a3b7000 	C:\WINDOWS\system32\NetworkExplorer.dll
0x00007ffb99700000 - 0x00007ffb99723000 	C:\WINDOWS\system32\mssprxy.dll
0x00007ffb9ab80000 - 0x00007ffb9ac5b000 	C:\WINDOWS\SYSTEM32\ntshrui.dll
0x00007ffbb9fe0000 - 0x00007ffbba00d000 	C:\WINDOWS\SYSTEM32\SspiCli.dll
0x00007ffbaa170000 - 0x00007ffbaa196000 	C:\WINDOWS\SYSTEM32\srvcli.dll
0x00007ffb91480000 - 0x00007ffb914f0000 	C:\Users\zhaotingyi\AppData\Local\dict.cn\Dict4\AppTemp\CaptureText\2.0.20140803140557\7304\CaptureText_x64.dll

VM Arguments:
jvm_args: -Dfile.encoding=UTF-8 
java_command: tam.TAManagerApp
java_class_path (initial): C:\Users\zhaotingyi\Desktop\HW1_Solution\PropertiesManager\build\classes;C:\Users\zhaotingyi\Desktop\HW1_Solution\DesktopJavaFramework\build\classes;C:\Users\zhaotingyi\Desktop\HW1_Solution\javax.json-1.0.4.jar;C:\Users\zhaotingyi\Documents\CSE219\TAManager\jTPS\build\classes;C:\Users\zhaotingyi\Desktop\HW1_Solution\TAManager_Solution\build\classes
Launcher Type: SUN_STANDARD

Environment Variables:
JAVA_HOME=C:\Program Files (x86)\Java\jdk1.8.0_40
CLASSPATH=.;C:\Program Files (x86)\Java\jdk1.8.0_40\lib
PATH=C:\Program Files\Common Files\Siemens\Automation\Simatic OAM\bin;\C:\Program Files (x86)\Java\jdk1.8.0_40\bin;C:\ProgramData\Oracle\Java\javapath;C:\Program Files (x86)\NVIDIA Corporation\PhysX\Common;C:\Windows\system32;C:\Windows;C:\Windows\System32\Wbem;C:\Windows\System32\WindowsPowerShell\v1.0\;C:\Program Files (x86)\Java\jdk1.8.0_05\bin;C:\Program Files (x86)\Java\jdk1.8.0_05\jre\bin;C:\Program Files (x86)\PharosSystems\Core;C:\WINDOWS\system32;C:\WINDOWS;C:\WINDOWS\System32\Wbem;C:\WINDOWS\System32\WindowsPowerShell\v1.0\;C:\Program Files (x86)\Skype\Phone\;C:\Program Files\nodejs\;C:\CTEX\UserData\miktex\bin;C:\CTEX\MiKTeX\miktex\bin;C:\CTEX\CTeX\ctex\bin;C:\CTEX\CTeX\cct\bin;C:\CTEX\CTeX\ty\bin;C:\CTEX\Ghostscript\gs9.05\bin;C:\CTEX\GSview\gsview;C:\CTEX\WinEdt;\C:\Program Files (x86)\Java\jdk1.8.0_40\bin;C:\ProgramData\Oracle\Java\javapath;C:\Program Files (x86)\NVIDIA Corporation\PhysX\Common;C:\Windows\system32;C:\Windows;C:\Windows\System32\Wbem;C:\Windows\System32\WindowsPowerShell\v1.0\;C:\Program Files (x86)\Java\jdk1.8.0_05\bin;C:\Program Files (x86)\Java\jdk1.8.0_05\jre\bin;C:\Program Files (x86)\PharosSystems\Core;C:\WINDOWS\system32;C:\WINDOWS;C:\WINDOWS\System32\Wbem;C:\WINDOWS\System32\WindowsPowerShell\v1.0\;C:\Program Files (x86)\IDM Computer Solutions\UltraEdit\;C:\Users\zhaotingyi\AppData\Roaming\npm
USERNAME=zhaotingyi
OS=Windows_NT
PROCESSOR_IDENTIFIER=Intel64 Family 6 Model 69 Stepping 1, GenuineIntel



---------------  S Y S T E M  ---------------

OS: Windows 10.0 , 64 bit Build 10586 (10.0.10586.589)

CPU:total 4 (2 cores per cpu, 2 threads per core) family 6 model 69 stepping 1, cmov, cx8, fxsr, mmx, sse, sse2, sse3, ssse3, sse4.1, sse4.2, popcnt, avx, avx2, aes, clmul, erms, lzcnt, ht, tsc, tscinvbit, bmi1, bmi2

Memory: 4k page, physical 8295104k(79144k free), swap 16683712k(4452k free)

vm_info: Java HotSpot(TM) 64-Bit Server VM (25.45-b02) for windows-amd64 JRE (1.8.0_45-b15), built on Apr 30 2015 12:40:44 by "java_re" with MS VC++ 10.0 (VS2010)

time: Mon Mar 13 14:02:14 2017
elapsed time: 10 seconds (0d 0h 0m 10s)

