#
# There is insufficient memory for the Java Runtime Environment to continue.
# Native memory allocation (malloc) failed to allocate 440976 bytes for Chunk::new
# Possible reasons:
#   The system is out of physical RAM or swap space
#   In 32 bit mode, the process size limit was hit
# Possible solutions:
#   Reduce memory load on the system
#   Increase physical memory or swap space
#   Check if swap backing store is full
#   Use 64 bit Java on a 64 bit OS
#   Decrease Java heap size (-Xmx/-Xms)
#   Decrease number of Java threads
#   Decrease Java thread stack sizes (-Xss)
#   Set larger code cache with -XX:ReservedCodeCacheSize=
# This output file may be truncated or incomplete.
#
#  Out of Memory Error (allocation.cpp:390), pid=12420, tid=1996
#
# JRE version: Java(TM) SE Runtime Environment (8.0_45-b15) (build 1.8.0_45-b15)
# Java VM: Java HotSpot(TM) 64-Bit Server VM (25.45-b02 mixed mode windows-amd64 compressed oops)
# Failed to write core dump. Minidumps are not enabled by default on client versions of Windows
#

---------------  T H R E A D  ---------------

Current thread (0x0000000017b0d800):  JavaThread "C2 CompilerThread1" daemon [_thread_in_native, id=1996, stack(0x0000000019520000,0x0000000019620000)]

Stack: [0x0000000019520000,0x0000000019620000]
Native frames: (J=compiled Java code, j=interpreted, Vv=VM code, C=native code)
V  [jvm.dll+0x32b57a]
V  [jvm.dll+0x279873]
V  [jvm.dll+0x27a509]
V  [jvm.dll+0x271825]
V  [jvm.dll+0xcb9e2]
V  [jvm.dll+0xcbeac]
V  [jvm.dll+0x49298c]
V  [jvm.dll+0x45f6ff]
V  [jvm.dll+0x46a73b]
V  [jvm.dll+0x46cd52]
V  [jvm.dll+0x4500f2]
V  [jvm.dll+0xa4352]
V  [jvm.dll+0xa4c8f]
V  [jvm.dll+0x241984]
V  [jvm.dll+0x29853a]
C  [msvcr100.dll+0x21d9f]
C  [msvcr100.dll+0x21e3b]
C  [KERNEL32.DLL+0x18102]
C  [ntdll.dll+0x5c5b4]


Current CompileTask:
C2:  23104 5464   !   4       com.sun.javafx.text.PrismTextLayout::layout (1635 bytes)


---------------  P R O C E S S  ---------------

Java Threads: ( => current thread )
  0x0000000019c6a000 JavaThread "Prism Font Disposer" daemon [_thread_blocked, id=7996, stack(0x0000000022a80000,0x0000000022b80000)]
  0x000000001998a000 JavaThread "Thread-3" daemon [_thread_in_native, id=15664, stack(0x000000001ead0000,0x000000001ebd0000)]
  0x0000000019988000 JavaThread "JavaFX-Launcher" [_thread_blocked, id=6660, stack(0x000000001ebd0000,0x000000001ecd0000)]
  0x00000000194ed800 JavaThread "JavaFX Application Thread" [_thread_in_native, id=4140, stack(0x000000001a440000,0x000000001a540000)]
  0x00000000194eb000 JavaThread "Thread-1" daemon [_thread_blocked, id=776, stack(0x000000001a340000,0x000000001a440000)]
  0x0000000019920800 JavaThread "QuantumRenderer-0" daemon [_thread_in_native, id=12916, stack(0x000000001a120000,0x000000001a220000)]
  0x00000000191a1000 JavaThread "Service Thread" daemon [_thread_blocked, id=8992, stack(0x0000000019720000,0x0000000019820000)]
  0x000000001912c800 JavaThread "C1 CompilerThread2" daemon [_thread_blocked, id=16724, stack(0x0000000019620000,0x0000000019720000)]
=>0x0000000017b0d800 JavaThread "C2 CompilerThread1" daemon [_thread_in_native, id=1996, stack(0x0000000019520000,0x0000000019620000)]
  0x0000000017b0b800 JavaThread "C2 CompilerThread0" daemon [_thread_blocked, id=4384, stack(0x0000000019020000,0x0000000019120000)]
  0x0000000017ac0000 JavaThread "Attach Listener" daemon [_thread_blocked, id=10404, stack(0x0000000018f20000,0x0000000019020000)]
  0x0000000017abf000 JavaThread "Signal Dispatcher" daemon [_thread_blocked, id=10480, stack(0x0000000018e20000,0x0000000018f20000)]
  0x0000000002f47000 JavaThread "Finalizer" daemon [_thread_blocked, id=11400, stack(0x0000000018d20000,0x0000000018e20000)]
  0x0000000002f3e000 JavaThread "Reference Handler" daemon [_thread_blocked, id=5268, stack(0x0000000018c20000,0x0000000018d20000)]
  0x0000000002d4e000 JavaThread "main" [_thread_blocked, id=4656, stack(0x0000000002d50000,0x0000000002e50000)]

Other Threads:
  0x0000000017a77800 VMThread [stack: 0x0000000018b20000,0x0000000018c20000] [id=15460]
  0x00000000191b2800 WatcherThread [stack: 0x0000000019820000,0x0000000019920000] [id=8396]

VM state:not at safepoint (normal execution)

VM Mutex/Monitor currently owned by a thread: None

Heap:
 PSYoungGen      total 427520K, used 23084K [0x00000000d5d00000, 0x00000000f0900000, 0x0000000100000000)
  eden space 416768K, 3% used [0x00000000d5d00000,0x00000000d6d0b2c8,0x00000000ef400000)
  from space 10752K, 61% used [0x00000000ef400000,0x00000000efa80000,0x00000000efe80000)
  to   space 9216K, 0% used [0x00000000f0000000,0x00000000f0000000,0x00000000f0900000)
 ParOldGen       total 74240K, used 22212K [0x0000000081600000, 0x0000000085e80000, 0x00000000d5d00000)
  object space 74240K, 29% used [0x0000000081600000,0x0000000082bb1398,0x0000000085e80000)
 Metaspace       used 22253K, capacity 23770K, committed 23936K, reserved 1069056K
  class space    used 3084K, capacity 3392K, committed 3456K, reserved 1048576K

Card table byte_map: [0x0000000012310000,0x0000000012710000] byte_map_base: 0x0000000011f05000

Marking Bits: (ParMarkBitMap*) 0x000000005aee4040
 Begin Bits: [0x0000000012dc0000, 0x0000000014d68000)
 End Bits:   [0x0000000014d68000, 0x0000000016d10000)

Polling page: 0x0000000000d50000

CodeCache: size=245760Kb used=14676Kb max_used=16452Kb free=231084Kb
 bounds [0x0000000002f50000, 0x0000000003f70000, 0x0000000011f50000]
 total_blobs=5090 nmethods=4388 adapters=613
 compilation: enabled

Compilation events (10 events):
Event: 22.936 Thread 0x000000001912c800 nmethod 5461 0x0000000003aebe90 code [0x0000000003aec000, 0x0000000003aec2c8]
Event: 22.952 Thread 0x0000000017b0d800 5462       4       com.sun.javafx.text.PrismTextLayout::setBoundsType (46 bytes)
Event: 22.953 Thread 0x0000000017b0d800 nmethod 5462 0x00000000038f2ed0 code [0x00000000038f3020, 0x00000000038f3118]
Event: 22.961 Thread 0x0000000017b0b800 5463       4       com.sun.javafx.text.PrismTextLayout::initCache (276 bytes)
Event: 22.961 Thread 0x0000000017b0d800 5464   !   4       com.sun.javafx.text.PrismTextLayout::layout (1635 bytes)
Event: 22.973 Thread 0x0000000017b0b800 nmethod 5463 0x0000000003e66010 code [0x0000000003e66200, 0x0000000003e66e78]
Event: 22.975 Thread 0x000000001912c800 5465       1       com.sun.javafx.tk.quantum.WindowStage::getPlatformWindow (5 bytes)
Event: 22.976 Thread 0x000000001912c800 nmethod 5465 0x0000000003e65d50 code [0x0000000003e65ea0, 0x0000000003e65fb0]
Event: 22.993 Thread 0x000000001912c800 5466       3       java.util.concurrent.atomic.AtomicBoolean::compareAndSet (35 bytes)
Event: 22.993 Thread 0x000000001912c800 nmethod 5466 0x0000000003aeba90 code [0x0000000003aebbe0, 0x0000000003aebdf0]

GC Heap History (10 events):
Event: 17.596 GC heap before
{Heap before GC invocations=22 (full 1):
 PSYoungGen      total 340992K, used 336000K [0x00000000d5d00000, 0x00000000eb680000, 0x0000000100000000)
  eden space 329728K, 100% used [0x00000000d5d00000,0x00000000e9f00000,0x00000000e9f00000)
  from space 11264K, 55% used [0x00000000eaa00000,0x00000000eb020000,0x00000000eb500000)
  to   space 11264K, 0% used [0x00000000e9f00000,0x00000000e9f00000,0x00000000eaa00000)
 ParOldGen       total 74240K, used 22092K [0x0000000081600000, 0x0000000085e80000, 0x00000000d5d00000)
  object space 74240K, 29% used [0x0000000081600000,0x0000000082b93398,0x0000000085e80000)
 Metaspace       used 22190K, capacity 23770K, committed 23936K, reserved 1069056K
  class space    used 3082K, capacity 3392K, committed 3456K, reserved 1048576K
Event: 17.605 GC heap after
Heap after GC invocations=22 (full 1):
 PSYoungGen      total 340992K, used 6336K [0x00000000d5d00000, 0x00000000edf80000, 0x0000000100000000)
  eden space 329728K, 0% used [0x00000000d5d00000,0x00000000d5d00000,0x00000000e9f00000)
  from space 11264K, 56% used [0x00000000e9f00000,0x00000000ea530000,0x00000000eaa00000)
  to   space 10752K, 0% used [0x00000000ed500000,0x00000000ed500000,0x00000000edf80000)
 ParOldGen       total 74240K, used 22092K [0x0000000081600000, 0x0000000085e80000, 0x00000000d5d00000)
  object space 74240K, 29% used [0x0000000081600000,0x0000000082b93398,0x0000000085e80000)
 Metaspace       used 22190K, capacity 23770K, committed 23936K, reserved 1069056K
  class space    used 3082K, capacity 3392K, committed 3456K, reserved 1048576K
}
Event: 18.419 GC heap before
{Heap before GC invocations=23 (full 1):
 PSYoungGen      total 340992K, used 336064K [0x00000000d5d00000, 0x00000000edf80000, 0x0000000100000000)
  eden space 329728K, 100% used [0x00000000d5d00000,0x00000000e9f00000,0x00000000e9f00000)
  from space 11264K, 56% used [0x00000000e9f00000,0x00000000ea530000,0x00000000eaa00000)
  to   space 10752K, 0% used [0x00000000ed500000,0x00000000ed500000,0x00000000edf80000)
 ParOldGen       total 74240K, used 22092K [0x0000000081600000, 0x0000000085e80000, 0x00000000d5d00000)
  object space 74240K, 29% used [0x0000000081600000,0x0000000082b93398,0x0000000085e80000)
 Metaspace       used 22228K, capacity 23770K, committed 23936K, reserved 1069056K
  class space    used 3083K, capacity 3392K, committed 3456K, reserved 1048576K
Event: 18.427 GC heap after
Heap after GC invocations=23 (full 1):
 PSYoungGen      total 382976K, used 6496K [0x00000000d5d00000, 0x00000000ede80000, 0x0000000100000000)
  eden space 373248K, 0% used [0x00000000d5d00000,0x00000000d5d00000,0x00000000ec980000)
  from space 9728K, 66% used [0x00000000ed500000,0x00000000edb58000,0x00000000ede80000)
  to   space 10752K, 0% used [0x00000000ec980000,0x00000000ec980000,0x00000000ed400000)
 ParOldGen       total 74240K, used 22092K [0x0000000081600000, 0x0000000085e80000, 0x00000000d5d00000)
  object space 74240K, 29% used [0x0000000081600000,0x0000000082b93398,0x0000000085e80000)
 Metaspace       used 22228K, capacity 23770K, committed 23936K, reserved 1069056K
  class space    used 3083K, capacity 3392K, committed 3456K, reserved 1048576K
}
Event: 20.216 GC heap before
{Heap before GC invocations=24 (full 1):
 PSYoungGen      total 382976K, used 379744K [0x00000000d5d00000, 0x00000000ede80000, 0x0000000100000000)
  eden space 373248K, 100% used [0x00000000d5d00000,0x00000000ec980000,0x00000000ec980000)
  from space 9728K, 66% used [0x00000000ed500000,0x00000000edb58000,0x00000000ede80000)
  to   space 10752K, 0% used [0x00000000ec980000,0x00000000ec980000,0x00000000ed400000)
 ParOldGen       total 74240K, used 22092K [0x0000000081600000, 0x0000000085e80000, 0x00000000d5d00000)
  object space 74240K, 29% used [0x0000000081600000,0x0000000082b93398,0x0000000085e80000)
 Metaspace       used 22239K, capacity 23770K, committed 23936K, reserved 1069056K
  class space    used 3084K, capacity 3392K, committed 3456K, reserved 1048576K
Event: 20.226 GC heap after
Heap after GC invocations=24 (full 1):
 PSYoungGen      total 384000K, used 6624K [0x00000000d5d00000, 0x00000000f0a80000, 0x0000000100000000)
  eden space 373248K, 0% used [0x00000000d5d00000,0x00000000d5d00000,0x00000000ec980000)
  from space 10752K, 61% used [0x00000000ec980000,0x00000000ecff8000,0x00000000ed400000)
  to   space 10752K, 0% used [0x00000000f0000000,0x00000000f0000000,0x00000000f0a80000)
 ParOldGen       total 74240K, used 22092K [0x0000000081600000, 0x0000000085e80000, 0x00000000d5d00000)
  object space 74240K, 29% used [0x0000000081600000,0x0000000082b93398,0x0000000085e80000)
 Metaspace       used 22239K, capacity 23770K, committed 23936K, reserved 1069056K
  class space    used 3084K, capacity 3392K, committed 3456K, reserved 1048576K
}
Event: 21.521 GC heap before
{Heap before GC invocations=25 (full 1):
 PSYoungGen      total 384000K, used 379872K [0x00000000d5d00000, 0x00000000f0a80000, 0x0000000100000000)
  eden space 373248K, 100% used [0x00000000d5d00000,0x00000000ec980000,0x00000000ec980000)
  from space 10752K, 61% used [0x00000000ec980000,0x00000000ecff8000,0x00000000ed400000)
  to   space 10752K, 0% used [0x00000000f0000000,0x00000000f0000000,0x00000000f0a80000)
 ParOldGen       total 74240K, used 22092K [0x0000000081600000, 0x0000000085e80000, 0x00000000d5d00000)
  object space 74240K, 29% used [0x0000000081600000,0x0000000082b93398,0x0000000085e80000)
 Metaspace       used 22247K, capacity 23770K, committed 23936K, reserved 1069056K
  class space    used 3084K, capacity 3392K, committed 3456K, reserved 1048576K
Event: 21.532 GC heap after
Heap after GC invocations=25 (full 1):
 PSYoungGen      total 425984K, used 6624K [0x00000000d5d00000, 0x00000000f0900000, 0x0000000100000000)
  eden space 416768K, 0% used [0x00000000d5d00000,0x00000000d5d00000,0x00000000ef400000)
  from space 9216K, 71% used [0x00000000f0000000,0x00000000f0678000,0x00000000f0900000)
  to   space 10752K, 0% used [0x00000000ef400000,0x00000000ef400000,0x00000000efe80000)
 ParOldGen       total 74240K, used 22140K [0x0000000081600000, 0x0000000085e80000, 0x00000000d5d00000)
  object space 74240K, 29% used [0x0000000081600000,0x0000000082b9f398,0x0000000085e80000)
 Metaspace       used 22247K, capacity 23770K, committed 23936K, reserved 1069056K
  class space    used 3084K, capacity 3392K, committed 3456K, reserved 1048576K
}
Event: 23.046 GC heap before
{Heap before GC invocations=26 (full 1):
 PSYoungGen      total 425984K, used 423392K [0x00000000d5d00000, 0x00000000f0900000, 0x0000000100000000)
  eden space 416768K, 100% used [0x00000000d5d00000,0x00000000ef400000,0x00000000ef400000)
  from space 9216K, 71% used [0x00000000f0000000,0x00000000f0678000,0x00000000f0900000)
  to   space 10752K, 0% used [0x00000000ef400000,0x00000000ef400000,0x00000000efe80000)
 ParOldGen       total 74240K, used 22140K [0x0000000081600000, 0x0000000085e80000, 0x00000000d5d00000)
  object space 74240K, 29% used [0x0000000081600000,0x0000000082b9f398,0x0000000085e80000)
 Metaspace       used 22253K, capacity 23770K, committed 23936K, reserved 1069056K
  class space    used 3084K, capacity 3392K, committed 3456K, reserved 1048576K
Event: 23.058 GC heap after
Heap after GC invocations=26 (full 1):
 PSYoungGen      total 427520K, used 6656K [0x00000000d5d00000, 0x00000000f0900000, 0x0000000100000000)
  eden space 416768K, 0% used [0x00000000d5d00000,0x00000000d5d00000,0x00000000ef400000)
  from space 10752K, 61% used [0x00000000ef400000,0x00000000efa80000,0x00000000efe80000)
  to   space 9216K, 0% used [0x00000000f0000000,0x00000000f0000000,0x00000000f0900000)
 ParOldGen       total 74240K, used 22212K [0x0000000081600000, 0x0000000085e80000, 0x00000000d5d00000)
  object space 74240K, 29% used [0x0000000081600000,0x0000000082bb1398,0x0000000085e80000)
 Metaspace       used 22253K, capacity 23770K, committed 23936K, reserved 1069056K
  class space    used 3084K, capacity 3392K, committed 3456K, reserved 1048576K
}

Deoptimization events (10 events):
Event: 17.770 Thread 0x0000000019920800 Uncommon trap: reason=class_check action=maybe_recompile pc=0x0000000003291fe8 method=com.sun.javafx.sg.prism.NGRectangle.isRectClip(Lcom/sun/javafx/geom/transform/BaseTransform;Z)Z @ 109
Event: 17.890 Thread 0x0000000019920800 Uncommon trap: reason=class_check action=maybe_recompile pc=0x0000000003291fe8 method=com.sun.javafx.sg.prism.NGRectangle.isRectClip(Lcom/sun/javafx/geom/transform/BaseTransform;Z)Z @ 109
Event: 18.302 Thread 0x0000000019920800 Uncommon trap: reason=unstable_if action=reinterpret pc=0x0000000003b0d988 method=java.lang.Math.round(F)I @ 23
Event: 18.302 Thread 0x0000000019920800 Uncommon trap: reason=unstable_if action=reinterpret pc=0x0000000003f0d774 method=java.lang.Math.round(F)I @ 23
Event: 18.303 Thread 0x0000000019920800 Uncommon trap: reason=unstable_if action=reinterpret pc=0x0000000003eeac78 method=java.lang.Math.round(F)I @ 23
Event: 18.456 Thread 0x00000000194ed800 Uncommon trap: reason=bimorphic action=maybe_recompile pc=0x000000000331d0f0 method=java.util.HashMap.putVal(ILjava/lang/Object;Ljava/lang/Object;ZZ)Ljava/lang/Object; @ 203
Event: 19.580 Thread 0x00000000194ed800 Uncommon trap: reason=bimorphic action=maybe_recompile pc=0x000000000331d0f0 method=java.util.HashMap.putVal(ILjava/lang/Object;Ljava/lang/Object;ZZ)Ljava/lang/Object; @ 203
Event: 19.639 Thread 0x00000000194ed800 Uncommon trap: reason=unstable_if action=reinterpret pc=0x00000000036bda9c method=com.sun.javafx.css.StyleCache$Key.equals(Ljava/lang/Object;)Z @ 119
Event: 19.801 Thread 0x00000000194ed800 Uncommon trap: reason=bimorphic action=maybe_recompile pc=0x000000000331d0f0 method=java.util.HashMap.putVal(ILjava/lang/Object;Ljava/lang/Object;ZZ)Ljava/lang/Object; @ 203
Event: 20.229 Thread 0x00000000194ed800 Uncommon trap: reason=bimorphic action=maybe_recompile pc=0x000000000331d0f0 method=java.util.HashMap.putVal(ILjava/lang/Object;Ljava/lang/Object;ZZ)Ljava/lang/Object; @ 203

Internal exceptions (10 events):
Event: 0.170 Thread 0x0000000002d4e000 Exception <a 'java/security/PrivilegedActionException'> (0x00000000d60daf70) thrown at [C:\re\workspace\8-2-build-windows-amd64-cygwin\jdk8u45\3627\hotspot\src\share\vm\prims\jvm.cpp, line 1382]
Event: 0.170 Thread 0x0000000002d4e000 Exception <a 'java/security/PrivilegedActionException'> (0x00000000d60db128) thrown at [C:\re\workspace\8-2-build-windows-amd64-cygwin\jdk8u45\3627\hotspot\src\share\vm\prims\jvm.cpp, line 1382]
Event: 0.170 Thread 0x0000000002d4e000 Exception <a 'java/lang/NullPointerException'> (0x00000000d60db6a8) thrown at [C:\re\workspace\8-2-build-windows-amd64-cygwin\jdk8u45\3627\hotspot\src\share\vm\interpreter\linkResolver.cpp, line 1178]
Event: 0.357 Thread 0x00000000194ed800 Exception <a 'java/lang/NullPointerException'> (0x00000000d6a797f8) thrown at [C:\re\workspace\8-2-build-windows-amd64-cygwin\jdk8u45\3627\hotspot\src\share\vm\interpreter\linkResolver.cpp, line 1178]
Event: 0.357 Thread 0x00000000194ed800 Exception <a 'java/lang/NullPointerException'> (0x00000000d6a797f8) thrown at [C:\re\workspace\8-2-build-windows-amd64-cygwin\jdk8u45\3627\hotspot\src\share\vm\prims\jvm.cpp, line 1386]
Event: 0.456 Thread 0x00000000194ed800 Implicit null exception at 0x00000000031ad9f5 to 0x00000000031adbc5
Event: 0.488 Thread 0x00000000194ed800 Implicit null exception at 0x0000000003177f56 to 0x0000000003178285
Event: 0.878 Thread 0x00000000194ed800 Exception <a 'java/io/FileNotFoundException'> (0x00000000d7a7b478) thrown at [C:\re\workspace\8-2-build-windows-amd64-cygwin\jdk8u45\3627\hotspot\src\share\vm\prims\jni.cpp, line 709]
Event: 10.005 Thread 0x00000000194ed800 Implicit null exception at 0x0000000003c7d1ea to 0x0000000003c84999
Event: 10.020 Thread 0x00000000194ed800 Implicit null exception at 0x000000000396142b to 0x000000000396191d

Events (10 events):
Event: 19.801 Thread 0x00000000194ed800 DEOPT UNPACKING pc=0x0000000002f9582a sp=0x000000001a53d448 mode 2
Event: 20.216 Executing VM operation: ParallelGCFailedAllocation
Event: 20.226 Executing VM operation: ParallelGCFailedAllocation done
Event: 20.229 Thread 0x00000000194ed800 Uncommon trap: trap_request=0xffffffc6 fr.pc=0x000000000331d0f0
Event: 20.229 Thread 0x00000000194ed800 DEOPT PACKING pc=0x000000000331d0f0 sp=0x000000001a53d4d0
Event: 20.229 Thread 0x00000000194ed800 DEOPT UNPACKING pc=0x0000000002f9582a sp=0x000000001a53d448 mode 2
Event: 21.521 Executing VM operation: ParallelGCFailedAllocation
Event: 21.532 Executing VM operation: ParallelGCFailedAllocation done
Event: 23.046 Executing VM operation: ParallelGCFailedAllocation
Event: 23.058 Executing VM operation: ParallelGCFailedAllocation done


Dynamic libraries:
0x00007ff618920000 - 0x00007ff618957000 	C:\Program Files\Java\jdk1.8.0_45\bin\java.exe
0x00007ffbf0720000 - 0x00007ffbf08e1000 	C:\WINDOWS\SYSTEM32\ntdll.dll
0x00007ffbf0000000 - 0x00007ffbf00ad000 	C:\WINDOWS\system32\KERNEL32.DLL
0x00007ffbed610000 - 0x00007ffbed7f8000 	C:\WINDOWS\system32\KERNELBASE.dll
0x00007ffbf0240000 - 0x00007ffbf02e7000 	C:\WINDOWS\system32\ADVAPI32.dll
0x00007ffbef990000 - 0x00007ffbefa2d000 	C:\WINDOWS\system32\msvcrt.dll
0x00007ffbeff40000 - 0x00007ffbeff9b000 	C:\WINDOWS\system32\sechost.dll
0x00007ffbef5f0000 - 0x00007ffbef70c000 	C:\WINDOWS\system32\RPCRT4.dll
0x00007ffbefde0000 - 0x00007ffbeff36000 	C:\WINDOWS\system32\USER32.dll
0x00007ffbf00b0000 - 0x00007ffbf0236000 	C:\WINDOWS\system32\GDI32.dll
0x00007ffbda200000 - 0x00007ffbda474000 	C:\WINDOWS\WinSxS\amd64_microsoft.windows.common-controls_6595b64144ccf1df_6.0.10586.672_none_a2d6b3cea53ff843\COMCTL32.dll
0x00007ffbefb60000 - 0x00007ffbefddd000 	C:\WINDOWS\system32\combase.dll
0x00007ffbed800000 - 0x00007ffbed86a000 	C:\WINDOWS\system32\bcryptPrimitives.dll
0x00007ffbef710000 - 0x00007ffbef74b000 	C:\WINDOWS\system32\IMM32.DLL
0x000000005a600000 - 0x000000005a6d2000 	C:\Program Files\Java\jdk1.8.0_45\jre\bin\msvcr100.dll
0x000000005a6e0000 - 0x000000005af63000 	C:\Program Files\Java\jdk1.8.0_45\jre\bin\server\jvm.dll
0x00007ffbedb00000 - 0x00007ffbedb08000 	C:\WINDOWS\system32\PSAPI.DLL
0x00007ffbeb1f0000 - 0x00007ffbeb213000 	C:\WINDOWS\SYSTEM32\WINMM.dll
0x00007ffbdee00000 - 0x00007ffbdee09000 	C:\WINDOWS\SYSTEM32\WSOCK32.dll
0x00007ffbde630000 - 0x00007ffbde63a000 	C:\WINDOWS\SYSTEM32\VERSION.dll
0x00007ffbedb10000 - 0x00007ffbedb7b000 	C:\WINDOWS\system32\WS2_32.dll
0x00007ffbeb1c0000 - 0x00007ffbeb1ec000 	C:\WINDOWS\SYSTEM32\WINMMBASE.dll
0x00007ffbecee0000 - 0x00007ffbecf23000 	C:\WINDOWS\system32\cfgmgr32.dll
0x000000005a5b0000 - 0x000000005a5bf000 	C:\Program Files\Java\jdk1.8.0_45\jre\bin\verify.dll
0x000000005a580000 - 0x000000005a5a9000 	C:\Program Files\Java\jdk1.8.0_45\jre\bin\java.dll
0x000000005a560000 - 0x000000005a576000 	C:\Program Files\Java\jdk1.8.0_45\jre\bin\zip.dll
0x00007ffbedc90000 - 0x00007ffbef1ec000 	C:\WINDOWS\system32\SHELL32.dll
0x00007ffbecf30000 - 0x00007ffbed575000 	C:\WINDOWS\system32\windows.storage.dll
0x00007ffbeffa0000 - 0x00007ffbefff2000 	C:\WINDOWS\system32\shlwapi.dll
0x00007ffbecd40000 - 0x00007ffbecd4f000 	C:\WINDOWS\system32\kernel.appcore.dll
0x00007ffbeda40000 - 0x00007ffbedaf5000 	C:\WINDOWS\system32\shcore.dll
0x00007ffbecd50000 - 0x00007ffbecd9b000 	C:\WINDOWS\system32\powrprof.dll
0x00007ffbecd20000 - 0x00007ffbecd34000 	C:\WINDOWS\system32\profapi.dll
0x000000005a240000 - 0x000000005a26c000 	C:\Program Files\Java\jdk1.8.0_45\jre\bin\prism_d3d.dll
0x00007ffbbae80000 - 0x00007ffbbb090000 	C:\WINDOWS\system32\d3d9.dll
0x00007ffbea810000 - 0x00007ffbea832000 	C:\WINDOWS\SYSTEM32\dwmapi.dll
0x00007ffbeb470000 - 0x00007ffbeb506000 	C:\WINDOWS\system32\uxtheme.dll
0x00007ffbabf50000 - 0x00007ffbae48d000 	C:\WINDOWS\SYSTEM32\igdumdim64.dll
0x00007ffbef8c0000 - 0x00007ffbef986000 	C:\WINDOWS\system32\OLEAUT32.dll
0x00007ffbef4a0000 - 0x00007ffbef5e3000 	C:\WINDOWS\system32\ole32.dll
0x00007ffbf02f0000 - 0x00007ffbf0719000 	C:\WINDOWS\system32\SETUPAPI.dll
0x000000005a1f0000 - 0x000000005a231000 	C:\Program Files\Java\jdk1.8.0_45\jre\bin\glass.dll
0x00007ffbefa30000 - 0x00007ffbefb3b000 	C:\WINDOWS\system32\COMDLG32.dll
0x00007ffbed580000 - 0x00007ffbed606000 	C:\WINDOWS\system32\FirewallAPI.dll
0x00007ffbece60000 - 0x00007ffbece77000 	C:\WINDOWS\system32\NETAPI32.dll
0x00007ffbe4760000 - 0x00007ffbe476c000 	C:\WINDOWS\SYSTEM32\DAVHLPR.DLL
0x00007ffbeb870000 - 0x00007ffbeb8a2000 	C:\WINDOWS\SYSTEM32\fwbase.dll
0x00007ffbef760000 - 0x00007ffbef8ba000 	C:\WINDOWS\system32\MSCTF.dll
0x00007ffbe7dd0000 - 0x00007ffbe8810000 	C:\WINDOWS\SYSTEM32\igdusc64.dll
0x000000005a1d0000 - 0x000000005a1e5000 	C:\Program Files\Java\jdk1.8.0_45\jre\bin\javafx_font.dll
0x00007ffbe0a00000 - 0x00007ffbe0c5f000 	C:\WINDOWS\SYSTEM32\dwrite.dll
0x00007ffbedbe0000 - 0x00007ffbedc87000 	C:\WINDOWS\system32\clbcatq.dll
0x00007ffbea020000 - 0x00007ffbea1d1000 	C:\WINDOWS\SYSTEM32\WindowsCodecs.dll
0x00007ffbd02d0000 - 0x00007ffbd031a000 	C:\WINDOWS\system32\dataexchange.dll
0x00007ffbeaf30000 - 0x00007ffbeb013000 	C:\WINDOWS\system32\dcomp.dll
0x00007ffbea560000 - 0x00007ffbea808000 	C:\WINDOWS\system32\d3d11.dll
0x00007ffbea4b0000 - 0x00007ffbea552000 	C:\WINDOWS\system32\dxgi.dll
0x00007ffbeb610000 - 0x00007ffbeb710000 	C:\WINDOWS\system32\twinapi.appcore.dll
0x00007ffbec920000 - 0x00007ffbec949000 	C:\WINDOWS\system32\bcrypt.dll
0x00007ffbe48f0000 - 0x00007ffbe4924000 	C:\Program Files\Common Files\Microsoft Shared\Ink\rtscom.dll
0x000000005a1b0000 - 0x000000005a1c1000 	C:\Program Files\Java\jdk1.8.0_45\jre\bin\prism_common.dll
0x00007ffbeabb0000 - 0x00007ffbead36000 	C:\WINDOWS\system32\propsys.dll
0x00007ffbd0a50000 - 0x00007ffbd0af3000 	C:\Program Files\Common Files\microsoft shared\ink\tiptsf.dll
0x00007ffbebe40000 - 0x00007ffbebe90000 	C:\WINDOWS\SYSTEM32\edputil.dll
0x00007ffbe0e50000 - 0x00007ffbe0ea5000 	C:\WINDOWS\SYSTEM32\policymanager.dll
0x00007ffbe34c0000 - 0x00007ffbe3552000 	C:\WINDOWS\SYSTEM32\msvcp110_win.dll
0x00007ffbcedb0000 - 0x00007ffbcf250000 	C:\WINDOWS\system32\explorerframe.dll
0x00007ffbc54a0000 - 0x00007ffbc5653000 	C:\WINDOWS\system32\DUI70.dll
0x00007ffbdfab0000 - 0x00007ffbdfb48000 	C:\WINDOWS\system32\DUser.dll
0x00007ffbcdd40000 - 0x00007ffbcdd8d000 	C:\Windows\System32\thumbcache.dll
0x00007ffbe0810000 - 0x00007ffbe0995000 	C:\Windows\System32\Windows.Globalization.dll
0x00007ffbe2dc0000 - 0x00007ffbe2e27000 	C:\Windows\System32\Bcp47Langs.dll
0x00007ffbd7740000 - 0x00007ffbd7770000 	C:\WINDOWS\SYSTEM32\globinputhost.dll
0x00007ffbc5730000 - 0x00007ffbc57dc000 	C:\WINDOWS\System32\StructuredQuery.dll
0x00007ffbdbb60000 - 0x00007ffbdbff3000 	C:\Windows\System32\ActXPrxy.dll
0x00007ffbc7640000 - 0x00007ffbc7650000 	C:\WINDOWS\SYSTEM32\atlthunk.dll
0x00007ffbc5660000 - 0x00007ffbc572c000 	C:\WINDOWS\system32\Windows.Storage.Search.dll
0x00007ffbcd630000 - 0x00007ffbcd639000 	C:\WINDOWS\system32\IconCodecService.dll
0x00007ffbef3a0000 - 0x00007ffbef40f000 	C:\WINDOWS\system32\coml2.dll
0x00007ffbd7cb0000 - 0x00007ffbd7ccb000 	C:\WINDOWS\SYSTEM32\MPR.dll
0x00007ffbeb2c0000 - 0x00007ffbeb2cb000 	C:\WINDOWS\System32\drprov.dll
0x00007ffbebd90000 - 0x00007ffbebde6000 	C:\WINDOWS\System32\WINSTA.dll
0x00007ffbeb2a0000 - 0x00007ffbeb2b6000 	C:\WINDOWS\System32\ntlanman.dll
0x00007ffbce220000 - 0x00007ffbce22d000 	C:\WINDOWS\SYSTEM32\LINKINFO.dll
0x00007ffbdf890000 - 0x00007ffbdf8b0000 	C:\WINDOWS\System32\davclnt.dll
0x00007ffbe89f0000 - 0x00007ffbe8a06000 	C:\WINDOWS\System32\wkscli.dll
0x00007ffbde420000 - 0x00007ffbde432000 	C:\WINDOWS\SYSTEM32\cscapi.dll
0x00007ffbec190000 - 0x00007ffbec19c000 	C:\WINDOWS\System32\netutils.dll
0x00007ffbd2a00000 - 0x00007ffbd2ab1000 	C:\Windows\System32\twinapi.dll
0x00007ffbeb2e0000 - 0x00007ffbeb359000 	C:\WINDOWS\SYSTEM32\apphelp.dll
0x00007ffbc4f60000 - 0x00007ffbc4fdf000 	C:\Windows\System32\dlnashext.dll
0x00007ffbe45f0000 - 0x00007ffbe4664000 	C:\Windows\System32\PlayToDevice.dll
0x00007ffbdd750000 - 0x00007ffbdd76f000 	C:\Windows\System32\DevDispItemProvider.dll
0x00007ffbe9920000 - 0x00007ffbe9990000 	C:\WINDOWS\System32\MMDevApi.dll
0x00007ffbeb510000 - 0x00007ffbeb537000 	C:\WINDOWS\System32\DEVOBJ.dll
0x00007ffbe9cb0000 - 0x00007ffbe9d51000 	C:\Windows\System32\PortableDeviceApi.dll
0x00007ffbece80000 - 0x00007ffbeced5000 	C:\WINDOWS\system32\WINTRUST.dll
0x00007ffbecda0000 - 0x00007ffbecdb0000 	C:\WINDOWS\system32\MSASN1.dll
0x00007ffbed870000 - 0x00007ffbeda38000 	C:\WINDOWS\system32\CRYPT32.dll
0x00007ffbcc440000 - 0x00007ffbcc477000 	C:\Windows\System32\EhStorShell.dll
0x00007ffbdd0e0000 - 0x00007ffbdd106000 	C:\Windows\System32\EhStorAPI.dll
0x00007ffbeaad0000 - 0x00007ffbeaae3000 	C:\Windows\System32\WTSAPI32.dll
0x00007ffbcc8d0000 - 0x00007ffbcca62000 	C:\Users\zhaotingyi\AppData\Local\Microsoft\OneDrive\17.3.6301.0127\amd64\FileSyncShell64.dll
0x00007ffbcc7e0000 - 0x00007ffbcc8cf000 	C:\Users\zhaotingyi\AppData\Local\Microsoft\OneDrive\17.3.6301.0127\amd64\MSVCR120.dll
0x00007ffbdf040000 - 0x00007ffbdf337000 	C:\WINDOWS\SYSTEM32\WININET.dll
0x00007ffbcc730000 - 0x00007ffbcc7d6000 	C:\Users\zhaotingyi\AppData\Local\Microsoft\OneDrive\17.3.6301.0127\amd64\MSVCP120.dll
0x00007ffbcda30000 - 0x00007ffbcda59000 	C:\Program Files (x86)\Baofeng\StormPlayer\BFDesktopShell64.dll
0x00007ffbcc370000 - 0x00007ffbcc436000 	C:\WINDOWS\System32\cscui.dll
0x00007ffbcacc0000 - 0x00007ffbcace3000 	C:\WINDOWS\system32\mssprxy.dll
0x00007ffbc0190000 - 0x00007ffbc02b7000 	C:\WINDOWS\system32\NetworkExplorer.dll
0x00007ffbcdeb0000 - 0x00007ffbcdf8b000 	C:\WINDOWS\SYSTEM32\ntshrui.dll
0x00007ffbeca30000 - 0x00007ffbeca5d000 	C:\WINDOWS\SYSTEM32\SspiCli.dll
0x00007ffbde380000 - 0x00007ffbde3a6000 	C:\WINDOWS\SYSTEM32\srvcli.dll
0x00007ffbc19a0000 - 0x00007ffbc1b2c000 	C:\WINDOWS\SYSTEM32\dbghelp.dll

VM Arguments:
jvm_args: -Dfile.encoding=UTF-8 
java_command: tam.TAManagerApp
java_class_path (initial): C:\Users\zhaotingyi\Desktop\HW1_Solution\PropertiesManager\build\classes;C:\Users\zhaotingyi\Desktop\HW1_Solution\DesktopJavaFramework\build\classes;C:\Users\zhaotingyi\Desktop\HW1_Solution\javax.json-1.0.4.jar;C:\Users\zhaotingyi\Desktop\HW1_Solution\TAManager_Solution\build\classes
Launcher Type: SUN_STANDARD

Environment Variables:
JAVA_HOME=C:\Program Files (x86)\Java\jdk1.8.0_40
CLASSPATH=.;C:\Program Files (x86)\Java\jdk1.8.0_40\lib
PATH=C:\Program Files\Common Files\Siemens\Automation\Simatic OAM\bin;\C:\Program Files (x86)\Java\jdk1.8.0_40\bin;C:\ProgramData\Oracle\Java\javapath;C:\Program Files (x86)\NVIDIA Corporation\PhysX\Common;C:\Windows\system32;C:\Windows;C:\Windows\System32\Wbem;C:\Windows\System32\WindowsPowerShell\v1.0\;C:\Program Files (x86)\Java\jdk1.8.0_05\bin;C:\Program Files (x86)\Java\jdk1.8.0_05\jre\bin;C:\Program Files (x86)\PharosSystems\Core;C:\WINDOWS\system32;C:\WINDOWS;C:\WINDOWS\System32\Wbem;C:\WINDOWS\System32\WindowsPowerShell\v1.0\;C:\Program Files (x86)\Skype\Phone\;C:\Program Files\nodejs\;C:\CTEX\UserData\miktex\bin;C:\CTEX\MiKTeX\miktex\bin;C:\CTEX\CTeX\ctex\bin;C:\CTEX\CTeX\cct\bin;C:\CTEX\CTeX\ty\bin;C:\CTEX\Ghostscript\gs9.05\bin;C:\CTEX\GSview\gsview;C:\CTEX\WinEdt;\C:\Program Files (x86)\Java\jdk1.8.0_40\bin;C:\ProgramData\Oracle\Java\javapath;C:\Program Files (x86)\NVIDIA Corporation\PhysX\Common;C:\Windows\system32;C:\Windows;C:\Windows\System32\Wbem;C:\Windows\System32\WindowsPowerShell\v1.0\;C:\Program Files (x86)\Java\jdk1.8.0_05\bin;C:\Program Files (x86)\Java\jdk1.8.0_05\jre\bin;C:\Program Files (x86)\PharosSystems\Core;C:\WINDOWS\system32;C:\WINDOWS;C:\WINDOWS\System32\Wbem;C:\WINDOWS\System32\WindowsPowerShell\v1.0\;C:\Program Files (x86)\IDM Computer Solutions\UltraEdit\;C:\Users\zhaotingyi\AppData\Roaming\npm
USERNAME=zhaotingyi
OS=Windows_NT
PROCESSOR_IDENTIFIER=Intel64 Family 6 Model 69 Stepping 1, GenuineIntel



---------------  S Y S T E M  ---------------

OS: Windows 10.0 , 64 bit Build 10586 (10.0.10586.589)

CPU:total 4 (2 cores per cpu, 2 threads per core) family 6 model 69 stepping 1, cmov, cx8, fxsr, mmx, sse, sse2, sse3, ssse3, sse4.1, sse4.2, popcnt, avx, avx2, aes, clmul, erms, lzcnt, ht, tsc, tscinvbit, bmi1, bmi2

Memory: 4k page, physical 8295104k(3311632k free), swap 16683712k(3340k free)

vm_info: Java HotSpot(TM) 64-Bit Server VM (25.45-b02) for windows-amd64 JRE (1.8.0_45-b15), built on Apr 30 2015 12:40:44 by "java_re" with MS VC++ 10.0 (VS2010)

time: Sun Mar 12 05:48:43 2017
elapsed time: 23 seconds (0d 0h 0m 23s)

