#
# There is insufficient memory for the Java Runtime Environment to continue.
# Native memory allocation (malloc) failed to allocate 708896 bytes for Chunk::new
# Possible reasons:
#   The system is out of physical RAM or swap space
#   In 32 bit mode, the process size limit was hit
# Possible solutions:
#   Reduce memory load on the system
#   Increase physical memory or swap space
#   Check if swap backing store is full
#   Use 64 bit Java on a 64 bit OS
#   Decrease Java heap size (-Xmx/-Xms)
#   Decrease number of Java threads
#   Decrease Java thread stack sizes (-Xss)
#   Set larger code cache with -XX:ReservedCodeCacheSize=
# This output file may be truncated or incomplete.
#
#  Out of Memory Error (allocation.cpp:390), pid=584, tid=1020
#
# JRE version: Java(TM) SE Runtime Environment (8.0_45-b15) (build 1.8.0_45-b15)
# Java VM: Java HotSpot(TM) 64-Bit Server VM (25.45-b02 mixed mode windows-amd64 compressed oops)
# Failed to write core dump. Minidumps are not enabled by default on client versions of Windows
#

---------------  T H R E A D  ---------------

Current thread (0x00000000172fc000):  JavaThread "C2 CompilerThread0" daemon [_thread_in_native, id=1020, stack(0x0000000018800000,0x0000000018900000)]

Stack: [0x0000000018800000,0x0000000018900000]
Native frames: (J=compiled Java code, j=interpreted, Vv=VM code, C=native code)
V  [jvm.dll+0x32b57a]


Current CompileTask:
C2:  28600 5619       4       javafx.scene.layout.HBox::layoutChildren (296 bytes)


---------------  P R O C E S S  ---------------

Java Threads: ( => current thread )
  0x0000000019444800 JavaThread "Prism Font Disposer" daemon [_thread_blocked, id=14128, stack(0x0000000022200000,0x0000000022300000)]
  0x0000000019181000 JavaThread "Thread-3" daemon [_thread_in_native, id=6004, stack(0x000000001e270000,0x000000001e370000)]
  0x0000000019178800 JavaThread "JavaFX-Launcher" [_thread_blocked, id=12300, stack(0x000000001e370000,0x000000001e470000)]
  0x0000000018ce9800 JavaThread "JavaFX Application Thread" [_thread_blocked, id=4524, stack(0x0000000019be0000,0x0000000019ce0000)]
  0x0000000018ce9000 JavaThread "Thread-1" daemon [_thread_blocked, id=4228, stack(0x0000000019ac0000,0x0000000019bc0000)]
  0x0000000018cb5800 JavaThread "QuantumRenderer-0" daemon [_thread_in_Java, id=2324, stack(0x0000000019900000,0x0000000019a00000)]
  0x0000000018981800 JavaThread "Service Thread" daemon [_thread_blocked, id=6376, stack(0x0000000018f00000,0x0000000019000000)]
  0x0000000018904800 JavaThread "C1 CompilerThread2" daemon [_thread_blocked, id=12964, stack(0x0000000018e00000,0x0000000018f00000)]
  0x0000000018900800 JavaThread "C2 CompilerThread1" daemon [_thread_blocked, id=1808, stack(0x0000000018d00000,0x0000000018e00000)]
=>0x00000000172fc000 JavaThread "C2 CompilerThread0" daemon [_thread_in_native, id=1020, stack(0x0000000018800000,0x0000000018900000)]
  0x00000000172b0800 JavaThread "Attach Listener" daemon [_thread_blocked, id=10920, stack(0x0000000018700000,0x0000000018800000)]
  0x00000000172af800 JavaThread "Signal Dispatcher" daemon [_thread_blocked, id=17180, stack(0x0000000018600000,0x0000000018700000)]
  0x0000000017269000 JavaThread "Finalizer" daemon [_thread_blocked, id=17396, stack(0x0000000018500000,0x0000000018600000)]
  0x0000000002730800 JavaThread "Reference Handler" daemon [_thread_blocked, id=14304, stack(0x0000000018400000,0x0000000018500000)]
  0x000000000229e000 JavaThread "main" [_thread_blocked, id=17104, stack(0x0000000002190000,0x0000000002290000)]

Other Threads:
  0x0000000017267000 VMThread [stack: 0x0000000018300000,0x0000000018400000] [id=6272]
  0x000000001898b000 WatcherThread [stack: 0x0000000019000000,0x0000000019100000] [id=3284]

VM state:not at safepoint (normal execution)

VM Mutex/Monitor currently owned by a thread: None

Heap:
 PSYoungGen      total 412672K, used 265300K [0x00000000d5d00000, 0x00000000f1d80000, 0x0000000100000000)
  eden space 400384K, 65% used [0x00000000d5d00000,0x00000000e5e55298,0x00000000ee400000)
  from space 12288K, 14% used [0x00000000ee400000,0x00000000ee5c0000,0x00000000ef000000)
  to   space 12288K, 0% used [0x00000000f1180000,0x00000000f1180000,0x00000000f1d80000)
 ParOldGen       total 70144K, used 28670K [0x0000000081600000, 0x0000000085a80000, 0x00000000d5d00000)
  object space 70144K, 40% used [0x0000000081600000,0x00000000831ffb48,0x0000000085a80000)
 Metaspace       used 22359K, capacity 23902K, committed 24192K, reserved 1071104K
  class space    used 3081K, capacity 3392K, committed 3456K, reserved 1048576K

Card table byte_map: [0x0000000011b00000,0x0000000011f00000] byte_map_base: 0x00000000116f5000

Marking Bits: (ParMarkBitMap*) 0x000000005aee4040
 Begin Bits: [0x00000000125b0000, 0x0000000014558000)
 End Bits:   [0x0000000014558000, 0x0000000016500000)

Polling page: 0x0000000000990000

CodeCache: size=245760Kb used=15429Kb max_used=17034Kb free=230330Kb
 bounds [0x0000000002740000, 0x0000000003840000, 0x0000000011740000]
 total_blobs=5201 nmethods=4498 adapters=613
 compilation: enabled

Compilation events (10 events):
Event: 28.543 Thread 0x0000000018904800 5618       3       javafx.scene.layout.BorderPane::layoutChildren (1153 bytes)
Event: 28.570 Thread 0x0000000018904800 nmethod 5618 0x0000000003272690 code [0x0000000003273800, 0x0000000003281bf8]
Event: 28.570 Thread 0x0000000018904800 5621       3       javafx.scene.layout.StackPane::getContentBias (84 bytes)
Event: 28.570 Thread 0x0000000018904800 nmethod 5621 0x000000000309f4d0 code [0x000000000309f6a0, 0x000000000309fe68]
Event: 28.570 Thread 0x0000000018904800 5622       3       com.sun.javafx.scene.control.skin.ScrollPaneSkin::determineVerticalSBVisible (146 bytes)
Event: 28.571 Thread 0x0000000018904800 nmethod 5622 0x00000000034a67d0 code [0x00000000034a6a00, 0x00000000034a77d8]
Event: 28.571 Thread 0x0000000018904800 5623       3       com.sun.javafx.scene.control.skin.ScrollPaneSkin::determineHorizontalSBVisible (146 bytes)
Event: 28.571 Thread 0x0000000018904800 nmethod 5623 0x00000000037ed850 code [0x00000000037eda80, 0x00000000037ee858]
Event: 28.571 Thread 0x0000000018904800 5620       3       java.security.AccessControlContext::optimize (318 bytes)
Event: 28.574 Thread 0x0000000018904800 nmethod 5620 0x0000000003073dd0 code [0x0000000003074120, 0x0000000003075c78]

GC Heap History (10 events):
Event: 24.178 GC heap before
{Heap before GC invocations=26 (full 1):
 PSYoungGen      total 412672K, used 408080K [0x00000000d5d00000, 0x00000000efd80000, 0x0000000100000000)
  eden space 400384K, 100% used [0x00000000d5d00000,0x00000000ee400000,0x00000000ee400000)
  from space 12288K, 62% used [0x00000000ef000000,0x00000000ef784010,0x00000000efc00000)
  to   space 12288K, 0% used [0x00000000ee400000,0x00000000ee400000,0x00000000ef000000)
 ParOldGen       total 70144K, used 22588K [0x0000000081600000, 0x0000000085a80000, 0x00000000d5d00000)
  object space 70144K, 32% used [0x0000000081600000,0x0000000082c0f070,0x0000000085a80000)
 Metaspace       used 22291K, capacity 23834K, committed 23936K, reserved 1069056K
  class space    used 3081K, capacity 3392K, committed 3456K, reserved 1048576K
Event: 24.187 GC heap after
Heap after GC invocations=26 (full 1):
 PSYoungGen      total 412672K, used 7664K [0x00000000d5d00000, 0x00000000efd80000, 0x0000000100000000)
  eden space 400384K, 0% used [0x00000000d5d00000,0x00000000d5d00000,0x00000000ee400000)
  from space 12288K, 62% used [0x00000000ee400000,0x00000000eeb7c010,0x00000000ef000000)
  to   space 12288K, 0% used [0x00000000ef000000,0x00000000ef000000,0x00000000efc00000)
 ParOldGen       total 70144K, used 22676K [0x0000000081600000, 0x0000000085a80000, 0x00000000d5d00000)
  object space 70144K, 32% used [0x0000000081600000,0x0000000082c25070,0x0000000085a80000)
 Metaspace       used 22291K, capacity 23834K, committed 23936K, reserved 1069056K
  class space    used 3081K, capacity 3392K, committed 3456K, reserved 1048576K
}
Event: 25.093 GC heap before
{Heap before GC invocations=27 (full 1):
 PSYoungGen      total 412672K, used 408048K [0x00000000d5d00000, 0x00000000efd80000, 0x0000000100000000)
  eden space 400384K, 100% used [0x00000000d5d00000,0x00000000ee400000,0x00000000ee400000)
  from space 12288K, 62% used [0x00000000ee400000,0x00000000eeb7c010,0x00000000ef000000)
  to   space 12288K, 0% used [0x00000000ef000000,0x00000000ef000000,0x00000000efc00000)
 ParOldGen       total 70144K, used 22676K [0x0000000081600000, 0x0000000085a80000, 0x00000000d5d00000)
  object space 70144K, 32% used [0x0000000081600000,0x0000000082c25070,0x0000000085a80000)
 Metaspace       used 22297K, capacity 23834K, committed 23936K, reserved 1069056K
  class space    used 3081K, capacity 3392K, committed 3456K, reserved 1048576K
Event: 25.102 GC heap after
Heap after GC invocations=27 (full 1):
 PSYoungGen      total 412672K, used 7504K [0x00000000d5d00000, 0x00000000efd80000, 0x0000000100000000)
  eden space 400384K, 0% used [0x00000000d5d00000,0x00000000d5d00000,0x00000000ee400000)
  from space 12288K, 61% used [0x00000000ef000000,0x00000000ef754010,0x00000000efc00000)
  to   space 12288K, 0% used [0x00000000ee400000,0x00000000ee400000,0x00000000ef000000)
 ParOldGen       total 70144K, used 22884K [0x0000000081600000, 0x0000000085a80000, 0x00000000d5d00000)
  object space 70144K, 32% used [0x0000000081600000,0x0000000082c59070,0x0000000085a80000)
 Metaspace       used 22297K, capacity 23834K, committed 23936K, reserved 1069056K
  class space    used 3081K, capacity 3392K, committed 3456K, reserved 1048576K
}
Event: 25.898 GC heap before
{Heap before GC invocations=28 (full 1):
 PSYoungGen      total 412672K, used 407888K [0x00000000d5d00000, 0x00000000efd80000, 0x0000000100000000)
  eden space 400384K, 100% used [0x00000000d5d00000,0x00000000ee400000,0x00000000ee400000)
  from space 12288K, 61% used [0x00000000ef000000,0x00000000ef754010,0x00000000efc00000)
  to   space 12288K, 0% used [0x00000000ee400000,0x00000000ee400000,0x00000000ef000000)
 ParOldGen       total 70144K, used 22884K [0x0000000081600000, 0x0000000085a80000, 0x00000000d5d00000)
  object space 70144K, 32% used [0x0000000081600000,0x0000000082c59070,0x0000000085a80000)
 Metaspace       used 22319K, capacity 23834K, committed 23936K, reserved 1069056K
  class space    used 3081K, capacity 3392K, committed 3456K, reserved 1048576K
Event: 25.907 GC heap after
Heap after GC invocations=28 (full 1):
 PSYoungGen      total 412672K, used 1872K [0x00000000d5d00000, 0x00000000efd80000, 0x0000000100000000)
  eden space 400384K, 0% used [0x00000000d5d00000,0x00000000d5d00000,0x00000000ee400000)
  from space 12288K, 15% used [0x00000000ee400000,0x00000000ee5d4010,0x00000000ef000000)
  to   space 12288K, 0% used [0x00000000ef000000,0x00000000ef000000,0x00000000efc00000)
 ParOldGen       total 70144K, used 28558K [0x0000000081600000, 0x0000000085a80000, 0x00000000d5d00000)
  object space 70144K, 40% used [0x0000000081600000,0x00000000831e3b48,0x0000000085a80000)
 Metaspace       used 22319K, capacity 23834K, committed 23936K, reserved 1069056K
  class space    used 3081K, capacity 3392K, committed 3456K, reserved 1048576K
}
Event: 26.829 GC heap before
{Heap before GC invocations=29 (full 1):
 PSYoungGen      total 412672K, used 402256K [0x00000000d5d00000, 0x00000000efd80000, 0x0000000100000000)
  eden space 400384K, 100% used [0x00000000d5d00000,0x00000000ee400000,0x00000000ee400000)
  from space 12288K, 15% used [0x00000000ee400000,0x00000000ee5d4010,0x00000000ef000000)
  to   space 12288K, 0% used [0x00000000ef000000,0x00000000ef000000,0x00000000efc00000)
 ParOldGen       total 70144K, used 28558K [0x0000000081600000, 0x0000000085a80000, 0x00000000d5d00000)
  object space 70144K, 40% used [0x0000000081600000,0x00000000831e3b48,0x0000000085a80000)
 Metaspace       used 22320K, capacity 23834K, committed 23936K, reserved 1069056K
  class space    used 3081K, capacity 3392K, committed 3456K, reserved 1048576K
Event: 26.833 GC heap after
Heap after GC invocations=29 (full 1):
 PSYoungGen      total 412672K, used 1808K [0x00000000d5d00000, 0x00000000efd80000, 0x0000000100000000)
  eden space 400384K, 0% used [0x00000000d5d00000,0x00000000d5d00000,0x00000000ee400000)
  from space 12288K, 14% used [0x00000000ef000000,0x00000000ef1c4010,0x00000000efc00000)
  to   space 12288K, 0% used [0x00000000ee400000,0x00000000ee400000,0x00000000ef000000)
 ParOldGen       total 70144K, used 28638K [0x0000000081600000, 0x0000000085a80000, 0x00000000d5d00000)
  object space 70144K, 40% used [0x0000000081600000,0x00000000831f7b48,0x0000000085a80000)
 Metaspace       used 22320K, capacity 23834K, committed 23936K, reserved 1069056K
  class space    used 3081K, capacity 3392K, committed 3456K, reserved 1048576K
}
Event: 27.950 GC heap before
{Heap before GC invocations=30 (full 1):
 PSYoungGen      total 412672K, used 402192K [0x00000000d5d00000, 0x00000000efd80000, 0x0000000100000000)
  eden space 400384K, 100% used [0x00000000d5d00000,0x00000000ee400000,0x00000000ee400000)
  from space 12288K, 14% used [0x00000000ef000000,0x00000000ef1c4010,0x00000000efc00000)
  to   space 12288K, 0% used [0x00000000ee400000,0x00000000ee400000,0x00000000ef000000)
 ParOldGen       total 70144K, used 28638K [0x0000000081600000, 0x0000000085a80000, 0x00000000d5d00000)
  object space 70144K, 40% used [0x0000000081600000,0x00000000831f7b48,0x0000000085a80000)
 Metaspace       used 22334K, capacity 23902K, committed 24192K, reserved 1071104K
  class space    used 3081K, capacity 3392K, committed 3456K, reserved 1048576K
Event: 27.953 GC heap after
Heap after GC invocations=30 (full 1):
 PSYoungGen      total 412672K, used 1792K [0x00000000d5d00000, 0x00000000f1d80000, 0x0000000100000000)
  eden space 400384K, 0% used [0x00000000d5d00000,0x00000000d5d00000,0x00000000ee400000)
  from space 12288K, 14% used [0x00000000ee400000,0x00000000ee5c0000,0x00000000ef000000)
  to   space 12288K, 0% used [0x00000000f1180000,0x00000000f1180000,0x00000000f1d80000)
 ParOldGen       total 70144K, used 28670K [0x0000000081600000, 0x0000000085a80000, 0x00000000d5d00000)
  object space 70144K, 40% used [0x0000000081600000,0x00000000831ffb48,0x0000000085a80000)
 Metaspace       used 22334K, capacity 23902K, committed 24192K, reserved 1071104K
  class space    used 3081K, capacity 3392K, committed 3456K, reserved 1048576K
}

Deoptimization events (10 events):
Event: 12.291 Thread 0x0000000018ce9800 Uncommon trap: reason=class_check action=maybe_recompile pc=0x00000000034440c4 method=javafx.scene.layout.HBox.getContentBias()Ljavafx/geometry/Orientation; @ 39
Event: 14.791 Thread 0x0000000018cb5800 Uncommon trap: reason=unstable_if action=reinterpret pc=0x000000000377f050 method=com.sun.javafx.sg.prism.NGGroup.computeRenderRoot(Lcom/sun/javafx/sg/prism/NodePath;Lcom/sun/javafx/geom/RectBounds;ILcom/sun/javafx/geom/transform/BaseTransform;Lcom/sun/javq‹”®∫-@
Event: 14.863 Thread 0x0000000018cb5800 Uncommon trap: reason=unstable_if action=reinterpret pc=0x00000000029448a8 method=com.sun.javafx.sg.prism.NGNode.computeNodeRenderRoot(Lcom/sun/javafx/sg/prism/NodePath;Lcom/sun/javafx/geom/RectBounds;ILcom/sun/javafx/geom/transform/BaseTransform;Lcom/sun/
Event: 15.526 Thread 0x0000000018ce9800 Uncommon trap: reason=unstable_if action=reinterpret pc=0x00000000037c9814 method=com.sun.javafx.css.StyleCache$Key.equals(Ljava/lang/Object;)Z @ 91
Event: 21.042 Thread 0x0000000018ce9800 Uncommon trap: reason=array_check action=maybe_recompile pc=0x00000000031901cc method=java.util.AbstractCollection.toArray([Ljava/lang/Object;)[Ljava/lang/Object; @ 119
Event: 21.042 Thread 0x0000000018ce9800 Uncommon trap: reason=array_check action=maybe_recompile pc=0x00000000031901cc method=java.util.AbstractCollection.toArray([Ljava/lang/Object;)[Ljava/lang/Object; @ 119
Event: 21.042 Thread 0x0000000018ce9800 Uncommon trap: reason=array_check action=maybe_recompile pc=0x00000000031901cc method=java.util.AbstractCollection.toArray([Ljava/lang/Object;)[Ljava/lang/Object; @ 119
Event: 21.042 Thread 0x0000000018ce9800 Uncommon trap: reason=array_check action=maybe_recompile pc=0x00000000031901cc method=java.util.AbstractCollection.toArray([Ljava/lang/Object;)[Ljava/lang/Object; @ 119
Event: 21.531 Thread 0x0000000018ce9800 Uncommon trap: reason=bimorphic action=maybe_recompile pc=0x0000000002b10f58 method=java.util.HashMap.putVal(ILjava/lang/Object;Ljava/lang/Object;ZZ)Ljava/lang/Object; @ 203
Event: 25.141 Thread 0x0000000018ce9800 Uncommon trap: reason=bimorphic action=maybe_recompile pc=0x0000000002b10f58 method=java.util.HashMap.putVal(ILjava/lang/Object;Ljava/lang/Object;ZZ)Ljava/lang/Object; @ 203

Internal exceptions (10 events):
Event: 0.167 Thread 0x000000000229e000 Exception <a 'java/security/PrivilegedActionException'> (0x00000000d60daf70) thrown at [C:\re\workspace\8-2-build-windows-amd64-cygwin\jdk8u45\3627\hotspot\src\share\vm\prims\jvm.cpp, line 1382]
Event: 0.167 Thread 0x000000000229e000 Exception <a 'java/security/PrivilegedActionException'> (0x00000000d60db128) thrown at [C:\re\workspace\8-2-build-windows-amd64-cygwin\jdk8u45\3627\hotspot\src\share\vm\prims\jvm.cpp, line 1382]
Event: 0.168 Thread 0x000000000229e000 Exception <a 'java/lang/NullPointerException'> (0x00000000d60db6a8) thrown at [C:\re\workspace\8-2-build-windows-amd64-cygwin\jdk8u45\3627\hotspot\src\share\vm\interpreter\linkResolver.cpp, line 1178]
Event: 0.353 Thread 0x0000000018ce9800 Exception <a 'java/lang/NullPointerException'> (0x00000000d6a79358) thrown at [C:\re\workspace\8-2-build-windows-amd64-cygwin\jdk8u45\3627\hotspot\src\share\vm\interpreter\linkResolver.cpp, line 1178]
Event: 0.353 Thread 0x0000000018ce9800 Exception <a 'java/lang/NullPointerException'> (0x00000000d6a79358) thrown at [C:\re\workspace\8-2-build-windows-amd64-cygwin\jdk8u45\3627\hotspot\src\share\vm\prims\jvm.cpp, line 1386]
Event: 0.458 Thread 0x0000000018ce9800 Implicit null exception at 0x0000000002999275 to 0x0000000002999445
Event: 0.490 Thread 0x0000000018ce9800 Implicit null exception at 0x000000000295ee96 to 0x000000000295f1c5
Event: 0.886 Thread 0x0000000018ce9800 Exception <a 'java/io/FileNotFoundException'> (0x00000000d7a7ad60) thrown at [C:\re\workspace\8-2-build-windows-amd64-cygwin\jdk8u45\3627\hotspot\src\share\vm\prims\jni.cpp, line 709]
Event: 4.454 Thread 0x0000000018ce9800 Implicit null exception at 0x0000000002d2860e to 0x0000000002d29181
Event: 10.621 Thread 0x0000000018ce9800 Implicit null exception at 0x0000000003453c02 to 0x000000000345aaed

Events (10 events):
Event: 25.102 Executing VM operation: ParallelGCFailedAllocation done
Event: 25.141 Thread 0x0000000018ce9800 Uncommon trap: trap_request=0xffffffc6 fr.pc=0x0000000002b10f58
Event: 25.141 Thread 0x0000000018ce9800 DEOPT PACKING pc=0x0000000002b10f58 sp=0x0000000019cdd540
Event: 25.141 Thread 0x0000000018ce9800 DEOPT UNPACKING pc=0x000000000278582a sp=0x0000000019cdd4b8 mode 2
Event: 25.898 Executing VM operation: ParallelGCFailedAllocation
Event: 25.907 Executing VM operation: ParallelGCFailedAllocation done
Event: 26.829 Executing VM operation: ParallelGCFailedAllocation
Event: 26.833 Executing VM operation: ParallelGCFailedAllocation done
Event: 27.950 Executing VM operation: ParallelGCFailedAllocation
Event: 27.953 Executing VM operation: ParallelGCFailedAllocation done


Dynamic libraries:
0x00007ff618920000 - 0x00007ff618957000 	C:\Program Files\Java\jdk1.8.0_45\bin\java.exe
0x00007ffbf0720000 - 0x00007ffbf08e1000 	C:\WINDOWS\SYSTEM32\ntdll.dll
0x00007ffbf0000000 - 0x00007ffbf00ad000 	C:\WINDOWS\system32\KERNEL32.DLL
0x00007ffbed610000 - 0x00007ffbed7f8000 	C:\WINDOWS\system32\KERNELBASE.dll
0x00007ffbf0240000 - 0x00007ffbf02e7000 	C:\WINDOWS\system32\ADVAPI32.dll
0x00007ffbef990000 - 0x00007ffbefa2d000 	C:\WINDOWS\system32\msvcrt.dll
0x00007ffbeff40000 - 0x00007ffbeff9b000 	C:\WINDOWS\system32\sechost.dll
0x00007ffbef5f0000 - 0x00007ffbef70c000 	C:\WINDOWS\system32\RPCRT4.dll
0x00007ffbefde0000 - 0x00007ffbeff36000 	C:\WINDOWS\system32\USER32.dll
0x00007ffbf00b0000 - 0x00007ffbf0236000 	C:\WINDOWS\system32\GDI32.dll
0x00007ffbda200000 - 0x00007ffbda474000 	C:\WINDOWS\WinSxS\amd64_microsoft.windows.common-controls_6595b64144ccf1df_6.0.10586.672_none_a2d6b3cea53ff843\COMCTL32.dll
0x00007ffbefb60000 - 0x00007ffbefddd000 	C:\WINDOWS\system32\combase.dll
0x00007ffbed800000 - 0x00007ffbed86a000 	C:\WINDOWS\system32\bcryptPrimitives.dll
0x00007ffbef710000 - 0x00007ffbef74b000 	C:\WINDOWS\system32\IMM32.DLL
0x000000005a600000 - 0x000000005a6d2000 	C:\Program Files\Java\jdk1.8.0_45\jre\bin\msvcr100.dll
0x000000005a6e0000 - 0x000000005af63000 	C:\Program Files\Java\jdk1.8.0_45\jre\bin\server\jvm.dll
0x00007ffbedb00000 - 0x00007ffbedb08000 	C:\WINDOWS\system32\PSAPI.DLL
0x00007ffbdee00000 - 0x00007ffbdee09000 	C:\WINDOWS\SYSTEM32\WSOCK32.dll
0x00007ffbde630000 - 0x00007ffbde63a000 	C:\WINDOWS\SYSTEM32\VERSION.dll
0x00007ffbeb1f0000 - 0x00007ffbeb213000 	C:\WINDOWS\SYSTEM32\WINMM.dll
0x00007ffbedb10000 - 0x00007ffbedb7b000 	C:\WINDOWS\system32\WS2_32.dll
0x00000000009c0000 - 0x00000000009ec000 	C:\WINDOWS\SYSTEM32\WINMMBASE.dll
0x00007ffbecee0000 - 0x00007ffbecf23000 	C:\WINDOWS\system32\cfgmgr32.dll
0x000000005a5b0000 - 0x000000005a5bf000 	C:\Program Files\Java\jdk1.8.0_45\jre\bin\verify.dll
0x000000005a580000 - 0x000000005a5a9000 	C:\Program Files\Java\jdk1.8.0_45\jre\bin\java.dll
0x000000005a560000 - 0x000000005a576000 	C:\Program Files\Java\jdk1.8.0_45\jre\bin\zip.dll
0x00007ffbedc90000 - 0x00007ffbef1ec000 	C:\WINDOWS\system32\SHELL32.dll
0x00007ffbecf30000 - 0x00007ffbed575000 	C:\WINDOWS\system32\windows.storage.dll
0x00007ffbeffa0000 - 0x00007ffbefff2000 	C:\WINDOWS\system32\shlwapi.dll
0x00007ffbecd40000 - 0x00007ffbecd4f000 	C:\WINDOWS\system32\kernel.appcore.dll
0x00007ffbeda40000 - 0x00007ffbedaf5000 	C:\WINDOWS\system32\shcore.dll
0x00007ffbecd50000 - 0x00007ffbecd9b000 	C:\WINDOWS\system32\powrprof.dll
0x00007ffbecd20000 - 0x00007ffbecd34000 	C:\WINDOWS\system32\profapi.dll
0x000000005a240000 - 0x000000005a26c000 	C:\Program Files\Java\jdk1.8.0_45\jre\bin\prism_d3d.dll
0x00007ffbbae80000 - 0x00007ffbbb090000 	C:\WINDOWS\system32\d3d9.dll
0x00007ffbea810000 - 0x00007ffbea832000 	C:\WINDOWS\SYSTEM32\dwmapi.dll
0x00007ffbeb470000 - 0x00007ffbeb506000 	C:\WINDOWS\system32\uxtheme.dll
0x00007ffbabf50000 - 0x00007ffbae48d000 	C:\WINDOWS\SYSTEM32\igdumdim64.dll
0x00007ffbef8c0000 - 0x00007ffbef986000 	C:\WINDOWS\system32\OLEAUT32.dll
0x00007ffbef4a0000 - 0x00007ffbef5e3000 	C:\WINDOWS\system32\ole32.dll
0x00007ffbf02f0000 - 0x00007ffbf0719000 	C:\WINDOWS\system32\SETUPAPI.dll
0x000000005a1f0000 - 0x000000005a231000 	C:\Program Files\Java\jdk1.8.0_45\jre\bin\glass.dll
0x00007ffbefa30000 - 0x00007ffbefb3b000 	C:\WINDOWS\system32\COMDLG32.dll
0x00007ffbed580000 - 0x00007ffbed606000 	C:\WINDOWS\system32\FirewallAPI.dll
0x00007ffbece60000 - 0x00007ffbece77000 	C:\WINDOWS\system32\NETAPI32.dll
0x00007ffbe4760000 - 0x00007ffbe476c000 	C:\WINDOWS\SYSTEM32\DAVHLPR.DLL
0x00007ffbeb870000 - 0x00007ffbeb8a2000 	C:\WINDOWS\SYSTEM32\fwbase.dll
0x00007ffbef760000 - 0x00007ffbef8ba000 	C:\WINDOWS\system32\MSCTF.dll
0x00007ffbe7dd0000 - 0x00007ffbe8810000 	C:\WINDOWS\SYSTEM32\igdusc64.dll
0x000000005a1d0000 - 0x000000005a1e5000 	C:\Program Files\Java\jdk1.8.0_45\jre\bin\javafx_font.dll
0x00007ffbe0a00000 - 0x00007ffbe0c5f000 	C:\WINDOWS\SYSTEM32\dwrite.dll
0x00007ffbedbe0000 - 0x00007ffbedc87000 	C:\WINDOWS\system32\clbcatq.dll
0x00007ffbea020000 - 0x00007ffbea1d1000 	C:\WINDOWS\SYSTEM32\WindowsCodecs.dll
0x00007ffbd02d0000 - 0x00007ffbd031a000 	C:\WINDOWS\system32\dataexchange.dll
0x00007ffbeaf30000 - 0x00007ffbeb013000 	C:\WINDOWS\system32\dcomp.dll
0x00007ffbea560000 - 0x00007ffbea808000 	C:\WINDOWS\system32\d3d11.dll
0x00007ffbea4b0000 - 0x00007ffbea552000 	C:\WINDOWS\system32\dxgi.dll
0x00007ffbeb610000 - 0x00007ffbeb710000 	C:\WINDOWS\system32\twinapi.appcore.dll
0x00007ffbec920000 - 0x00007ffbec949000 	C:\WINDOWS\system32\bcrypt.dll
0x00007ffbe48f0000 - 0x00007ffbe4924000 	C:\Program Files\Common Files\Microsoft Shared\Ink\rtscom.dll
0x000000005a1b0000 - 0x000000005a1c1000 	C:\Program Files\Java\jdk1.8.0_45\jre\bin\prism_common.dll
0x00007ffbeabb0000 - 0x00007ffbead36000 	C:\WINDOWS\system32\propsys.dll
0x00007ffbd0a50000 - 0x00007ffbd0af3000 	C:\Program Files\Common Files\microsoft shared\ink\tiptsf.dll
0x00007ffbebe40000 - 0x00007ffbebe90000 	C:\WINDOWS\SYSTEM32\edputil.dll
0x00007ffbe0e50000 - 0x00007ffbe0ea5000 	C:\WINDOWS\SYSTEM32\policymanager.dll
0x00007ffbe34c0000 - 0x00007ffbe3552000 	C:\WINDOWS\SYSTEM32\msvcp110_win.dll
0x00007ffbcedb0000 - 0x00007ffbcf250000 	C:\WINDOWS\system32\explorerframe.dll
0x00007ffbc54a0000 - 0x00007ffbc5653000 	C:\WINDOWS\system32\DUI70.dll
0x00007ffbdfab0000 - 0x00007ffbdfb48000 	C:\WINDOWS\system32\DUser.dll
0x00007ffbcdd40000 - 0x00007ffbcdd8d000 	C:\Windows\System32\thumbcache.dll
0x00007ffbe0810000 - 0x00007ffbe0995000 	C:\Windows\System32\Windows.Globalization.dll
0x00007ffbe2dc0000 - 0x00007ffbe2e27000 	C:\Windows\System32\Bcp47Langs.dll
0x00007ffbd7740000 - 0x00007ffbd7770000 	C:\WINDOWS\SYSTEM32\globinputhost.dll
0x00007ffbc5730000 - 0x00007ffbc57dc000 	C:\WINDOWS\System32\StructuredQuery.dll
0x00007ffbdbb60000 - 0x00007ffbdbff3000 	C:\Windows\System32\ActXPrxy.dll
0x00007ffbc7640000 - 0x00007ffbc7650000 	C:\WINDOWS\SYSTEM32\atlthunk.dll
0x00007ffbc5660000 - 0x00007ffbc572c000 	C:\WINDOWS\system32\Windows.Storage.Search.dll
0x00007ffbcd630000 - 0x00007ffbcd639000 	C:\WINDOWS\system32\IconCodecService.dll
0x00007ffbef3a0000 - 0x00007ffbef40f000 	C:\WINDOWS\system32\coml2.dll
0x00007ffbce220000 - 0x00007ffbce22d000 	C:\WINDOWS\SYSTEM32\LINKINFO.dll
0x00007ffbd7cb0000 - 0x00007ffbd7ccb000 	C:\WINDOWS\SYSTEM32\MPR.dll
0x00007ffbeb2c0000 - 0x00007ffbeb2cb000 	C:\WINDOWS\System32\drprov.dll
0x00007ffbebd90000 - 0x00007ffbebde6000 	C:\WINDOWS\System32\WINSTA.dll
0x00007ffbeb2a0000 - 0x00007ffbeb2b6000 	C:\WINDOWS\System32\ntlanman.dll
0x00007ffbdf890000 - 0x00007ffbdf8b0000 	C:\WINDOWS\System32\davclnt.dll
0x00007ffbe89f0000 - 0x00007ffbe8a06000 	C:\WINDOWS\System32\wkscli.dll
0x00007ffbde420000 - 0x00007ffbde432000 	C:\WINDOWS\SYSTEM32\cscapi.dll
0x00007ffbec190000 - 0x00007ffbec19c000 	C:\WINDOWS\System32\netutils.dll
0x00007ffbd2a00000 - 0x00007ffbd2ab1000 	C:\Windows\System32\twinapi.dll
0x00007ffbeb2e0000 - 0x00007ffbeb359000 	C:\WINDOWS\SYSTEM32\apphelp.dll
0x00007ffbc4f60000 - 0x00007ffbc4fdf000 	C:\Windows\System32\dlnashext.dll
0x00007ffbe45f0000 - 0x00007ffbe4664000 	C:\Windows\System32\PlayToDevice.dll
0x00007ffbdd750000 - 0x00007ffbdd76f000 	C:\Windows\System32\DevDispItemProvider.dll
0x00007ffbe9920000 - 0x00007ffbe9990000 	C:\WINDOWS\System32\MMDevApi.dll
0x00007ffbeb510000 - 0x00007ffbeb537000 	C:\WINDOWS\System32\DEVOBJ.dll
0x00007ffbe9cb0000 - 0x00007ffbe9d51000 	C:\Windows\System32\PortableDeviceApi.dll
0x00007ffbece80000 - 0x00007ffbeced5000 	C:\WINDOWS\system32\WINTRUST.dll
0x00007ffbecda0000 - 0x00007ffbecdb0000 	C:\WINDOWS\system32\MSASN1.dll
0x00007ffbed870000 - 0x00007ffbeda38000 	C:\WINDOWS\system32\CRYPT32.dll
0x00007ffbcc440000 - 0x00007ffbcc477000 	C:\Windows\System32\EhStorShell.dll
0x00007ffbdd0e0000 - 0x00007ffbdd106000 	C:\Windows\System32\EhStorAPI.dll
0x00007ffbeaad0000 - 0x00007ffbeaae3000 	C:\Windows\System32\WTSAPI32.dll
0x00007ffbcc8d0000 - 0x00007ffbcca62000 	C:\Users\zhaotingyi\AppData\Local\Microsoft\OneDrive\17.3.6301.0127\amd64\FileSyncShell64.dll
0x00007ffbcc730000 - 0x00007ffbcc7d6000 	C:\Users\zhaotingyi\AppData\Local\Microsoft\OneDrive\17.3.6301.0127\amd64\MSVCP120.dll
0x00007ffbcc7e0000 - 0x00007ffbcc8cf000 	C:\Users\zhaotingyi\AppData\Local\Microsoft\OneDrive\17.3.6301.0127\amd64\MSVCR120.dll
0x00007ffbdf040000 - 0x00007ffbdf337000 	C:\WINDOWS\SYSTEM32\WININET.dll
0x00007ffbcda30000 - 0x00007ffbcda59000 	C:\Program Files (x86)\Baofeng\StormPlayer\BFDesktopShell64.dll
0x00007ffbcc370000 - 0x00007ffbcc436000 	C:\WINDOWS\System32\cscui.dll
0x00007ffbcacc0000 - 0x00007ffbcace3000 	C:\WINDOWS\system32\mssprxy.dll
0x00007ffbc0190000 - 0x00007ffbc02b7000 	C:\WINDOWS\system32\NetworkExplorer.dll
0x00007ffbcdeb0000 - 0x00007ffbcdf8b000 	C:\WINDOWS\SYSTEM32\ntshrui.dll
0x00007ffbeca30000 - 0x00007ffbeca5d000 	C:\WINDOWS\SYSTEM32\SspiCli.dll
0x00007ffbde380000 - 0x00007ffbde3a6000 	C:\WINDOWS\SYSTEM32\srvcli.dll

VM Arguments:
jvm_args: -Dfile.encoding=UTF-8 
java_command: tam.TAManagerApp
java_class_path (initial): C:\Users\zhaotingyi\Desktop\HW1_Solution\PropertiesManager\build\classes;C:\Users\zhaotingyi\Desktop\HW1_Solution\DesktopJavaFramework\build\classes;C:\Users\zhaotingyi\Desktop\HW1_Solution\javax.json-1.0.4.jar;C:\Users\zhaotingyi\Desktop\HW1_Solution\TAManager_Solution\build\classes
Launcher Type: SUN_STANDARD

Environment Variables:
JAVA_HOME=C:\Program Files (x86)\Java\jdk1.8.0_40
CLASSPATH=.;C:\Program Files (x86)\Java\jdk1.8.0_40\lib
PATH=C:\Program Files\Common Files\Siemens\Automation\Simatic OAM\bin;\C:\Program Files (x86)\Java\jdk1.8.0_40\bin;C:\ProgramData\Oracle\Java\javapath;C:\Program Files (x86)\NVIDIA Corporation\PhysX\Common;C:\Windows\system32;C:\Windows;C:\Windows\System32\Wbem;C:\Windows\System32\WindowsPowerShell\v1.0\;C:\Program Files (x86)\Java\jdk1.8.0_05\bin;C:\Program Files (x86)\Java\jdk1.8.0_05\jre\bin;C:\Program Files (x86)\PharosSystems\Core;C:\WINDOWS\system32;C:\WINDOWS;C:\WINDOWS\System32\Wbem;C:\WINDOWS\System32\WindowsPowerShell\v1.0\;C:\Program Files (x86)\Skype\Phone\;C:\Program Files\nodejs\;C:\CTEX\UserData\miktex\bin;C:\CTEX\MiKTeX\miktex\bin;C:\CTEX\CTeX\ctex\bin;C:\CTEX\CTeX\cct\bin;C:\CTEX\CTeX\ty\bin;C:\CTEX\Ghostscript\gs9.05\bin;C:\CTEX\GSview\gsview;C:\CTEX\WinEdt;\C:\Program Files (x86)\Java\jdk1.8.0_40\bin;C:\ProgramData\Oracle\Java\javapath;C:\Program Files (x86)\NVIDIA Corporation\PhysX\Common;C:\Windows\system32;C:\Windows;C:\Windows\System32\Wbem;C:\Windows\System32\WindowsPowerShell\v1.0\;C:\Program Files (x86)\Java\jdk1.8.0_05\bin;C:\Program Files (x86)\Java\jdk1.8.0_05\jre\bin;C:\Program Files (x86)\PharosSystems\Core;C:\WINDOWS\system32;C:\WINDOWS;C:\WINDOWS\System32\Wbem;C:\WINDOWS\System32\WindowsPowerShell\v1.0\;C:\Program Files (x86)\IDM Computer Solutions\UltraEdit\;C:\Users\zhaotingyi\AppData\Roaming\npm
USERNAME=zhaotingyi
OS=Windows_NT
PROCESSOR_IDENTIFIER=Intel64 Family 6 Model 69 Stepping 1, GenuineIntel



---------------  S Y S T E M  ---------------

OS: Windows 10.0 , 64 bit Build 10586 (10.0.10586.589)

CPU:total 4 (2 cores per cpu, 2 threads per core) family 6 model 69 stepping 1, cmov, cx8, fxsr, mmx, sse, sse2, sse3, ssse3, sse4.1, sse4.2, popcnt, avx, avx2, aes, clmul, erms, lzcnt, ht, tsc, tscinvbit, bmi1, bmi2

Memory: 4k page, physical 8295104k(3382560k free), swap 16683712k(5120k free)

vm_info: Java HotSpot(TM) 64-Bit Server VM (25.45-b02) for windows-amd64 JRE (1.8.0_45-b15), built on Apr 30 2015 12:40:44 by "java_re" with MS VC++ 10.0 (VS2010)

time: Sun Mar 12 05:50:46 2017
elapsed time: 28 seconds (0d 0h 0m 28s)

