#
# There is insufficient memory for the Java Runtime Environment to continue.
# Native memory allocation (malloc) failed to allocate 2846416 bytes for Chunk::new
# Possible reasons:
#   The system is out of physical RAM or swap space
#   In 32 bit mode, the process size limit was hit
# Possible solutions:
#   Reduce memory load on the system
#   Increase physical memory or swap space
#   Check if swap backing store is full
#   Use 64 bit Java on a 64 bit OS
#   Decrease Java heap size (-Xmx/-Xms)
#   Decrease number of Java threads
#   Decrease Java thread stack sizes (-Xss)
#   Set larger code cache with -XX:ReservedCodeCacheSize=
# This output file may be truncated or incomplete.
#
#  Out of Memory Error (allocation.cpp:390), pid=16088, tid=8432
#
# JRE version: Java(TM) SE Runtime Environment (8.0_45-b15) (build 1.8.0_45-b15)
# Java VM: Java HotSpot(TM) 64-Bit Server VM (25.45-b02 mixed mode windows-amd64 compressed oops)
# Failed to write core dump. Minidumps are not enabled by default on client versions of Windows
#

---------------  T H R E A D  ---------------

Current thread (0x0000000018f67000):  JavaThread "C2 CompilerThread1" daemon [_thread_in_native, id=8432, stack(0x0000000019360000,0x0000000019460000)]

Stack: [0x0000000019360000,0x0000000019460000]
Native frames: (J=compiled Java code, j=interpreted, Vv=VM code, C=native code)
V  [jvm.dll+0x32b57a]
V  [jvm.dll+0x279873]
V  [jvm.dll+0x27a509]
V  [jvm.dll+0x271825]
V  [jvm.dll+0xcb9e2]
V  [jvm.dll+0xcbeac]
V  [jvm.dll+0x49298c]
V  [jvm.dll+0x45f6ff]
V  [jvm.dll+0x46a73b]
V  [jvm.dll+0x46cd52]
V  [jvm.dll+0x4500f2]
V  [jvm.dll+0xa4352]
V  [jvm.dll+0xa4c8f]
V  [jvm.dll+0x241984]
V  [jvm.dll+0x29853a]
C  [msvcr100.dll+0x21d9f]
C  [msvcr100.dll+0x21e3b]
C  [KERNEL32.DLL+0x18102]
C  [ntdll.dll+0x5c5b4]


Current CompileTask:
C2:   8777 4167   !   4       javafx.scene.CssStyleHelper::transitionToState (1075 bytes)


---------------  P R O C E S S  ---------------

Java Threads: ( => current thread )
  0x0000000019a83800 JavaThread "Prism Font Disposer" daemon [_thread_blocked, id=16836, stack(0x00000000227f0000,0x00000000228f0000)]
  0x00000000197d7800 JavaThread "Thread-3" daemon [_thread_in_native, id=1020, stack(0x000000001e8b0000,0x000000001e9b0000)]
  0x00000000197ce800 JavaThread "JavaFX-Launcher" [_thread_blocked, id=3624, stack(0x000000001e9b0000,0x000000001eab0000)]
  0x000000001932a000 JavaThread "JavaFX Application Thread" [_thread_blocked, id=4140, stack(0x000000001a220000,0x000000001a320000)]
  0x0000000019324800 JavaThread "Thread-1" daemon [_thread_blocked, id=13908, stack(0x000000001a120000,0x000000001a220000)]
  0x0000000019318800 JavaThread "QuantumRenderer-0" daemon [_thread_in_native, id=2272, stack(0x0000000019f60000,0x000000001a060000)]
  0x0000000018fea000 JavaThread "Service Thread" daemon [_thread_blocked, id=17372, stack(0x0000000019560000,0x0000000019660000)]
  0x0000000018f65000 JavaThread "C1 CompilerThread2" daemon [_thread_blocked, id=12320, stack(0x0000000019460000,0x0000000019560000)]
=>0x0000000018f67000 JavaThread "C2 CompilerThread1" daemon [_thread_in_native, id=8432, stack(0x0000000019360000,0x0000000019460000)]
  0x000000001796a800 JavaThread "C2 CompilerThread0" daemon [_thread_in_native, id=3772, stack(0x0000000018e60000,0x0000000018f60000)]
  0x000000001791f000 JavaThread "Attach Listener" daemon [_thread_blocked, id=16020, stack(0x0000000018d60000,0x0000000018e60000)]
  0x000000001791e000 JavaThread "Signal Dispatcher" daemon [_thread_blocked, id=10244, stack(0x0000000018c60000,0x0000000018d60000)]
  0x0000000002da6800 JavaThread "Finalizer" daemon [_thread_blocked, id=13044, stack(0x0000000018b60000,0x0000000018c60000)]
  0x0000000002d9e800 JavaThread "Reference Handler" daemon [_thread_blocked, id=15260, stack(0x0000000018a60000,0x0000000018b60000)]
  0x000000000279e000 JavaThread "main" [_thread_blocked, id=11280, stack(0x0000000002bb0000,0x0000000002cb0000)]

Other Threads:
  0x00000000178d7000 VMThread [stack: 0x0000000018960000,0x0000000018a60000] [id=16196]
  0x0000000019004000 WatcherThread [stack: 0x0000000019660000,0x0000000019760000] [id=13204]

VM state:not at safepoint (normal execution)

VM Mutex/Monitor currently owned by a thread: None

Heap:
 PSYoungGen      total 159232K, used 40667K [0x00000000d5d00000, 0x00000000e0300000, 0x0000000100000000)
  eden space 150016K, 26% used [0x00000000d5d00000,0x00000000d8386c28,0x00000000def80000)
  from space 9216K, 13% used [0x00000000def80000,0x00000000df0b0000,0x00000000df880000)
  to   space 8704K, 0% used [0x00000000df880000,0x00000000df880000,0x00000000e0100000)
 ParOldGen       total 57856K, used 16855K [0x0000000081600000, 0x0000000084e80000, 0x00000000d5d00000)
  object space 57856K, 29% used [0x0000000081600000,0x0000000082675d70,0x0000000084e80000)
 Metaspace       used 22054K, capacity 23554K, committed 23680K, reserved 1069056K
  class space    used 3075K, capacity 3386K, committed 3456K, reserved 1048576K

Card table byte_map: [0x0000000012170000,0x0000000012570000] byte_map_base: 0x0000000011d65000

Marking Bits: (ParMarkBitMap*) 0x000000005aee4040
 Begin Bits: [0x0000000012c20000, 0x0000000014bc8000)
 End Bits:   [0x0000000014bc8000, 0x0000000016b70000)

Polling page: 0x00000000026c0000

CodeCache: size=245760Kb used=13760Kb max_used=13760Kb free=231999Kb
 bounds [0x0000000002db0000, 0x0000000003b30000, 0x0000000011db0000]
 total_blobs=4925 nmethods=4229 adapters=607
 compilation: enabled

Compilation events (10 events):
Event: 8.715 Thread 0x0000000018f65000 nmethod 4275 0x0000000003b16e50 code [0x0000000003b17300, 0x0000000003b193d8]
Event: 8.715 Thread 0x0000000018f65000 4283       3       com.sun.javafx.sg.prism.NGShape::geometryChanged (45 bytes)
Event: 8.716 Thread 0x0000000018f65000 nmethod 4283 0x0000000003b1a6d0 code [0x0000000003b1a8c0, 0x0000000003b1b4b8]
Event: 8.740 Thread 0x0000000018f65000 4287       3       javafx.collections.ListChangeBuilder::insertRemoved (319 bytes)
Event: 8.742 Thread 0x0000000018f65000 nmethod 4287 0x0000000003b1b910 code [0x0000000003b1bc20, 0x0000000003b1d4e8]
Event: 8.742 Thread 0x0000000018f65000 4288       3       tam.workspace.TAWorkspace::getTACellPane (12 bytes)
Event: 8.742 Thread 0x0000000018f65000 nmethod 4288 0x0000000003b1e010 code [0x0000000003b1e180, 0x0000000003b1e488]
Event: 8.748 Thread 0x0000000018f65000 4289       3       sun.text.bidi.BidiBase::<init> (206 bytes)
Event: 8.749 Thread 0x0000000018f65000 nmethod 4289 0x0000000003b1e590 code [0x0000000003b1e760, 0x0000000003b1ef18]
Event: 8.749 Thread 0x0000000018f65000 4290       3       java.lang.Integer::parseInt (261 bytes)

GC Heap History (10 events):
Event: 5.549 GC heap before
{Heap before GC invocations=6 (full 1):
 PSYoungGen      total 61952K, used 61925K [0x00000000d5d00000, 0x00000000da800000, 0x0000000100000000)
  eden space 56832K, 100% used [0x00000000d5d00000,0x00000000d9480000,0x00000000d9480000)
  from space 5120K, 99% used [0x00000000da300000,0x00000000da7f9570,0x00000000da800000)
  to   space 5120K, 0% used [0x00000000d9e00000,0x00000000d9e00000,0x00000000da300000)
 ParOldGen       total 57856K, used 11206K [0x0000000081600000, 0x0000000084e80000, 0x00000000d5d00000)
  object space 57856K, 19% used [0x0000000081600000,0x00000000820f1be8,0x0000000084e80000)
 Metaspace       used 21664K, capacity 23104K, committed 23424K, reserved 1069056K
  class space    used 3070K, capacity 3349K, committed 3456K, reserved 1048576K
Event: 5.558 GC heap after
Heap after GC invocations=6 (full 1):
 PSYoungGen      total 71680K, used 5093K [0x00000000d5d00000, 0x00000000dcb00000, 0x0000000100000000)
  eden space 66560K, 0% used [0x00000000d5d00000,0x00000000d5d00000,0x00000000d9e00000)
  from space 5120K, 99% used [0x00000000d9e00000,0x00000000da2f9570,0x00000000da300000)
  to   space 9216K, 0% used [0x00000000dc200000,0x00000000dc200000,0x00000000dcb00000)
 ParOldGen       total 57856K, used 11707K [0x0000000081600000, 0x0000000084e80000, 0x00000000d5d00000)
  object space 57856K, 20% used [0x0000000081600000,0x000000008216eff8,0x0000000084e80000)
 Metaspace       used 21664K, capacity 23104K, committed 23424K, reserved 1069056K
  class space    used 3070K, capacity 3349K, committed 3456K, reserved 1048576K
}
Event: 6.656 GC heap before
{Heap before GC invocations=7 (full 1):
 PSYoungGen      total 71680K, used 71653K [0x00000000d5d00000, 0x00000000dcb00000, 0x0000000100000000)
  eden space 66560K, 100% used [0x00000000d5d00000,0x00000000d9e00000,0x00000000d9e00000)
  from space 5120K, 99% used [0x00000000d9e00000,0x00000000da2f9570,0x00000000da300000)
  to   space 9216K, 0% used [0x00000000dc200000,0x00000000dc200000,0x00000000dcb00000)
 ParOldGen       total 57856K, used 11707K [0x0000000081600000, 0x0000000084e80000, 0x00000000d5d00000)
  object space 57856K, 20% used [0x0000000081600000,0x000000008216eff8,0x0000000084e80000)
 Metaspace       used 21808K, capacity 23358K, committed 23680K, reserved 1069056K
  class space    used 3075K, capacity 3386K, committed 3456K, reserved 1048576K
Event: 6.666 GC heap after
Heap after GC invocations=7 (full 1):
 PSYoungGen      total 103424K, used 5317K [0x00000000d5d00000, 0x00000000dd800000, 0x0000000100000000)
  eden space 94208K, 0% used [0x00000000d5d00000,0x00000000d5d00000,0x00000000db900000)
  from space 9216K, 57% used [0x00000000dc200000,0x00000000dc731570,0x00000000dcb00000)
  to   space 9216K, 0% used [0x00000000db900000,0x00000000db900000,0x00000000dc200000)
 ParOldGen       total 57856K, used 11715K [0x0000000081600000, 0x0000000084e80000, 0x00000000d5d00000)
  object space 57856K, 20% used [0x0000000081600000,0x0000000082170ff8,0x0000000084e80000)
 Metaspace       used 21808K, capacity 23358K, committed 23680K, reserved 1069056K
  class space    used 3075K, capacity 3386K, committed 3456K, reserved 1048576K
}
Event: 7.268 GC heap before
{Heap before GC invocations=8 (full 1):
 PSYoungGen      total 103424K, used 99525K [0x00000000d5d00000, 0x00000000dd800000, 0x0000000100000000)
  eden space 94208K, 100% used [0x00000000d5d00000,0x00000000db900000,0x00000000db900000)
  from space 9216K, 57% used [0x00000000dc200000,0x00000000dc731570,0x00000000dcb00000)
  to   space 9216K, 0% used [0x00000000db900000,0x00000000db900000,0x00000000dc200000)
 ParOldGen       total 57856K, used 11715K [0x0000000081600000, 0x0000000084e80000, 0x00000000d5d00000)
  object space 57856K, 20% used [0x0000000081600000,0x0000000082170ff8,0x0000000084e80000)
 Metaspace       used 21919K, capacity 23490K, committed 23680K, reserved 1069056K
  class space    used 3075K, capacity 3386K, committed 3456K, reserved 1048576K
Event: 7.277 GC heap after
Heap after GC invocations=8 (full 1):
 PSYoungGen      total 103424K, used 6213K [0x00000000d5d00000, 0x00000000e0100000, 0x0000000100000000)
  eden space 94208K, 0% used [0x00000000d5d00000,0x00000000d5d00000,0x00000000db900000)
  from space 9216K, 67% used [0x00000000db900000,0x00000000dbf11570,0x00000000dc200000)
  to   space 8704K, 0% used [0x00000000df880000,0x00000000df880000,0x00000000e0100000)
 ParOldGen       total 57856K, used 11723K [0x0000000081600000, 0x0000000084e80000, 0x00000000d5d00000)
  object space 57856K, 20% used [0x0000000081600000,0x0000000082172ff8,0x0000000084e80000)
 Metaspace       used 21919K, capacity 23490K, committed 23680K, reserved 1069056K
  class space    used 3075K, capacity 3386K, committed 3456K, reserved 1048576K
}
Event: 7.729 GC heap before
{Heap before GC invocations=9 (full 1):
 PSYoungGen      total 103424K, used 100421K [0x00000000d5d00000, 0x00000000e0100000, 0x0000000100000000)
  eden space 94208K, 100% used [0x00000000d5d00000,0x00000000db900000,0x00000000db900000)
  from space 9216K, 67% used [0x00000000db900000,0x00000000dbf11570,0x00000000dc200000)
  to   space 8704K, 0% used [0x00000000df880000,0x00000000df880000,0x00000000e0100000)
 ParOldGen       total 57856K, used 11723K [0x0000000081600000, 0x0000000084e80000, 0x00000000d5d00000)
  object space 57856K, 20% used [0x0000000081600000,0x0000000082172ff8,0x0000000084e80000)
 Metaspace       used 21997K, capacity 23554K, committed 23680K, reserved 1069056K
  class space    used 3075K, capacity 3386K, committed 3456K, reserved 1048576K
Event: 7.741 GC heap after
Heap after GC invocations=9 (full 1):
 PSYoungGen      total 158720K, used 1600K [0x00000000d5d00000, 0x00000000e0300000, 0x0000000100000000)
  eden space 150016K, 0% used [0x00000000d5d00000,0x00000000d5d00000,0x00000000def80000)
  from space 8704K, 18% used [0x00000000df880000,0x00000000dfa10000,0x00000000e0100000)
  to   space 9216K, 0% used [0x00000000def80000,0x00000000def80000,0x00000000df880000)
 ParOldGen       total 57856K, used 16419K [0x0000000081600000, 0x0000000084e80000, 0x00000000d5d00000)
  object space 57856K, 28% used [0x0000000081600000,0x0000000082608d60,0x0000000084e80000)
 Metaspace       used 21997K, capacity 23554K, committed 23680K, reserved 1069056K
  class space    used 3075K, capacity 3386K, committed 3456K, reserved 1048576K
}
Event: 8.570 GC heap before
{Heap before GC invocations=10 (full 1):
 PSYoungGen      total 158720K, used 151616K [0x00000000d5d00000, 0x00000000e0300000, 0x0000000100000000)
  eden space 150016K, 100% used [0x00000000d5d00000,0x00000000def80000,0x00000000def80000)
  from space 8704K, 18% used [0x00000000df880000,0x00000000dfa10000,0x00000000e0100000)
  to   space 9216K, 0% used [0x00000000def80000,0x00000000def80000,0x00000000df880000)
 ParOldGen       total 57856K, used 16419K [0x0000000081600000, 0x0000000084e80000, 0x00000000d5d00000)
  object space 57856K, 28% used [0x0000000081600000,0x0000000082608d60,0x0000000084e80000)
 Metaspace       used 22047K, capacity 23554K, committed 23680K, reserved 1069056K
  class space    used 3075K, capacity 3386K, committed 3456K, reserved 1048576K
Event: 8.574 GC heap after
Heap after GC invocations=10 (full 1):
 PSYoungGen      total 159232K, used 1216K [0x00000000d5d00000, 0x00000000e0300000, 0x0000000100000000)
  eden space 150016K, 0% used [0x00000000d5d00000,0x00000000d5d00000,0x00000000def80000)
  from space 9216K, 13% used [0x00000000def80000,0x00000000df0b0000,0x00000000df880000)
  to   space 8704K, 0% used [0x00000000df880000,0x00000000df880000,0x00000000e0100000)
 ParOldGen       total 57856K, used 16855K [0x0000000081600000, 0x0000000084e80000, 0x00000000d5d00000)
  object space 57856K, 29% used [0x0000000081600000,0x0000000082675d70,0x0000000084e80000)
 Metaspace       used 22047K, capacity 23554K, committed 23680K, reserved 1069056K
  class space    used 3075K, capacity 3386K, committed 3456K, reserved 1048576K
}

Deoptimization events (10 events):
Event: 6.883 Thread 0x0000000019318800 Uncommon trap: reason=array_check action=maybe_recompile pc=0x00000000038dee54 method=java.util.TimSort.mergeHi(IIII)V @ 419
Event: 7.114 Thread 0x0000000019318800 Uncommon trap: reason=array_check action=maybe_recompile pc=0x00000000038f6654 method=java.util.TimSort.mergeHi(IIII)V @ 171
Event: 7.115 Thread 0x0000000019318800 Uncommon trap: reason=array_check action=maybe_recompile pc=0x00000000038f6438 method=java.util.TimSort.mergeHi(IIII)V @ 524
Event: 7.115 Thread 0x0000000019318800 Uncommon trap: reason=array_check action=maybe_recompile pc=0x00000000038f6438 method=java.util.TimSort.mergeHi(IIII)V @ 524
Event: 7.182 Thread 0x0000000019318800 Uncommon trap: reason=array_check action=maybe_recompile pc=0x000000000393dd84 method=java.util.TimSort.mergeHi(IIII)V @ 657
Event: 7.184 Thread 0x0000000019318800 Uncommon trap: reason=array_check action=maybe_recompile pc=0x000000000393dd84 method=java.util.TimSort.mergeHi(IIII)V @ 657
Event: 7.298 Thread 0x000000001932a000 Uncommon trap: reason=unstable_if action=reinterpret pc=0x0000000003967bc0 method=javafx.scene.Node.hasProperties()Z @ 4
Event: 7.856 Thread 0x000000001932a000 Uncommon trap: reason=bimorphic action=maybe_recompile pc=0x0000000003175698 method=java.util.HashMap.putVal(ILjava/lang/Object;Ljava/lang/Object;ZZ)Ljava/lang/Object; @ 203
Event: 7.936 Thread 0x000000001932a000 Uncommon trap: reason=bimorphic action=maybe_recompile pc=0x0000000003175698 method=java.util.HashMap.putVal(ILjava/lang/Object;Ljava/lang/Object;ZZ)Ljava/lang/Object; @ 203
Event: 7.936 Thread 0x000000001932a000 Uncommon trap: reason=bimorphic action=maybe_recompile pc=0x0000000003175698 method=java.util.HashMap.putVal(ILjava/lang/Object;Ljava/lang/Object;ZZ)Ljava/lang/Object; @ 203

Internal exceptions (10 events):
Event: 0.182 Thread 0x000000000279e000 Exception <a 'java/security/PrivilegedActionException'> (0x00000000d60d7158) thrown at [C:\re\workspace\8-2-build-windows-amd64-cygwin\jdk8u45\3627\hotspot\src\share\vm\prims\jvm.cpp, line 1382]
Event: 0.183 Thread 0x000000000279e000 Exception <a 'java/security/PrivilegedActionException'> (0x00000000d60daef0) thrown at [C:\re\workspace\8-2-build-windows-amd64-cygwin\jdk8u45\3627\hotspot\src\share\vm\prims\jvm.cpp, line 1382]
Event: 0.183 Thread 0x000000000279e000 Exception <a 'java/security/PrivilegedActionException'> (0x00000000d60db0a8) thrown at [C:\re\workspace\8-2-build-windows-amd64-cygwin\jdk8u45\3627\hotspot\src\share\vm\prims\jvm.cpp, line 1382]
Event: 0.183 Thread 0x000000000279e000 Exception <a 'java/lang/NullPointerException'> (0x00000000d60db628) thrown at [C:\re\workspace\8-2-build-windows-amd64-cygwin\jdk8u45\3627\hotspot\src\share\vm\interpreter\linkResolver.cpp, line 1178]
Event: 0.373 Thread 0x000000001932a000 Exception <a 'java/lang/NullPointerException'> (0x00000000d6a78870) thrown at [C:\re\workspace\8-2-build-windows-amd64-cygwin\jdk8u45\3627\hotspot\src\share\vm\interpreter\linkResolver.cpp, line 1178]
Event: 0.373 Thread 0x000000001932a000 Exception <a 'java/lang/NullPointerException'> (0x00000000d6a78870) thrown at [C:\re\workspace\8-2-build-windows-amd64-cygwin\jdk8u45\3627\hotspot\src\share\vm\prims\jvm.cpp, line 1386]
Event: 0.477 Thread 0x000000001932a000 Implicit null exception at 0x0000000003017875 to 0x0000000003017a45
Event: 0.511 Thread 0x000000001932a000 Implicit null exception at 0x0000000002fd9956 to 0x0000000002fd9c85
Event: 0.987 Thread 0x000000001932a000 Exception <a 'java/io/FileNotFoundException'> (0x00000000d7a7a058) thrown at [C:\re\workspace\8-2-build-windows-amd64-cygwin\jdk8u45\3627\hotspot\src\share\vm\prims\jni.cpp, line 709]
Event: 7.298 Thread 0x000000001932a000 Implicit null exception at 0x00000000039679d9 to 0x0000000003967ba9

Events (10 events):
Event: 7.938 Thread 0x000000001932a000 DEOPT PACKING pc=0x0000000003916155 sp=0x000000001a31d270
Event: 7.938 Thread 0x000000001932a000 DEOPT UNPACKING pc=0x0000000002df787f sp=0x000000001a31d090 mode 0
Event: 8.081 Thread 0x000000001932a000 DEOPT PACKING pc=0x0000000003916155 sp=0x000000001a31d270
Event: 8.081 Thread 0x000000001932a000 DEOPT UNPACKING pc=0x0000000002df787f sp=0x000000001a31d090 mode 0
Event: 8.272 Thread 0x000000001932a000 DEOPT PACKING pc=0x0000000003916155 sp=0x000000001a31d270
Event: 8.272 Thread 0x000000001932a000 DEOPT UNPACKING pc=0x0000000002df787f sp=0x000000001a31d090 mode 0
Event: 8.570 Executing VM operation: ParallelGCFailedAllocation
Event: 8.574 Executing VM operation: ParallelGCFailedAllocation done
Event: 8.704 Thread 0x000000001932a000 DEOPT PACKING pc=0x000000000344c365 sp=0x000000001a31d320
Event: 8.704 Thread 0x000000001932a000 DEOPT UNPACKING pc=0x0000000002df787f sp=0x000000001a31d140 mode 0


Dynamic libraries:
0x00007ff618920000 - 0x00007ff618957000 	C:\Program Files\Java\jdk1.8.0_45\bin\java.exe
0x00007ffbf0720000 - 0x00007ffbf08e1000 	C:\WINDOWS\SYSTEM32\ntdll.dll
0x00007ffbf0000000 - 0x00007ffbf00ad000 	C:\WINDOWS\system32\KERNEL32.DLL
0x00007ffbed610000 - 0x00007ffbed7f8000 	C:\WINDOWS\system32\KERNELBASE.dll
0x00007ffbf0240000 - 0x00007ffbf02e7000 	C:\WINDOWS\system32\ADVAPI32.dll
0x00007ffbef990000 - 0x00007ffbefa2d000 	C:\WINDOWS\system32\msvcrt.dll
0x00007ffbeff40000 - 0x00007ffbeff9b000 	C:\WINDOWS\system32\sechost.dll
0x00007ffbef5f0000 - 0x00007ffbef70c000 	C:\WINDOWS\system32\RPCRT4.dll
0x00007ffbefde0000 - 0x00007ffbeff36000 	C:\WINDOWS\system32\USER32.dll
0x00007ffbf00b0000 - 0x00007ffbf0236000 	C:\WINDOWS\system32\GDI32.dll
0x00007ffbda200000 - 0x00007ffbda474000 	C:\WINDOWS\WinSxS\amd64_microsoft.windows.common-controls_6595b64144ccf1df_6.0.10586.672_none_a2d6b3cea53ff843\COMCTL32.dll
0x00007ffbefb60000 - 0x00007ffbefddd000 	C:\WINDOWS\system32\combase.dll
0x00007ffbed800000 - 0x00007ffbed86a000 	C:\WINDOWS\system32\bcryptPrimitives.dll
0x00007ffbef710000 - 0x00007ffbef74b000 	C:\WINDOWS\system32\IMM32.DLL
0x000000005a600000 - 0x000000005a6d2000 	C:\Program Files\Java\jdk1.8.0_45\jre\bin\msvcr100.dll
0x000000005a6e0000 - 0x000000005af63000 	C:\Program Files\Java\jdk1.8.0_45\jre\bin\server\jvm.dll
0x00007ffbedb00000 - 0x00007ffbedb08000 	C:\WINDOWS\system32\PSAPI.DLL
0x00007ffbdee00000 - 0x00007ffbdee09000 	C:\WINDOWS\SYSTEM32\WSOCK32.dll
0x00007ffbeb1f0000 - 0x00007ffbeb213000 	C:\WINDOWS\SYSTEM32\WINMM.dll
0x00007ffbde630000 - 0x00007ffbde63a000 	C:\WINDOWS\SYSTEM32\VERSION.dll
0x00007ffbedb10000 - 0x00007ffbedb7b000 	C:\WINDOWS\system32\WS2_32.dll
0x00000000026f0000 - 0x000000000271c000 	C:\WINDOWS\SYSTEM32\WINMMBASE.dll
0x00007ffbecee0000 - 0x00007ffbecf23000 	C:\WINDOWS\system32\cfgmgr32.dll
0x000000005a5b0000 - 0x000000005a5bf000 	C:\Program Files\Java\jdk1.8.0_45\jre\bin\verify.dll
0x000000005a580000 - 0x000000005a5a9000 	C:\Program Files\Java\jdk1.8.0_45\jre\bin\java.dll
0x000000005a560000 - 0x000000005a576000 	C:\Program Files\Java\jdk1.8.0_45\jre\bin\zip.dll
0x00007ffbedc90000 - 0x00007ffbef1ec000 	C:\WINDOWS\system32\SHELL32.dll
0x00007ffbecf30000 - 0x00007ffbed575000 	C:\WINDOWS\system32\windows.storage.dll
0x00007ffbeffa0000 - 0x00007ffbefff2000 	C:\WINDOWS\system32\shlwapi.dll
0x00007ffbecd40000 - 0x00007ffbecd4f000 	C:\WINDOWS\system32\kernel.appcore.dll
0x00007ffbeda40000 - 0x00007ffbedaf5000 	C:\WINDOWS\system32\shcore.dll
0x00007ffbecd50000 - 0x00007ffbecd9b000 	C:\WINDOWS\system32\powrprof.dll
0x00007ffbecd20000 - 0x00007ffbecd34000 	C:\WINDOWS\system32\profapi.dll
0x000000005a130000 - 0x000000005a15c000 	C:\Program Files\Java\jdk1.8.0_45\jre\bin\prism_d3d.dll
0x00007ffbbae80000 - 0x00007ffbbb090000 	C:\WINDOWS\system32\d3d9.dll
0x00007ffbea810000 - 0x00007ffbea832000 	C:\WINDOWS\SYSTEM32\dwmapi.dll
0x00007ffbeb470000 - 0x00007ffbeb506000 	C:\WINDOWS\system32\uxtheme.dll
0x00007ffbabf50000 - 0x00007ffbae48d000 	C:\WINDOWS\SYSTEM32\igdumdim64.dll
0x00007ffbef8c0000 - 0x00007ffbef986000 	C:\WINDOWS\system32\OLEAUT32.dll
0x00007ffbef4a0000 - 0x00007ffbef5e3000 	C:\WINDOWS\system32\ole32.dll
0x00007ffbf02f0000 - 0x00007ffbf0719000 	C:\WINDOWS\system32\SETUPAPI.dll
0x000000005a210000 - 0x000000005a251000 	C:\Program Files\Java\jdk1.8.0_45\jre\bin\glass.dll
0x00007ffbefa30000 - 0x00007ffbefb3b000 	C:\WINDOWS\system32\COMDLG32.dll
0x00007ffbed580000 - 0x00007ffbed606000 	C:\WINDOWS\system32\FirewallAPI.dll
0x00007ffbece60000 - 0x00007ffbece77000 	C:\WINDOWS\system32\NETAPI32.dll
0x00007ffbe4760000 - 0x00007ffbe476c000 	C:\WINDOWS\SYSTEM32\DAVHLPR.DLL
0x00007ffbeb870000 - 0x00007ffbeb8a2000 	C:\WINDOWS\SYSTEM32\fwbase.dll
0x00007ffbef760000 - 0x00007ffbef8ba000 	C:\WINDOWS\system32\MSCTF.dll
0x00007ffbe7dd0000 - 0x00007ffbe8810000 	C:\WINDOWS\SYSTEM32\igdusc64.dll
0x000000005a110000 - 0x000000005a125000 	C:\Program Files\Java\jdk1.8.0_45\jre\bin\javafx_font.dll
0x00007ffbe0a00000 - 0x00007ffbe0c5f000 	C:\WINDOWS\SYSTEM32\dwrite.dll
0x00007ffbedbe0000 - 0x00007ffbedc87000 	C:\WINDOWS\system32\clbcatq.dll
0x00007ffbea020000 - 0x00007ffbea1d1000 	C:\WINDOWS\SYSTEM32\WindowsCodecs.dll
0x00007ffbd02d0000 - 0x00007ffbd031a000 	C:\WINDOWS\system32\dataexchange.dll
0x00007ffbea560000 - 0x00007ffbea808000 	C:\WINDOWS\system32\d3d11.dll
0x00007ffbeaf30000 - 0x00007ffbeb013000 	C:\WINDOWS\system32\dcomp.dll
0x00007ffbea4b0000 - 0x00007ffbea552000 	C:\WINDOWS\system32\dxgi.dll
0x00007ffbeb610000 - 0x00007ffbeb710000 	C:\WINDOWS\system32\twinapi.appcore.dll
0x00007ffbec920000 - 0x00007ffbec949000 	C:\WINDOWS\system32\bcrypt.dll
0x00007ffbe4630000 - 0x00007ffbe4664000 	C:\Program Files\Common Files\Microsoft Shared\Ink\rtscom.dll
0x000000005a0f0000 - 0x000000005a101000 	C:\Program Files\Java\jdk1.8.0_45\jre\bin\prism_common.dll
0x00007ffbeabb0000 - 0x00007ffbead36000 	C:\WINDOWS\system32\propsys.dll
0x00007ffbd0a50000 - 0x00007ffbd0af3000 	C:\Program Files\Common Files\microsoft shared\ink\tiptsf.dll
0x00007ffbebe40000 - 0x00007ffbebe90000 	C:\WINDOWS\SYSTEM32\edputil.dll
0x00007ffbe0e50000 - 0x00007ffbe0ea5000 	C:\WINDOWS\SYSTEM32\policymanager.dll
0x00007ffbe34c0000 - 0x00007ffbe3552000 	C:\WINDOWS\SYSTEM32\msvcp110_win.dll
0x00007ffbcedb0000 - 0x00007ffbcf250000 	C:\WINDOWS\system32\explorerframe.dll
0x00007ffbc54a0000 - 0x00007ffbc5653000 	C:\WINDOWS\system32\DUI70.dll
0x00007ffbdfab0000 - 0x00007ffbdfb48000 	C:\WINDOWS\system32\DUser.dll
0x00007ffbcdd40000 - 0x00007ffbcdd8d000 	C:\Windows\System32\thumbcache.dll
0x00007ffbe0810000 - 0x00007ffbe0995000 	C:\Windows\System32\Windows.Globalization.dll
0x00007ffbe2dc0000 - 0x00007ffbe2e27000 	C:\Windows\System32\Bcp47Langs.dll
0x00007ffbd7740000 - 0x00007ffbd7770000 	C:\WINDOWS\SYSTEM32\globinputhost.dll
0x00007ffbc5730000 - 0x00007ffbc57dc000 	C:\WINDOWS\System32\StructuredQuery.dll
0x00007ffbdbb60000 - 0x00007ffbdbff3000 	C:\Windows\System32\ActXPrxy.dll
0x00007ffbc7640000 - 0x00007ffbc7650000 	C:\WINDOWS\SYSTEM32\atlthunk.dll
0x00007ffbc5660000 - 0x00007ffbc572c000 	C:\WINDOWS\system32\Windows.Storage.Search.dll
0x00007ffbcd630000 - 0x00007ffbcd639000 	C:\WINDOWS\system32\IconCodecService.dll
0x00007ffbd7cb0000 - 0x00007ffbd7ccb000 	C:\WINDOWS\SYSTEM32\MPR.dll
0x00007ffbeb2c0000 - 0x00007ffbeb2cb000 	C:\WINDOWS\System32\drprov.dll
0x00007ffbebd90000 - 0x00007ffbebde6000 	C:\WINDOWS\System32\WINSTA.dll
0x00007ffbeb2a0000 - 0x00007ffbeb2b6000 	C:\WINDOWS\System32\ntlanman.dll
0x00007ffbdf890000 - 0x00007ffbdf8b0000 	C:\WINDOWS\System32\davclnt.dll
0x00007ffbe89f0000 - 0x00007ffbe8a06000 	C:\WINDOWS\System32\wkscli.dll
0x00007ffbde420000 - 0x00007ffbde432000 	C:\WINDOWS\SYSTEM32\cscapi.dll
0x00007ffbec190000 - 0x00007ffbec19c000 	C:\WINDOWS\System32\netutils.dll
0x00007ffbd2a00000 - 0x00007ffbd2ab1000 	C:\Windows\System32\twinapi.dll
0x00007ffbeb2e0000 - 0x00007ffbeb359000 	C:\WINDOWS\SYSTEM32\apphelp.dll
0x00007ffbc4f60000 - 0x00007ffbc4fdf000 	C:\Windows\System32\dlnashext.dll
0x00007ffbc9910000 - 0x00007ffbc9984000 	C:\Windows\System32\PlayToDevice.dll
0x00007ffbdd750000 - 0x00007ffbdd76f000 	C:\Windows\System32\DevDispItemProvider.dll
0x00007ffbef3a0000 - 0x00007ffbef40f000 	C:\WINDOWS\system32\coml2.dll
0x00007ffbce220000 - 0x00007ffbce22d000 	C:\WINDOWS\SYSTEM32\LINKINFO.dll
0x00007ffbe9920000 - 0x00007ffbe9990000 	C:\WINDOWS\System32\MMDevApi.dll
0x00007ffbeb510000 - 0x00007ffbeb537000 	C:\WINDOWS\System32\DEVOBJ.dll
0x00007ffbe9cb0000 - 0x00007ffbe9d51000 	C:\Windows\System32\PortableDeviceApi.dll
0x00007ffbece80000 - 0x00007ffbeced5000 	C:\WINDOWS\system32\WINTRUST.dll
0x00007ffbecda0000 - 0x00007ffbecdb0000 	C:\WINDOWS\system32\MSASN1.dll
0x00007ffbed870000 - 0x00007ffbeda38000 	C:\WINDOWS\system32\CRYPT32.dll
0x00007ffbcc440000 - 0x00007ffbcc477000 	C:\Windows\System32\EhStorShell.dll
0x00007ffbdd0e0000 - 0x00007ffbdd106000 	C:\Windows\System32\EhStorAPI.dll
0x00007ffbeaad0000 - 0x00007ffbeaae3000 	C:\Windows\System32\WTSAPI32.dll
0x00007ffbcc8d0000 - 0x00007ffbcca62000 	C:\Users\zhaotingyi\AppData\Local\Microsoft\OneDrive\17.3.6301.0127\amd64\FileSyncShell64.dll
0x00007ffbcc730000 - 0x00007ffbcc7d6000 	C:\Users\zhaotingyi\AppData\Local\Microsoft\OneDrive\17.3.6301.0127\amd64\MSVCP120.dll
0x00007ffbcc7e0000 - 0x00007ffbcc8cf000 	C:\Users\zhaotingyi\AppData\Local\Microsoft\OneDrive\17.3.6301.0127\amd64\MSVCR120.dll
0x00007ffbdf040000 - 0x00007ffbdf337000 	C:\WINDOWS\SYSTEM32\WININET.dll
0x00007ffbcda30000 - 0x00007ffbcda59000 	C:\Program Files (x86)\Baofeng\StormPlayer\BFDesktopShell64.dll
0x00007ffbcc370000 - 0x00007ffbcc436000 	C:\WINDOWS\System32\cscui.dll
0x00007ffbcacc0000 - 0x00007ffbcace3000 	C:\WINDOWS\system32\mssprxy.dll
0x00007ffbc0190000 - 0x00007ffbc02b7000 	C:\WINDOWS\system32\NetworkExplorer.dll
0x00007ffbcdeb0000 - 0x00007ffbcdf8b000 	C:\WINDOWS\SYSTEM32\ntshrui.dll
0x00007ffbeca30000 - 0x00007ffbeca5d000 	C:\WINDOWS\SYSTEM32\SspiCli.dll
0x00007ffbde380000 - 0x00007ffbde3a6000 	C:\WINDOWS\SYSTEM32\srvcli.dll
0x00007ffbc19a0000 - 0x00007ffbc1b2c000 	C:\WINDOWS\SYSTEM32\dbghelp.dll

VM Arguments:
jvm_args: -Dfile.encoding=UTF-8 
java_command: tam.TAManagerApp
java_class_path (initial): C:\Users\zhaotingyi\Desktop\HW1_Solution\PropertiesManager\build\classes;C:\Users\zhaotingyi\Desktop\HW1_Solution\DesktopJavaFramework\build\classes;C:\Users\zhaotingyi\Desktop\HW1_Solution\javax.json-1.0.4.jar;C:\Users\zhaotingyi\Desktop\HW1_Solution\TAManager_Solution\build\classes
Launcher Type: SUN_STANDARD

Environment Variables:
JAVA_HOME=C:\Program Files (x86)\Java\jdk1.8.0_40
CLASSPATH=.;C:\Program Files (x86)\Java\jdk1.8.0_40\lib
PATH=C:\Program Files\Common Files\Siemens\Automation\Simatic OAM\bin;\C:\Program Files (x86)\Java\jdk1.8.0_40\bin;C:\ProgramData\Oracle\Java\javapath;C:\Program Files (x86)\NVIDIA Corporation\PhysX\Common;C:\Windows\system32;C:\Windows;C:\Windows\System32\Wbem;C:\Windows\System32\WindowsPowerShell\v1.0\;C:\Program Files (x86)\Java\jdk1.8.0_05\bin;C:\Program Files (x86)\Java\jdk1.8.0_05\jre\bin;C:\Program Files (x86)\PharosSystems\Core;C:\WINDOWS\system32;C:\WINDOWS;C:\WINDOWS\System32\Wbem;C:\WINDOWS\System32\WindowsPowerShell\v1.0\;C:\Program Files (x86)\Skype\Phone\;C:\Program Files\nodejs\;C:\CTEX\UserData\miktex\bin;C:\CTEX\MiKTeX\miktex\bin;C:\CTEX\CTeX\ctex\bin;C:\CTEX\CTeX\cct\bin;C:\CTEX\CTeX\ty\bin;C:\CTEX\Ghostscript\gs9.05\bin;C:\CTEX\GSview\gsview;C:\CTEX\WinEdt;\C:\Program Files (x86)\Java\jdk1.8.0_40\bin;C:\ProgramData\Oracle\Java\javapath;C:\Program Files (x86)\NVIDIA Corporation\PhysX\Common;C:\Windows\system32;C:\Windows;C:\Windows\System32\Wbem;C:\Windows\System32\WindowsPowerShell\v1.0\;C:\Program Files (x86)\Java\jdk1.8.0_05\bin;C:\Program Files (x86)\Java\jdk1.8.0_05\jre\bin;C:\Program Files (x86)\PharosSystems\Core;C:\WINDOWS\system32;C:\WINDOWS;C:\WINDOWS\System32\Wbem;C:\WINDOWS\System32\WindowsPowerShell\v1.0\;C:\Program Files (x86)\IDM Computer Solutions\UltraEdit\;C:\Users\zhaotingyi\AppData\Roaming\npm
USERNAME=zhaotingyi
OS=Windows_NT
PROCESSOR_IDENTIFIER=Intel64 Family 6 Model 69 Stepping 1, GenuineIntel



---------------  S Y S T E M  ---------------

OS: Windows 10.0 , 64 bit Build 10586 (10.0.10586.589)

CPU:total 4 (2 cores per cpu, 2 threads per core) family 6 model 69 stepping 1, cmov, cx8, fxsr, mmx, sse, sse2, sse3, ssse3, sse4.1, sse4.2, popcnt, avx, avx2, aes, clmul, erms, lzcnt, ht, tsc, tscinvbit, bmi1, bmi2

Memory: 4k page, physical 8295104k(3211316k free), swap 16683712k(4096k free)

vm_info: Java HotSpot(TM) 64-Bit Server VM (25.45-b02) for windows-amd64 JRE (1.8.0_45-b15), built on Apr 30 2015 12:40:44 by "java_re" with MS VC++ 10.0 (VS2010)

time: Sun Mar 12 07:29:36 2017
elapsed time: 8 seconds (0d 0h 0m 8s)

